<Event xmlns="http://schemas.microsoft.com/win/2004/08/events/event"><System><Provider Name="Microsoft-Windows-PrintService" Guid="{747ef6fd-e535-4d16-b510-42c90f6873a1}"></Provider>
<EventID Qualifiers="">307</EventID>
<Version>0</Version>
<Level>4</Level>
<Task>26</Task>
<Opcode>11</Opcode>
<Keywords>0x4000000000000840</Keywords>
<TimeCreated SystemTime="2019-04-30 15:58:00.876007"></TimeCreated>
<EventRecordID>1489</EventRecordID>
<Correlation ActivityID="" RelatedActivityID=""></Correlation>
<Execution ProcessID="1180" ThreadID="4876"></Execution>
<Channel>Microsoft-Windows-PrintService/Operational</Channel>
<Computer>psusrvkr.siaint.ru</Computer>
<Security UserID="S-1-5-21-1881554536-3269615630-2240278496-29117"></Security>
</System>
<UserData><DocumentPrinted xmlns:auto-ns3="http://schemas.microsoft.com/win/2004/08/events" xmlns="http://manifests.microsoft.com/win/2005/08/windows/printing/spooler/core/events"><Param1>90</Param1>
<Param2>FastReport: &#1053;&#1072;&#1082;&#1083;&#1072;&#1076;&#1085;&#1072;&#1103; &#1057;&#1042;&#1054;&#1044;&#1053;&#1040;&#1071; (&#1087;&#1086;&#1089;&#1077;&#1088;&#1080;&#1081;&#1085;&#1086;) (&#1087;&#1072;&#1082;) &#1053;&#1086;&#1074;&#1072;&#1103;</Param2>
<Param3>martynenko.av</Param3>
<Param4>ST186SB</Param4>
<Param5>Office_mb5</Param5>
<Param6>IP_192.168.152.52</Param6>
<Param7>180144</Param7>
<Param8>2</Param8>
</DocumentPrinted>
</UserData>
</Event>
<Event xmlns="http://schemas.microsoft.com/win/2004/08/events/event"><System><Provider Name="Microsoft-Windows-PrintService" Guid="{747ef6fd-e535-4d16-b510-42c90f6873a1}"></Provider>
<EventID Qualifiers="">307</EventID>
<Version>0</Version>
<Level>4</Level>
<Task>26</Task>
<Opcode>11</Opcode>
<Keywords>0x4000000000000840</Keywords>
<TimeCreated SystemTime="2019-04-30 15:58:03.813564"></TimeCreated>
<EventRecordID>1494</EventRecordID>
<Correlation ActivityID="" RelatedActivityID=""></Correlation>
<Execution ProcessID="1180" ThreadID="2548"></Execution>
<Channel>Microsoft-Windows-PrintService/Operational</Channel>
<Computer>psusrvkr.siaint.ru</Computer>
<Security UserID="S-1-5-21-1881554536-3269615630-2240278496-10914"></Security>
</System>
<UserData><DocumentPrinted xmlns:auto-ns3="http://schemas.microsoft.com/win/2004/08/events" xmlns="http://manifests.microsoft.com/win/2005/08/windows/printing/spooler/core/events"><Param1>91</Param1>
<Param2>&#1055;&#1088;&#1086;&#1090;&#1086;&#1082;&#1086;&#1083;.xls</Param2>
<Param3>malafeeva_mm</Param3>
<Param4>KRMPZX634</Param4>
<Param5>Office_mb2</Param5>
<Param6>IP_192.168.152.52</Param6>
<Param7>336960</Param7>
<Param8>1</Param8>
</DocumentPrinted>
</UserData>
</Event>
<Event xmlns="http://schemas.microsoft.com/win/2004/08/events/event"><System><Provider Name="Microsoft-Windows-PrintService" Guid="{747ef6fd-e535-4d16-b510-42c90f6873a1}"></Provider>
<EventID Qualifiers="">307</EventID>
<Version>0</Version>
<Level>4</Level>
<Task>26</Task>
<Opcode>11</Opcode>
<Keywords>0x4000000000000840</Keywords>
<TimeCreated SystemTime="2019-04-30 15:59:10.955479"></TimeCreated>
<EventRecordID>1499</EventRecordID>
<Correlation ActivityID="" RelatedActivityID=""></Correlation>
<Execution ProcessID="1180" ThreadID="2516"></Execution>
<Channel>Microsoft-Windows-PrintService/Operational</Channel>
<Computer>psusrvkr.siaint.ru</Computer>
<Security UserID="S-1-5-21-1881554536-3269615630-2240278496-10914"></Security>
</System>
<UserData><DocumentPrinted xmlns:auto-ns3="http://schemas.microsoft.com/win/2004/08/events" xmlns="http://manifests.microsoft.com/win/2005/08/windows/printing/spooler/core/events"><Param1>92</Param1>
<Param2>&#1056;&#1059; &#1050;&#1080;&#1090;&#1088;&#1091;&#1076;&#1072;.pdf</Param2>
<Param3>malafeeva_mm</Param3>
<Param4>KRMPZX634</Param4>
<Param5>Office_mb2</Param5>
<Param6>IP_192.168.152.52</Param6>
<Param7>4086664</Param7>
<Param8>2</Param8>
</DocumentPrinted>
</UserData>
</Event>
<Event xmlns="http://schemas.microsoft.com/win/2004/08/events/event"><System><Provider Name="Microsoft-Windows-PrintService" Guid="{747ef6fd-e535-4d16-b510-42c90f6873a1}"></Provider>
<EventID Qualifiers="">307</EventID>
<Version>0</Version>
<Level>4</Level>
<Task>26</Task>
<Opcode>11</Opcode>
<Keywords>0x4000000000000840</Keywords>
<TimeCreated SystemTime="2019-04-30 15:59:20.283781"></TimeCreated>
<EventRecordID>1504</EventRecordID>
<Correlation ActivityID="" RelatedActivityID=""></Correlation>
<Execution ProcessID="1180" ThreadID="3104"></Execution>
<Channel>Microsoft-Windows-PrintService/Operational</Channel>
<Computer>psusrvkr.siaint.ru</Computer>
<Security UserID="S-1-5-21-1881554536-3269615630-2240278496-10914"></Security>
</System>
<UserData><DocumentPrinted xmlns:auto-ns3="http://schemas.microsoft.com/win/2004/08/events" xmlns="http://manifests.microsoft.com/win/2005/08/windows/printing/spooler/core/events"><Param1>93</Param1>
<Param2>&#1057;&#1095;&#1077;&#1090; &#1092;&#1072;&#1082;&#1090;&#1091;&#1088;&#1072;.xls</Param2>
<Param3>malafeeva_mm</Param3>
<Param4>KRMPZX634</Param4>
<Param5>Office_mb2</Param5>
<Param6>IP_192.168.152.52</Param6>
<Param7>795432</Param7>
<Param8>1</Param8>
</DocumentPrinted>
</UserData>
</Event>
<Event xmlns="http://schemas.microsoft.com/win/2004/08/events/event"><System><Provider Name="Microsoft-Windows-PrintService" Guid="{747ef6fd-e535-4d16-b510-42c90f6873a1}"></Provider>
<EventID Qualifiers="">307</EventID>
<Version>0</Version>
<Level>4</Level>
<Task>26</Task>
<Opcode>11</Opcode>
<Keywords>0x4000000000000840</Keywords>
<TimeCreated SystemTime="2019-04-30 15:59:30.940237"></TimeCreated>
<EventRecordID>1509</EventRecordID>
<Correlation ActivityID="" RelatedActivityID=""></Correlation>
<Execution ProcessID="1180" ThreadID="3912"></Execution>
<Channel>Microsoft-Windows-PrintService/Operational</Channel>
<Computer>psusrvkr.siaint.ru</Computer>
<Security UserID="S-1-5-21-1881554536-3269615630-2240278496-10914"></Security>
</System>
<UserData><DocumentPrinted xmlns:auto-ns3="http://schemas.microsoft.com/win/2004/08/events" xmlns="http://manifests.microsoft.com/win/2005/08/windows/printing/spooler/core/events"><Param1>94</Param1>
<Param2>&#1057;&#1095;&#1077;&#1090;.xls</Param2>
<Param3>malafeeva_mm</Param3>
<Param4>KRMPZX634</Param4>
<Param5>Office_mb2</Param5>
<Param6>IP_192.168.152.52</Param6>
<Param7>357056</Param7>
<Param8>1</Param8>
</DocumentPrinted>
</UserData>
</Event>
<Event xmlns="http://schemas.microsoft.com/win/2004/08/events/event"><System><Provider Name="Microsoft-Windows-PrintService" Guid="{747ef6fd-e535-4d16-b510-42c90f6873a1}"></Provider>
<EventID Qualifiers="">307</EventID>
<Version>0</Version>
<Level>4</Level>
<Task>26</Task>
<Opcode>11</Opcode>
<Keywords>0x4000000000000840</Keywords>
<TimeCreated SystemTime="2019-04-30 15:59:41.846697"></TimeCreated>
<EventRecordID>1514</EventRecordID>
<Correlation ActivityID="" RelatedActivityID=""></Correlation>
<Execution ProcessID="1180" ThreadID="4924"></Execution>
<Channel>Microsoft-Windows-PrintService/Operational</Channel>
<Computer>psusrvkr.siaint.ru</Computer>
<Security UserID="S-1-5-21-1881554536-3269615630-2240278496-10914"></Security>
</System>
<UserData><DocumentPrinted xmlns:auto-ns3="http://schemas.microsoft.com/win/2004/08/events" xmlns="http://manifests.microsoft.com/win/2005/08/windows/printing/spooler/core/events"><Param1>95</Param1>
<Param2>&#1058;&#1086;&#1088;&#1075; 12 214 &#1072;&#1091;&#1082;.xls</Param2>
<Param3>malafeeva_mm</Param3>
<Param4>KRMPZX634</Param4>
<Param5>Office_mb2</Param5>
<Param6>IP_192.168.152.52</Param6>
<Param7>651592</Param7>
<Param8>2</Param8>
</DocumentPrinted>
</UserData>
</Event>
<Event xmlns="http://schemas.microsoft.com/win/2004/08/events/event"><System><Provider Name="Microsoft-Windows-PrintService" Guid="{747ef6fd-e535-4d16-b510-42c90f6873a1}"></Provider>
<EventID Qualifiers="">307</EventID>
<Version>0</Version>
<Level>4</Level>
<Task>26</Task>
<Opcode>11</Opcode>
<Keywords>0x4000000000000840</Keywords>
<TimeCreated SystemTime="2019-04-30 16:00:02.159586"></TimeCreated>
<EventRecordID>1519</EventRecordID>
<Correlation ActivityID="" RelatedActivityID=""></Correlation>
<Execution ProcessID="1180" ThreadID="564"></Execution>
<Channel>Microsoft-Windows-PrintService/Operational</Channel>
<Computer>psusrvkr.siaint.ru</Computer>
<Security UserID="S-1-5-21-1881554536-3269615630-2240278496-10914"></Security>
</System>
<UserData><DocumentPrinted xmlns:auto-ns3="http://schemas.microsoft.com/win/2004/08/events" xmlns="http://manifests.microsoft.com/win/2005/08/windows/printing/spooler/core/events"><Param1>96</Param1>
<Param2>Microsoft Word - &#1040;&#1082;&#1090; &#1087;&#1088;&#1080;&#1077;&#1084;&#1072; &#1087;&#1077;&#1088;&#1077;&#1076;&#1072;&#1095;&#1080; 215 &#1072;&#1091;&#1082;</Param2>
<Param3>malafeeva_mm</Param3>
<Param4>KRMPZX634</Param4>
<Param5>Office_mb2</Param5>
<Param6>IP_192.168.152.52</Param6>
<Param7>124090</Param7>
<Param8>1</Param8>
</DocumentPrinted>
</UserData>
</Event>
<Event xmlns="http://schemas.microsoft.com/win/2004/08/events/event"><System><Provider Name="Microsoft-Windows-PrintService" Guid="{747ef6fd-e535-4d16-b510-42c90f6873a1}"></Provider>
<EventID Qualifiers="">307</EventID>
<Version>0</Version>
<Level>4</Level>
<Task>26</Task>
<Opcode>11</Opcode>
<Keywords>0x4000000000000840</Keywords>
<TimeCreated SystemTime="2019-04-30 16:00:18.269270"></TimeCreated>
<EventRecordID>1524</EventRecordID>
<Correlation ActivityID="" RelatedActivityID=""></Correlation>
<Execution ProcessID="1180" ThreadID="4876"></Execution>
<Channel>Microsoft-Windows-PrintService/Operational</Channel>
<Computer>psusrvkr.siaint.ru</Computer>
<Security UserID="S-1-5-21-1881554536-3269615630-2240278496-10914"></Security>
</System>
<UserData><DocumentPrinted xmlns:auto-ns3="http://schemas.microsoft.com/win/2004/08/events" xmlns="http://manifests.microsoft.com/win/2005/08/windows/printing/spooler/core/events"><Param1>97</Param1>
<Param2>&#1050;&#1080;&#1090;&#1088;&#1091;&#1076;&#1072; 8302617001.pdf</Param2>
<Param3>malafeeva_mm</Param3>
<Param4>KRMPZX634</Param4>
<Param5>Office_mb2</Param5>
<Param6>IP_192.168.152.52</Param6>
<Param7>4784063</Param7>
<Param8>4</Param8>
</DocumentPrinted>
</UserData>
</Event>
<Event xmlns="http://schemas.microsoft.com/win/2004/08/events/event"><System><Provider Name="Microsoft-Windows-PrintService" Guid="{747ef6fd-e535-4d16-b510-42c90f6873a1}"></Provider>
<EventID Qualifiers="">307</EventID>
<Version>0</Version>
<Level>4</Level>
<Task>26</Task>
<Opcode>11</Opcode>
<Keywords>0x4000000000000840</Keywords>
<TimeCreated SystemTime="2019-04-30 16:00:23.738127"></TimeCreated>
<EventRecordID>1529</EventRecordID>
<Correlation ActivityID="" RelatedActivityID=""></Correlation>
<Execution ProcessID="1180" ThreadID="4308"></Execution>
<Channel>Microsoft-Windows-PrintService/Operational</Channel>
<Computer>psusrvkr.siaint.ru</Computer>
<Security UserID="S-1-5-21-1881554536-3269615630-2240278496-10914"></Security>
</System>
<UserData><DocumentPrinted xmlns:auto-ns3="http://schemas.microsoft.com/win/2004/08/events" xmlns="http://manifests.microsoft.com/win/2005/08/windows/printing/spooler/core/events"><Param1>98</Param1>
<Param2>&#1055;&#1088;&#1080;&#1083;&#1086;&#1078;&#1077;&#1085;&#1080;&#1077;.xls</Param2>
<Param3>malafeeva_mm</Param3>
<Param4>KRMPZX634</Param4>
<Param5>Office_mb2</Param5>
<Param6>IP_192.168.152.52</Param6>
<Param7>54656</Param7>
<Param8>1</Param8>
</DocumentPrinted>
</UserData>
</Event>
<Event xmlns="http://schemas.microsoft.com/win/2004/08/events/event"><System><Provider Name="Microsoft-Windows-PrintService" Guid="{747ef6fd-e535-4d16-b510-42c90f6873a1}"></Provider>
<EventID Qualifiers="">307</EventID>
<Version>0</Version>
<Level>4</Level>
<Task>26</Task>
<Opcode>11</Opcode>
<Keywords>0x4000000000000840</Keywords>
<TimeCreated SystemTime="2019-04-30 16:00:35.566479"></TimeCreated>
<EventRecordID>1534</EventRecordID>
<Correlation ActivityID="" RelatedActivityID=""></Correlation>
<Execution ProcessID="1180" ThreadID="3628"></Execution>
<Channel>Microsoft-Windows-PrintService/Operational</Channel>
<Computer>psusrvkr.siaint.ru</Computer>
<Security UserID="S-1-5-21-1881554536-3269615630-2240278496-10914"></Security>
</System>
<UserData><DocumentPrinted xmlns:auto-ns3="http://schemas.microsoft.com/win/2004/08/events" xmlns="http://manifests.microsoft.com/win/2005/08/windows/printing/spooler/core/events"><Param1>99</Param1>
<Param2>&#1055;&#1088;&#1086;&#1090;&#1086;&#1082;&#1086;&#1083;.xls</Param2>
<Param3>malafeeva_mm</Param3>
<Param4>KRMPZX634</Param4>
<Param5>Office_mb2</Param5>
<Param6>IP_192.168.152.52</Param6>
<Param7>336960</Param7>
<Param8>1</Param8>
</DocumentPrinted>
</UserData>
</Event>
<Event xmlns="http://schemas.microsoft.com/win/2004/08/events/event"><System><Provider Name="Microsoft-Windows-PrintService" Guid="{747ef6fd-e535-4d16-b510-42c90f6873a1}"></Provider>
<EventID Qualifiers="">307</EventID>
<Version>0</Version>
<Level>4</Level>
<Task>26</Task>
<Opcode>11</Opcode>
<Keywords>0x4000000000000840</Keywords>
<TimeCreated SystemTime="2019-04-30 16:00:47.332329"></TimeCreated>
<EventRecordID>1539</EventRecordID>
<Correlation ActivityID="" RelatedActivityID=""></Correlation>
<Execution ProcessID="1180" ThreadID="2176"></Execution>
<Channel>Microsoft-Windows-PrintService/Operational</Channel>
<Computer>psusrvkr.siaint.ru</Computer>
<Security UserID="S-1-5-21-1881554536-3269615630-2240278496-10914"></Security>
</System>
<UserData><DocumentPrinted xmlns:auto-ns3="http://schemas.microsoft.com/win/2004/08/events" xmlns="http://manifests.microsoft.com/win/2005/08/windows/printing/spooler/core/events"><Param1>100</Param1>
<Param2>&#1056;&#1059; &#1050;&#1080;&#1090;&#1088;&#1091;&#1076;&#1072;.pdf</Param2>
<Param3>malafeeva_mm</Param3>
<Param4>KRMPZX634</Param4>
<Param5>Office_mb2</Param5>
<Param6>IP_192.168.152.52</Param6>
<Param7>4086664</Param7>
<Param8>2</Param8>
</DocumentPrinted>
</UserData>
</Event>
<Event xmlns="http://schemas.microsoft.com/win/2004/08/events/event"><System><Provider Name="Microsoft-Windows-PrintService" Guid="{747ef6fd-e535-4d16-b510-42c90f6873a1}"></Provider>
<EventID Qualifiers="">307</EventID>
<Version>0</Version>
<Level>4</Level>
<Task>26</Task>
<Opcode>11</Opcode>
<Keywords>0x4000000000000840</Keywords>
<TimeCreated SystemTime="2019-04-30 16:00:55.551237"></TimeCreated>
<EventRecordID>1544</EventRecordID>
<Correlation ActivityID="" RelatedActivityID=""></Correlation>
<Execution ProcessID="1180" ThreadID="1884"></Execution>
<Channel>Microsoft-Windows-PrintService/Operational</Channel>
<Computer>psusrvkr.siaint.ru</Computer>
<Security UserID="S-1-5-21-1881554536-3269615630-2240278496-10914"></Security>
</System>
<UserData><DocumentPrinted xmlns:auto-ns3="http://schemas.microsoft.com/win/2004/08/events" xmlns="http://manifests.microsoft.com/win/2005/08/windows/printing/spooler/core/events"><Param1>101</Param1>
<Param2>&#1057;&#1095;&#1077;&#1090; &#1092;&#1072;&#1082;&#1090;&#1091;&#1088;&#1072;.xls</Param2>
<Param3>malafeeva_mm</Param3>
<Param4>KRMPZX634</Param4>
<Param5>Office_mb2</Param5>
<Param6>IP_192.168.152.52</Param6>
<Param7>795432</Param7>
<Param8>1</Param8>
</DocumentPrinted>
</UserData>
</Event>
<Event xmlns="http://schemas.microsoft.com/win/2004/08/events/event"><System><Provider Name="Microsoft-Windows-PrintService" Guid="{747ef6fd-e535-4d16-b510-42c90f6873a1}"></Provider>
<EventID Qualifiers="">307</EventID>
<Version>0</Version>
<Level>4</Level>
<Task>26</Task>
<Opcode>11</Opcode>
<Keywords>0x4000000000000840</Keywords>
<TimeCreated SystemTime="2019-04-30 16:01:05.348301"></TimeCreated>
<EventRecordID>1549</EventRecordID>
<Correlation ActivityID="" RelatedActivityID=""></Correlation>
<Execution ProcessID="1180" ThreadID="828"></Execution>
<Channel>Microsoft-Windows-PrintService/Operational</Channel>
<Computer>psusrvkr.siaint.ru</Computer>
<Security UserID="S-1-5-21-1881554536-3269615630-2240278496-10914"></Security>
</System>
<UserData><DocumentPrinted xmlns:auto-ns3="http://schemas.microsoft.com/win/2004/08/events" xmlns="http://manifests.microsoft.com/win/2005/08/windows/printing/spooler/core/events"><Param1>102</Param1>
<Param2>&#1057;&#1095;&#1077;&#1090;.xls</Param2>
<Param3>malafeeva_mm</Param3>
<Param4>KRMPZX634</Param4>
<Param5>Office_mb2</Param5>
<Param6>IP_192.168.152.52</Param6>
<Param7>357056</Param7>
<Param8>1</Param8>
</DocumentPrinted>
</UserData>
</Event>
<Event xmlns="http://schemas.microsoft.com/win/2004/08/events/event"><System><Provider Name="Microsoft-Windows-PrintService" Guid="{747ef6fd-e535-4d16-b510-42c90f6873a1}"></Provider>
<EventID Qualifiers="">307</EventID>
<Version>0</Version>
<Level>4</Level>
<Task>26</Task>
<Opcode>11</Opcode>
<Keywords>0x4000000000000840</Keywords>
<TimeCreated SystemTime="2019-04-30 16:01:16.051630"></TimeCreated>
<EventRecordID>1554</EventRecordID>
<Correlation ActivityID="" RelatedActivityID=""></Correlation>
<Execution ProcessID="1180" ThreadID="1632"></Execution>
<Channel>Microsoft-Windows-PrintService/Operational</Channel>
<Computer>psusrvkr.siaint.ru</Computer>
<Security UserID="S-1-5-21-1881554536-3269615630-2240278496-10914"></Security>
</System>
<UserData><DocumentPrinted xmlns:auto-ns3="http://schemas.microsoft.com/win/2004/08/events" xmlns="http://manifests.microsoft.com/win/2005/08/windows/printing/spooler/core/events"><Param1>103</Param1>
<Param2>&#1058;&#1086;&#1088;&#1075; 12 215 &#1072;&#1091;&#1082;.xls</Param2>
<Param3>malafeeva_mm</Param3>
<Param4>KRMPZX634</Param4>
<Param5>Office_mb2</Param5>
<Param6>IP_192.168.152.52</Param6>
<Param7>651592</Param7>
<Param8>2</Param8>
</DocumentPrinted>
</UserData>
</Event>
<Event xmlns="http://schemas.microsoft.com/win/2004/08/events/event"><System><Provider Name="Microsoft-Windows-PrintService" Guid="{747ef6fd-e535-4d16-b510-42c90f6873a1}"></Provider>
<EventID Qualifiers="">307</EventID>
<Version>0</Version>
<Level>4</Level>
<Task>26</Task>
<Opcode>11</Opcode>
<Keywords>0x4000000000000840</Keywords>
<TimeCreated SystemTime="2019-04-30 16:01:34.614487"></TimeCreated>
<EventRecordID>1559</EventRecordID>
<Correlation ActivityID="" RelatedActivityID=""></Correlation>
<Execution ProcessID="1180" ThreadID="4400"></Execution>
<Channel>Microsoft-Windows-PrintService/Operational</Channel>
<Computer>psusrvkr.siaint.ru</Computer>
<Security UserID="S-1-5-21-1881554536-3269615630-2240278496-10914"></Security>
</System>
<UserData><DocumentPrinted xmlns:auto-ns3="http://schemas.microsoft.com/win/2004/08/events" xmlns="http://manifests.microsoft.com/win/2005/08/windows/printing/spooler/core/events"><Param1>104</Param1>
<Param2>Microsoft Word - &#1040;&#1082;&#1090; &#1087;&#1088;&#1080;&#1077;&#1084;&#1072; &#1087;&#1077;&#1088;&#1077;&#1076;&#1072;&#1095;&#1080; 216 &#1072;&#1091;&#1082;</Param2>
<Param3>malafeeva_mm</Param3>
<Param4>KRMPZX634</Param4>
<Param5>Office_mb2</Param5>
<Param6>IP_192.168.152.52</Param6>
<Param7>124050</Param7>
<Param8>1</Param8>
</DocumentPrinted>
</UserData>
</Event>
<Event xmlns="http://schemas.microsoft.com/win/2004/08/events/event"><System><Provider Name="Microsoft-Windows-PrintService" Guid="{747ef6fd-e535-4d16-b510-42c90f6873a1}"></Provider>
<EventID Qualifiers="">307</EventID>
<Version>0</Version>
<Level>4</Level>
<Task>26</Task>
<Opcode>11</Opcode>
<Keywords>0x4000000000000840</Keywords>
<TimeCreated SystemTime="2019-04-30 16:01:50.380413"></TimeCreated>
<EventRecordID>1564</EventRecordID>
<Correlation ActivityID="" RelatedActivityID=""></Correlation>
<Execution ProcessID="1180" ThreadID="564"></Execution>
<Channel>Microsoft-Windows-PrintService/Operational</Channel>
<Computer>psusrvkr.siaint.ru</Computer>
<Security UserID="S-1-5-21-1881554536-3269615630-2240278496-10914"></Security>
</System>
<UserData><DocumentPrinted xmlns:auto-ns3="http://schemas.microsoft.com/win/2004/08/events" xmlns="http://manifests.microsoft.com/win/2005/08/windows/printing/spooler/core/events"><Param1>105</Param1>
<Param2>&#1050;&#1080;&#1090;&#1088;&#1091;&#1076;&#1072; 8302617001.pdf</Param2>
<Param3>malafeeva_mm</Param3>
<Param4>KRMPZX634</Param4>
<Param5>Office_mb2</Param5>
<Param6>IP_192.168.152.52</Param6>
<Param7>4784063</Param7>
<Param8>4</Param8>
</DocumentPrinted>
</UserData>
</Event>
<Event xmlns="http://schemas.microsoft.com/win/2004/08/events/event"><System><Provider Name="Microsoft-Windows-PrintService" Guid="{747ef6fd-e535-4d16-b510-42c90f6873a1}"></Provider>
<EventID Qualifiers="">307</EventID>
<Version>0</Version>
<Level>4</Level>
<Task>26</Task>
<Opcode>11</Opcode>
<Keywords>0x4000000000000840</Keywords>
<TimeCreated SystemTime="2019-04-30 16:01:55.052378"></TimeCreated>
<EventRecordID>1569</EventRecordID>
<Correlation ActivityID="" RelatedActivityID=""></Correlation>
<Execution ProcessID="1180" ThreadID="3588"></Execution>
<Channel>Microsoft-Windows-PrintService/Operational</Channel>
<Computer>psusrvkr.siaint.ru</Computer>
<Security UserID="S-1-5-21-1881554536-3269615630-2240278496-10914"></Security>
</System>
<UserData><DocumentPrinted xmlns:auto-ns3="http://schemas.microsoft.com/win/2004/08/events" xmlns="http://manifests.microsoft.com/win/2005/08/windows/printing/spooler/core/events"><Param1>106</Param1>
<Param2>&#1055;&#1088;&#1080;&#1083;&#1086;&#1078;&#1077;&#1085;&#1080;&#1077;.xls</Param2>
<Param3>malafeeva_mm</Param3>
<Param4>KRMPZX634</Param4>
<Param5>Office_mb2</Param5>
<Param6>IP_192.168.152.52</Param6>
<Param7>54656</Param7>
<Param8>1</Param8>
</DocumentPrinted>
</UserData>
</Event>
<Event xmlns="http://schemas.microsoft.com/win/2004/08/events/event"><System><Provider Name="Microsoft-Windows-PrintService" Guid="{747ef6fd-e535-4d16-b510-42c90f6873a1}"></Provider>
<EventID Qualifiers="">307</EventID>
<Version>0</Version>
<Level>4</Level>
<Task>26</Task>
<Opcode>11</Opcode>
<Keywords>0x4000000000000840</Keywords>
<TimeCreated SystemTime="2019-04-30 16:02:05.411953"></TimeCreated>
<EventRecordID>1574</EventRecordID>
<Correlation ActivityID="" RelatedActivityID=""></Correlation>
<Execution ProcessID="1180" ThreadID="4276"></Execution>
<Channel>Microsoft-Windows-PrintService/Operational</Channel>
<Computer>psusrvkr.siaint.ru</Computer>
<Security UserID="S-1-5-21-1881554536-3269615630-2240278496-10914"></Security>
</System>
<UserData><DocumentPrinted xmlns:auto-ns3="http://schemas.microsoft.com/win/2004/08/events" xmlns="http://manifests.microsoft.com/win/2005/08/windows/printing/spooler/core/events"><Param1>107</Param1>
<Param2>&#1055;&#1088;&#1086;&#1090;&#1086;&#1082;&#1086;&#1083;.xls</Param2>
<Param3>malafeeva_mm</Param3>
<Param4>KRMPZX634</Param4>
<Param5>Office_mb2</Param5>
<Param6>IP_192.168.152.52</Param6>
<Param7>336960</Param7>
<Param8>1</Param8>
</DocumentPrinted>
</UserData>
</Event>
<Event xmlns="http://schemas.microsoft.com/win/2004/08/events/event"><System><Provider Name="Microsoft-Windows-PrintService" Guid="{747ef6fd-e535-4d16-b510-42c90f6873a1}"></Provider>
<EventID Qualifiers="">307</EventID>
<Version>0</Version>
<Level>4</Level>
<Task>26</Task>
<Opcode>11</Opcode>
<Keywords>0x4000000000000840</Keywords>
<TimeCreated SystemTime="2019-04-30 16:02:18.427828"></TimeCreated>
<EventRecordID>1579</EventRecordID>
<Correlation ActivityID="" RelatedActivityID=""></Correlation>
<Execution ProcessID="1180" ThreadID="5076"></Execution>
<Channel>Microsoft-Windows-PrintService/Operational</Channel>
<Computer>psusrvkr.siaint.ru</Computer>
<Security UserID="S-1-5-21-1881554536-3269615630-2240278496-10914"></Security>
</System>
<UserData><DocumentPrinted xmlns:auto-ns3="http://schemas.microsoft.com/win/2004/08/events" xmlns="http://manifests.microsoft.com/win/2005/08/windows/printing/spooler/core/events"><Param1>108</Param1>
<Param2>&#1056;&#1059; &#1050;&#1080;&#1090;&#1088;&#1091;&#1076;&#1072;.pdf</Param2>
<Param3>malafeeva_mm</Param3>
<Param4>KRMPZX634</Param4>
<Param5>Office_mb2</Param5>
<Param6>IP_192.168.152.52</Param6>
<Param7>4086664</Param7>
<Param8>2</Param8>
</DocumentPrinted>
</UserData>
</Event>
<Event xmlns="http://schemas.microsoft.com/win/2004/08/events/event"><System><Provider Name="Microsoft-Windows-PrintService" Guid="{747ef6fd-e535-4d16-b510-42c90f6873a1}"></Provider>
<EventID Qualifiers="">307</EventID>
<Version>0</Version>
<Level>4</Level>
<Task>26</Task>
<Opcode>11</Opcode>
<Keywords>0x4000000000000840</Keywords>
<TimeCreated SystemTime="2019-04-30 16:02:28.193640"></TimeCreated>
<EventRecordID>1584</EventRecordID>
<Correlation ActivityID="" RelatedActivityID=""></Correlation>
<Execution ProcessID="1180" ThreadID="384"></Execution>
<Channel>Microsoft-Windows-PrintService/Operational</Channel>
<Computer>psusrvkr.siaint.ru</Computer>
<Security UserID="S-1-5-21-1881554536-3269615630-2240278496-10914"></Security>
</System>
<UserData><DocumentPrinted xmlns:auto-ns3="http://schemas.microsoft.com/win/2004/08/events" xmlns="http://manifests.microsoft.com/win/2005/08/windows/printing/spooler/core/events"><Param1>109</Param1>
<Param2>&#1057;&#1095;&#1077;&#1090; &#1092;&#1072;&#1082;&#1090;&#1091;&#1088;&#1072;.xls</Param2>
<Param3>malafeeva_mm</Param3>
<Param4>KRMPZX634</Param4>
<Param5>Office_mb2</Param5>
<Param6>IP_192.168.152.52</Param6>
<Param7>795432</Param7>
<Param8>1</Param8>
</DocumentPrinted>
</UserData>
</Event>
<Event xmlns="http://schemas.microsoft.com/win/2004/08/events/event"><System><Provider Name="Microsoft-Windows-PrintService" Guid="{747ef6fd-e535-4d16-b510-42c90f6873a1}"></Provider>
<EventID Qualifiers="">307</EventID>
<Version>0</Version>
<Level>4</Level>
<Task>26</Task>
<Opcode>11</Opcode>
<Keywords>0x4000000000000840</Keywords>
<TimeCreated SystemTime="2019-04-30 16:02:38.803219"></TimeCreated>
<EventRecordID>1589</EventRecordID>
<Correlation ActivityID="" RelatedActivityID=""></Correlation>
<Execution ProcessID="1180" ThreadID="3232"></Execution>
<Channel>Microsoft-Windows-PrintService/Operational</Channel>
<Computer>psusrvkr.siaint.ru</Computer>
<Security UserID="S-1-5-21-1881554536-3269615630-2240278496-10914"></Security>
</System>
<UserData><DocumentPrinted xmlns:auto-ns3="http://schemas.microsoft.com/win/2004/08/events" xmlns="http://manifests.microsoft.com/win/2005/08/windows/printing/spooler/core/events"><Param1>110</Param1>
<Param2>&#1057;&#1095;&#1077;&#1090;.xls</Param2>
<Param3>malafeeva_mm</Param3>
<Param4>KRMPZX634</Param4>
<Param5>Office_mb2</Param5>
<Param6>IP_192.168.152.52</Param6>
<Param7>357056</Param7>
<Param8>1</Param8>
</DocumentPrinted>
</UserData>
</Event>
<Event xmlns="http://schemas.microsoft.com/win/2004/08/events/event"><System><Provider Name="Microsoft-Windows-PrintService" Guid="{747ef6fd-e535-4d16-b510-42c90f6873a1}"></Provider>
<EventID Qualifiers="">307</EventID>
<Version>0</Version>
<Level>4</Level>
<Task>26</Task>
<Opcode>11</Opcode>
<Keywords>0x4000000000000840</Keywords>
<TimeCreated SystemTime="2019-04-30 16:02:49.162792"></TimeCreated>
<EventRecordID>1594</EventRecordID>
<Correlation ActivityID="" RelatedActivityID=""></Correlation>
<Execution ProcessID="1180" ThreadID="4896"></Execution>
<Channel>Microsoft-Windows-PrintService/Operational</Channel>
<Computer>psusrvkr.siaint.ru</Computer>
<Security UserID="S-1-5-21-1881554536-3269615630-2240278496-10914"></Security>
</System>
<UserData><DocumentPrinted xmlns:auto-ns3="http://schemas.microsoft.com/win/2004/08/events" xmlns="http://manifests.microsoft.com/win/2005/08/windows/printing/spooler/core/events"><Param1>111</Param1>
<Param2>&#1058;&#1086;&#1088;&#1075; 12 216 &#1072;&#1091;&#1082;.xls</Param2>
<Param3>malafeeva_mm</Param3>
<Param4>KRMPZX634</Param4>
<Param5>Office_mb2</Param5>
<Param6>IP_192.168.152.52</Param6>
<Param7>764092</Param7>
<Param8>1</Param8>
</DocumentPrinted>
</UserData>
</Event>
<Event xmlns="http://schemas.microsoft.com/win/2004/08/events/event"><System><Provider Name="Microsoft-Windows-PrintService" Guid="{747ef6fd-e535-4d16-b510-42c90f6873a1}"></Provider>
<EventID Qualifiers="">307</EventID>
<Version>0</Version>
<Level>4</Level>
<Task>26</Task>
<Opcode>11</Opcode>
<Keywords>0x4000000000000840</Keywords>
<TimeCreated SystemTime="2019-04-30 16:03:15.991432"></TimeCreated>
<EventRecordID>1599</EventRecordID>
<Correlation ActivityID="" RelatedActivityID=""></Correlation>
<Execution ProcessID="1180" ThreadID="2824"></Execution>
<Channel>Microsoft-Windows-PrintService/Operational</Channel>
<Computer>psusrvkr.siaint.ru</Computer>
<Security UserID="S-1-5-21-1881554536-3269615630-2240278496-10914"></Security>
</System>
<UserData><DocumentPrinted xmlns:auto-ns3="http://schemas.microsoft.com/win/2004/08/events" xmlns="http://manifests.microsoft.com/win/2005/08/windows/printing/spooler/core/events"><Param1>112</Param1>
<Param2>Microsoft Word - &#1040;&#1082;&#1090; &#1087;&#1088;&#1080;&#1077;&#1084;&#1072; &#1087;&#1077;&#1088;&#1077;&#1076;&#1072;&#1095;&#1080; 204 &#1072;&#1091;&#1082;</Param2>
<Param3>malafeeva_mm</Param3>
<Param4>KRMPZX634</Param4>
<Param5>Office_mb2</Param5>
<Param6>IP_192.168.152.52</Param6>
<Param7>123990</Param7>
<Param8>1</Param8>
</DocumentPrinted>
</UserData>
</Event>
<Event xmlns="http://schemas.microsoft.com/win/2004/08/events/event"><System><Provider Name="Microsoft-Windows-PrintService" Guid="{747ef6fd-e535-4d16-b510-42c90f6873a1}"></Provider>
<EventID Qualifiers="">307</EventID>
<Version>0</Version>
<Level>4</Level>
<Task>26</Task>
<Opcode>11</Opcode>
<Keywords>0x4000000000000840</Keywords>
<TimeCreated SystemTime="2019-04-30 16:03:31.726110"></TimeCreated>
<EventRecordID>1604</EventRecordID>
<Correlation ActivityID="" RelatedActivityID=""></Correlation>
<Execution ProcessID="1180" ThreadID="4956"></Execution>
<Channel>Microsoft-Windows-PrintService/Operational</Channel>
<Computer>psusrvkr.siaint.ru</Computer>
<Security UserID="S-1-5-21-1881554536-3269615630-2240278496-10914"></Security>
</System>
<UserData><DocumentPrinted xmlns:auto-ns3="http://schemas.microsoft.com/win/2004/08/events" xmlns="http://manifests.microsoft.com/win/2005/08/windows/printing/spooler/core/events"><Param1>113</Param1>
<Param2>&#1050;&#1080;&#1090;&#1088;&#1091;&#1076;&#1072; 8302617001.pdf</Param2>
<Param3>malafeeva_mm</Param3>
<Param4>KRMPZX634</Param4>
<Param5>Office_mb2</Param5>
<Param6>IP_192.168.152.52</Param6>
<Param7>4784063</Param7>
<Param8>4</Param8>
</DocumentPrinted>
</UserData>
</Event>
<Event xmlns="http://schemas.microsoft.com/win/2004/08/events/event"><System><Provider Name="Microsoft-Windows-PrintService" Guid="{747ef6fd-e535-4d16-b510-42c90f6873a1}"></Provider>
<EventID Qualifiers="">307</EventID>
<Version>0</Version>
<Level>4</Level>
<Task>26</Task>
<Opcode>11</Opcode>
<Keywords>0x4000000000000840</Keywords>
<TimeCreated SystemTime="2019-04-30 16:03:37.241840"></TimeCreated>
<EventRecordID>1609</EventRecordID>
<Correlation ActivityID="" RelatedActivityID=""></Correlation>
<Execution ProcessID="1180" ThreadID="4380"></Execution>
<Channel>Microsoft-Windows-PrintService/Operational</Channel>
<Computer>psusrvkr.siaint.ru</Computer>
<Security UserID="S-1-5-21-1881554536-3269615630-2240278496-10914"></Security>
</System>
<UserData><DocumentPrinted xmlns:auto-ns3="http://schemas.microsoft.com/win/2004/08/events" xmlns="http://manifests.microsoft.com/win/2005/08/windows/printing/spooler/core/events"><Param1>114</Param1>
<Param2>&#1055;&#1088;&#1080;&#1083;&#1086;&#1078;&#1077;&#1085;&#1080;&#1077;.xls</Param2>
<Param3>malafeeva_mm</Param3>
<Param4>KRMPZX634</Param4>
<Param5>Office_mb2</Param5>
<Param6>IP_192.168.152.52</Param6>
<Param7>68596</Param7>
<Param8>1</Param8>
</DocumentPrinted>
</UserData>
</Event>
<Event xmlns="http://schemas.microsoft.com/win/2004/08/events/event"><System><Provider Name="Microsoft-Windows-PrintService" Guid="{747ef6fd-e535-4d16-b510-42c90f6873a1}"></Provider>
<EventID Qualifiers="">307</EventID>
<Version>0</Version>
<Level>4</Level>
<Task>26</Task>
<Opcode>11</Opcode>
<Keywords>0x4000000000000840</Keywords>
<TimeCreated SystemTime="2019-04-30 16:03:48.507683"></TimeCreated>
<EventRecordID>1614</EventRecordID>
<Correlation ActivityID="" RelatedActivityID=""></Correlation>
<Execution ProcessID="1180" ThreadID="4696"></Execution>
<Channel>Microsoft-Windows-PrintService/Operational</Channel>
<Computer>psusrvkr.siaint.ru</Computer>
<Security UserID="S-1-5-21-1881554536-3269615630-2240278496-10914"></Security>
</System>
<UserData><DocumentPrinted xmlns:auto-ns3="http://schemas.microsoft.com/win/2004/08/events" xmlns="http://manifests.microsoft.com/win/2005/08/windows/printing/spooler/core/events"><Param1>115</Param1>
<Param2>&#1055;&#1088;&#1086;&#1090;&#1086;&#1082;&#1086;&#1083;.xls</Param2>
<Param3>malafeeva_mm</Param3>
<Param4>KRMPZX634</Param4>
<Param5>Office_mb2</Param5>
<Param6>IP_192.168.152.52</Param6>
<Param7>350840</Param7>
<Param8>1</Param8>
</DocumentPrinted>
</UserData>
</Event>
<Event xmlns="http://schemas.microsoft.com/win/2004/08/events/event"><System><Provider Name="Microsoft-Windows-PrintService" Guid="{747ef6fd-e535-4d16-b510-42c90f6873a1}"></Provider>
<EventID Qualifiers="">307</EventID>
<Version>0</Version>
<Level>4</Level>
<Task>26</Task>
<Opcode>11</Opcode>
<Keywords>0x4000000000000840</Keywords>
<TimeCreated SystemTime="2019-04-30 16:04:02.523575"></TimeCreated>
<EventRecordID>1619</EventRecordID>
<Correlation ActivityID="" RelatedActivityID=""></Correlation>
<Execution ProcessID="1180" ThreadID="3104"></Execution>
<Channel>Microsoft-Windows-PrintService/Operational</Channel>
<Computer>psusrvkr.siaint.ru</Computer>
<Security UserID="S-1-5-21-1881554536-3269615630-2240278496-10914"></Security>
</System>
<UserData><DocumentPrinted xmlns:auto-ns3="http://schemas.microsoft.com/win/2004/08/events" xmlns="http://manifests.microsoft.com/win/2005/08/windows/printing/spooler/core/events"><Param1>116</Param1>
<Param2>&#1056;&#1059; &#1050;&#1080;&#1090;&#1088;&#1091;&#1076;&#1072;.pdf</Param2>
<Param3>malafeeva_mm</Param3>
<Param4>KRMPZX634</Param4>
<Param5>Office_mb2</Param5>
<Param6>IP_192.168.152.52</Param6>
<Param7>4086664</Param7>
<Param8>2</Param8>
</DocumentPrinted>
</UserData>
</Event>
<Event xmlns="http://schemas.microsoft.com/win/2004/08/events/event"><System><Provider Name="Microsoft-Windows-PrintService" Guid="{747ef6fd-e535-4d16-b510-42c90f6873a1}"></Provider>
<EventID Qualifiers="">307</EventID>
<Version>0</Version>
<Level>4</Level>
<Task>26</Task>
<Opcode>11</Opcode>
<Keywords>0x4000000000000840</Keywords>
<TimeCreated SystemTime="2019-04-30 16:04:11.211243"></TimeCreated>
<EventRecordID>1624</EventRecordID>
<Correlation ActivityID="" RelatedActivityID=""></Correlation>
<Execution ProcessID="1180" ThreadID="3244"></Execution>
<Channel>Microsoft-Windows-PrintService/Operational</Channel>
<Computer>psusrvkr.siaint.ru</Computer>
<Security UserID="S-1-5-21-1881554536-3269615630-2240278496-10914"></Security>
</System>
<UserData><DocumentPrinted xmlns:auto-ns3="http://schemas.microsoft.com/win/2004/08/events" xmlns="http://manifests.microsoft.com/win/2005/08/windows/printing/spooler/core/events"><Param1>117</Param1>
<Param2>&#1057;&#1095;&#1077;&#1090; &#1092;&#1072;&#1082;&#1090;&#1091;&#1088;&#1072;.xls</Param2>
<Param3>malafeeva_mm</Param3>
<Param4>KRMPZX634</Param4>
<Param5>Office_mb2</Param5>
<Param6>IP_192.168.152.52</Param6>
<Param7>806396</Param7>
<Param8>1</Param8>
</DocumentPrinted>
</UserData>
</Event>
<Event xmlns="http://schemas.microsoft.com/win/2004/08/events/event"><System><Provider Name="Microsoft-Windows-PrintService" Guid="{747ef6fd-e535-4d16-b510-42c90f6873a1}"></Provider>
<EventID Qualifiers="">307</EventID>
<Version>0</Version>
<Level>4</Level>
<Task>26</Task>
<Opcode>11</Opcode>
<Keywords>0x4000000000000840</Keywords>
<TimeCreated SystemTime="2019-04-30 16:04:21.070807"></TimeCreated>
<EventRecordID>1629</EventRecordID>
<Correlation ActivityID="" RelatedActivityID=""></Correlation>
<Execution ProcessID="1180" ThreadID="2540"></Execution>
<Channel>Microsoft-Windows-PrintService/Operational</Channel>
<Computer>psusrvkr.siaint.ru</Computer>
<Security UserID="S-1-5-21-1881554536-3269615630-2240278496-10914"></Security>
</System>
<UserData><DocumentPrinted xmlns:auto-ns3="http://schemas.microsoft.com/win/2004/08/events" xmlns="http://manifests.microsoft.com/win/2005/08/windows/printing/spooler/core/events"><Param1>118</Param1>
<Param2>&#1057;&#1095;&#1077;&#1090;.xls</Param2>
<Param3>malafeeva_mm</Param3>
<Param4>KRMPZX634</Param4>
<Param5>Office_mb2</Param5>
<Param6>IP_192.168.152.52</Param6>
<Param7>371000</Param7>
<Param8>1</Param8>
</DocumentPrinted>
</UserData>
</Event>
<Event xmlns="http://schemas.microsoft.com/win/2004/08/events/event"><System><Provider Name="Microsoft-Windows-PrintService" Guid="{747ef6fd-e535-4d16-b510-42c90f6873a1}"></Provider>
<EventID Qualifiers="">307</EventID>
<Version>0</Version>
<Level>4</Level>
<Task>26</Task>
<Opcode>11</Opcode>
<Keywords>0x4000000000000840</Keywords>
<TimeCreated SystemTime="2019-04-30 16:04:32.524151"></TimeCreated>
<EventRecordID>1634</EventRecordID>
<Correlation ActivityID="" RelatedActivityID=""></Correlation>
<Execution ProcessID="1180" ThreadID="4364"></Execution>
<Channel>Microsoft-Windows-PrintService/Operational</Channel>
<Computer>psusrvkr.siaint.ru</Computer>
<Security UserID="S-1-5-21-1881554536-3269615630-2240278496-10914"></Security>
</System>
<UserData><DocumentPrinted xmlns:auto-ns3="http://schemas.microsoft.com/win/2004/08/events" xmlns="http://manifests.microsoft.com/win/2005/08/windows/printing/spooler/core/events"><Param1>119</Param1>
<Param2>&#1058;&#1086;&#1088;&#1075; 12 204 &#1072;&#1091;&#1082;..xls</Param2>
<Param3>malafeeva_mm</Param3>
<Param4>KRMPZX634</Param4>
<Param5>Office_mb2</Param5>
<Param6>IP_192.168.152.52</Param6>
<Param7>764508</Param7>
<Param8>1</Param8>
</DocumentPrinted>
</UserData>
</Event>
<Event xmlns="http://schemas.microsoft.com/win/2004/08/events/event"><System><Provider Name="Microsoft-Windows-PrintService" Guid="{747ef6fd-e535-4d16-b510-42c90f6873a1}"></Provider>
<EventID Qualifiers="">307</EventID>
<Version>0</Version>
<Level>4</Level>
<Task>26</Task>
<Opcode>11</Opcode>
<Keywords>0x4000000000000840</Keywords>
<TimeCreated SystemTime="2019-04-30 16:05:15.384350"></TimeCreated>
<EventRecordID>1639</EventRecordID>
<Correlation ActivityID="" RelatedActivityID=""></Correlation>
<Execution ProcessID="1180" ThreadID="4444"></Execution>
<Channel>Microsoft-Windows-PrintService/Operational</Channel>
<Computer>psusrvkr.siaint.ru</Computer>
<Security UserID="S-1-5-21-1881554536-3269615630-2240278496-10914"></Security>
</System>
<UserData><DocumentPrinted xmlns:auto-ns3="http://schemas.microsoft.com/win/2004/08/events" xmlns="http://manifests.microsoft.com/win/2005/08/windows/printing/spooler/core/events"><Param1>120</Param1>
<Param2>Microsoft Word - &#1040;&#1082;&#1090; &#1087;&#1088;&#1080;&#1077;&#1084;&#1072; &#1087;&#1077;&#1088;&#1077;&#1076;&#1072;&#1095;&#1080; 217 &#1072;&#1091;&#1082; 2 &#1089;&#1077;&#1088;&#1080;&#1080;!</Param2>
<Param3>malafeeva_mm</Param3>
<Param4>KRMPZX634</Param4>
<Param5>Office_mb2</Param5>
<Param6>IP_192.168.152.52</Param6>
<Param7>126453</Param7>
<Param8>1</Param8>
</DocumentPrinted>
</UserData>
</Event>
<Event xmlns="http://schemas.microsoft.com/win/2004/08/events/event"><System><Provider Name="Microsoft-Windows-PrintService" Guid="{747ef6fd-e535-4d16-b510-42c90f6873a1}"></Provider>
<EventID Qualifiers="">307</EventID>
<Version>0</Version>
<Level>4</Level>
<Task>26</Task>
<Opcode>11</Opcode>
<Keywords>0x4000000000000840</Keywords>
<TimeCreated SystemTime="2019-04-30 16:05:31.369032"></TimeCreated>
<EventRecordID>1644</EventRecordID>
<Correlation ActivityID="" RelatedActivityID=""></Correlation>
<Execution ProcessID="1180" ThreadID="1476"></Execution>
<Channel>Microsoft-Windows-PrintService/Operational</Channel>
<Computer>psusrvkr.siaint.ru</Computer>
<Security UserID="S-1-5-21-1881554536-3269615630-2240278496-10914"></Security>
</System>
<UserData><DocumentPrinted xmlns:auto-ns3="http://schemas.microsoft.com/win/2004/08/events" xmlns="http://manifests.microsoft.com/win/2005/08/windows/printing/spooler/core/events"><Param1>121</Param1>
<Param2>&#1050;&#1080;&#1090;&#1088;&#1091;&#1076;&#1072; 8302609002.pdf</Param2>
<Param3>malafeeva_mm</Param3>
<Param4>KRMPZX634</Param4>
<Param5>Office_mb2</Param5>
<Param6>IP_192.168.152.52</Param6>
<Param7>5925476</Param7>
<Param8>4</Param8>
</DocumentPrinted>
</UserData>
</Event>
<Event xmlns="http://schemas.microsoft.com/win/2004/08/events/event"><System><Provider Name="Microsoft-Windows-PrintService" Guid="{747ef6fd-e535-4d16-b510-42c90f6873a1}"></Provider>
<EventID Qualifiers="">307</EventID>
<Version>0</Version>
<Level>4</Level>
<Task>26</Task>
<Opcode>11</Opcode>
<Keywords>0x4000000000000840</Keywords>
<TimeCreated SystemTime="2019-04-30 16:05:41.994236"></TimeCreated>
<EventRecordID>1649</EventRecordID>
<Correlation ActivityID="" RelatedActivityID=""></Correlation>
<Execution ProcessID="1180" ThreadID="4524"></Execution>
<Channel>Microsoft-Windows-PrintService/Operational</Channel>
<Computer>psusrvkr.siaint.ru</Computer>
<Security UserID="S-1-5-21-1881554536-3269615630-2240278496-10914"></Security>
</System>
<UserData><DocumentPrinted xmlns:auto-ns3="http://schemas.microsoft.com/win/2004/08/events" xmlns="http://manifests.microsoft.com/win/2005/08/windows/printing/spooler/core/events"><Param1>122</Param1>
<Param2>&#1050;&#1080;&#1090;&#1088;&#1091;&#1076;&#1072; 8302617001.pdf</Param2>
<Param3>malafeeva_mm</Param3>
<Param4>KRMPZX634</Param4>
<Param5>Office_mb2</Param5>
<Param6>IP_192.168.152.52</Param6>
<Param7>4784063</Param7>
<Param8>4</Param8>
</DocumentPrinted>
</UserData>
</Event>
<Event xmlns="http://schemas.microsoft.com/win/2004/08/events/event"><System><Provider Name="Microsoft-Windows-PrintService" Guid="{747ef6fd-e535-4d16-b510-42c90f6873a1}"></Provider>
<EventID Qualifiers="">307</EventID>
<Version>0</Version>
<Level>4</Level>
<Task>26</Task>
<Opcode>11</Opcode>
<Keywords>0x4000000000000840</Keywords>
<TimeCreated SystemTime="2019-04-30 16:05:47.556843"></TimeCreated>
<EventRecordID>1654</EventRecordID>
<Correlation ActivityID="" RelatedActivityID=""></Correlation>
<Execution ProcessID="1180" ThreadID="4404"></Execution>
<Channel>Microsoft-Windows-PrintService/Operational</Channel>
<Computer>psusrvkr.siaint.ru</Computer>
<Security UserID="S-1-5-21-1881554536-3269615630-2240278496-10914"></Security>
</System>
<UserData><DocumentPrinted xmlns:auto-ns3="http://schemas.microsoft.com/win/2004/08/events" xmlns="http://manifests.microsoft.com/win/2005/08/windows/printing/spooler/core/events"><Param1>123</Param1>
<Param2>&#1055;&#1088;&#1080;&#1083;&#1086;&#1078;&#1077;&#1085;&#1080;&#1077;.xls</Param2>
<Param3>malafeeva_mm</Param3>
<Param4>KRMPZX634</Param4>
<Param5>Office_mb2</Param5>
<Param6>IP_192.168.152.52</Param6>
<Param7>72760</Param7>
<Param8>1</Param8>
</DocumentPrinted>
</UserData>
</Event>
<Event xmlns="http://schemas.microsoft.com/win/2004/08/events/event"><System><Provider Name="Microsoft-Windows-PrintService" Guid="{747ef6fd-e535-4d16-b510-42c90f6873a1}"></Provider>
<EventID Qualifiers="">307</EventID>
<Version>0</Version>
<Level>4</Level>
<Task>26</Task>
<Opcode>11</Opcode>
<Keywords>0x4000000000000840</Keywords>
<TimeCreated SystemTime="2019-04-30 16:05:59.463322"></TimeCreated>
<EventRecordID>1659</EventRecordID>
<Correlation ActivityID="" RelatedActivityID=""></Correlation>
<Execution ProcessID="1180" ThreadID="564"></Execution>
<Channel>Microsoft-Windows-PrintService/Operational</Channel>
<Computer>psusrvkr.siaint.ru</Computer>
<Security UserID="S-1-5-21-1881554536-3269615630-2240278496-10914"></Security>
</System>
<UserData><DocumentPrinted xmlns:auto-ns3="http://schemas.microsoft.com/win/2004/08/events" xmlns="http://manifests.microsoft.com/win/2005/08/windows/printing/spooler/core/events"><Param1>124</Param1>
<Param2>&#1055;&#1088;&#1086;&#1090;&#1086;&#1082;&#1086;&#1083;.xls</Param2>
<Param3>malafeeva_mm</Param3>
<Param4>KRMPZX634</Param4>
<Param5>Office_mb2</Param5>
<Param6>IP_192.168.152.52</Param6>
<Param7>375016</Param7>
<Param8>1</Param8>
</DocumentPrinted>
</UserData>
</Event>
<Event xmlns="http://schemas.microsoft.com/win/2004/08/events/event"><System><Provider Name="Microsoft-Windows-PrintService" Guid="{747ef6fd-e535-4d16-b510-42c90f6873a1}"></Provider>
<EventID Qualifiers="">307</EventID>
<Version>0</Version>
<Level>4</Level>
<Task>26</Task>
<Opcode>11</Opcode>
<Keywords>0x4000000000000840</Keywords>
<TimeCreated SystemTime="2019-04-30 16:06:12.338570"></TimeCreated>
<EventRecordID>1664</EventRecordID>
<Correlation ActivityID="" RelatedActivityID=""></Correlation>
<Execution ProcessID="1180" ThreadID="2040"></Execution>
<Channel>Microsoft-Windows-PrintService/Operational</Channel>
<Computer>psusrvkr.siaint.ru</Computer>
<Security UserID="S-1-5-21-1881554536-3269615630-2240278496-10914"></Security>
</System>
<UserData><DocumentPrinted xmlns:auto-ns3="http://schemas.microsoft.com/win/2004/08/events" xmlns="http://manifests.microsoft.com/win/2005/08/windows/printing/spooler/core/events"><Param1>125</Param1>
<Param2>&#1056;&#1059; &#1050;&#1080;&#1090;&#1088;&#1091;&#1076;&#1072;.pdf</Param2>
<Param3>malafeeva_mm</Param3>
<Param4>KRMPZX634</Param4>
<Param5>Office_mb2</Param5>
<Param6>IP_192.168.152.52</Param6>
<Param7>4086664</Param7>
<Param8>2</Param8>
</DocumentPrinted>
</UserData>
</Event>
<Event xmlns="http://schemas.microsoft.com/win/2004/08/events/event"><System><Provider Name="Microsoft-Windows-PrintService" Guid="{747ef6fd-e535-4d16-b510-42c90f6873a1}"></Provider>
<EventID Qualifiers="">307</EventID>
<Version>0</Version>
<Level>4</Level>
<Task>26</Task>
<Opcode>11</Opcode>
<Keywords>0x4000000000000840</Keywords>
<TimeCreated SystemTime="2019-04-30 16:06:20.385597"></TimeCreated>
<EventRecordID>1669</EventRecordID>
<Correlation ActivityID="" RelatedActivityID=""></Correlation>
<Execution ProcessID="1180" ThreadID="828"></Execution>
<Channel>Microsoft-Windows-PrintService/Operational</Channel>
<Computer>psusrvkr.siaint.ru</Computer>
<Security UserID="S-1-5-21-1881554536-3269615630-2240278496-10914"></Security>
</System>
<UserData><DocumentPrinted xmlns:auto-ns3="http://schemas.microsoft.com/win/2004/08/events" xmlns="http://manifests.microsoft.com/win/2005/08/windows/printing/spooler/core/events"><Param1>126</Param1>
<Param2>&#1057;&#1095;&#1077;&#1090; .xls</Param2>
<Param3>malafeeva_mm</Param3>
<Param4>KRMPZX634</Param4>
<Param5>Office_mb2</Param5>
<Param6>IP_192.168.152.52</Param6>
<Param7>412976</Param7>
<Param8>1</Param8>
</DocumentPrinted>
</UserData>
</Event>
<Event xmlns="http://schemas.microsoft.com/win/2004/08/events/event"><System><Provider Name="Microsoft-Windows-PrintService" Guid="{747ef6fd-e535-4d16-b510-42c90f6873a1}"></Provider>
<EventID Qualifiers="">307</EventID>
<Version>0</Version>
<Level>4</Level>
<Task>26</Task>
<Opcode>11</Opcode>
<Keywords>0x4000000000000840</Keywords>
<TimeCreated SystemTime="2019-04-30 16:06:31.057678"></TimeCreated>
<EventRecordID>1674</EventRecordID>
<Correlation ActivityID="" RelatedActivityID=""></Correlation>
<Execution ProcessID="1180" ThreadID="3248"></Execution>
<Channel>Microsoft-Windows-PrintService/Operational</Channel>
<Computer>psusrvkr.siaint.ru</Computer>
<Security UserID="S-1-5-21-1881554536-3269615630-2240278496-10914"></Security>
</System>
<UserData><DocumentPrinted xmlns:auto-ns3="http://schemas.microsoft.com/win/2004/08/events" xmlns="http://manifests.microsoft.com/win/2005/08/windows/printing/spooler/core/events"><Param1>127</Param1>
<Param2>&#1057;&#1095;&#1077;&#1090; &#1092;&#1072;&#1082;&#1090;&#1091;&#1088;&#1072;.xls</Param2>
<Param3>malafeeva_mm</Param3>
<Param4>KRMPZX634</Param4>
<Param5>Office_mb2</Param5>
<Param6>IP_192.168.152.52</Param6>
<Param7>842180</Param7>
<Param8>1</Param8>
</DocumentPrinted>
</UserData>
</Event>
<Event xmlns="http://schemas.microsoft.com/win/2004/08/events/event"><System><Provider Name="Microsoft-Windows-PrintService" Guid="{747ef6fd-e535-4d16-b510-42c90f6873a1}"></Provider>
<EventID Qualifiers="">307</EventID>
<Version>0</Version>
<Level>4</Level>
<Task>26</Task>
<Opcode>11</Opcode>
<Keywords>0x4000000000000840</Keywords>
<TimeCreated SystemTime="2019-04-30 16:06:41.370375"></TimeCreated>
<EventRecordID>1679</EventRecordID>
<Correlation ActivityID="" RelatedActivityID=""></Correlation>
<Execution ProcessID="1180" ThreadID="4696"></Execution>
<Channel>Microsoft-Windows-PrintService/Operational</Channel>
<Computer>psusrvkr.siaint.ru</Computer>
<Security UserID="S-1-5-21-1881554536-3269615630-2240278496-10914"></Security>
</System>
<UserData><DocumentPrinted xmlns:auto-ns3="http://schemas.microsoft.com/win/2004/08/events" xmlns="http://manifests.microsoft.com/win/2005/08/windows/printing/spooler/core/events"><Param1>128</Param1>
<Param2>&#1058;&#1086;&#1088;&#1075; 12 217 &#1072;&#1091;&#1082;.xls</Param2>
<Param3>malafeeva_mm</Param3>
<Param4>KRMPZX634</Param4>
<Param5>Office_mb2</Param5>
<Param6>IP_192.168.152.52</Param6>
<Param7>996500</Param7>
<Param8>2</Param8>
</DocumentPrinted>
</UserData>
</Event>
