<Event xmlns="http://schemas.microsoft.com/win/2004/08/events/event"><System><Provider Name="Microsoft-Windows-PrintService" Guid="{747ef6fd-e535-4d16-b510-42c90f6873a1}"></Provider>
<EventID Qualifiers="">307</EventID>
<Version>0</Version>
<Level>4</Level>
<Task>26</Task>
<Opcode>11</Opcode>
<Keywords>0x4000000000000840</Keywords>
<TimeCreated SystemTime="2019-04-30 12:11:35.107878"></TimeCreated>
<EventRecordID>209</EventRecordID>
<Correlation ActivityID="" RelatedActivityID=""></Correlation>
<Execution ProcessID="1180" ThreadID="3668"></Execution>
<Channel>Microsoft-Windows-PrintService/Operational</Channel>
<Computer>psusrvkr.siaint.ru</Computer>
<Security UserID="S-1-5-21-1881554536-3269615630-2240278496-22731"></Security>
</System>
<UserData><DocumentPrinted xmlns:auto-ns3="http://schemas.microsoft.com/win/2004/08/events" xmlns="http://manifests.microsoft.com/win/2005/08/windows/printing/spooler/core/events"><Param1>149</Param1>
<Param2>&#1053;&#1072; &#1088;&#1077;&#1079;&#1086;&#1083;&#1102;&#1094;&#1080;&#1102; &#1053;&#1054;&#1057;&#1072;</Param2>
<Param3>vasilyeva.na</Param3>
<Param4>KRMPZX262</Param4>
<Param5>kr_tovar_1</Param5>
<Param6>IP_192.168.152.50</Param6>
<Param7>84091</Param7>
<Param8>1</Param8>
</DocumentPrinted>
</UserData>
</Event>
<Event xmlns="http://schemas.microsoft.com/win/2004/08/events/event"><System><Provider Name="Microsoft-Windows-PrintService" Guid="{747ef6fd-e535-4d16-b510-42c90f6873a1}"></Provider>
<EventID Qualifiers="">307</EventID>
<Version>0</Version>
<Level>4</Level>
<Task>26</Task>
<Opcode>11</Opcode>
<Keywords>0x4000000000000840</Keywords>
<TimeCreated SystemTime="2019-04-30 12:11:48.186255"></TimeCreated>
<EventRecordID>214</EventRecordID>
<Correlation ActivityID="" RelatedActivityID=""></Correlation>
<Execution ProcessID="1180" ThreadID="4136"></Execution>
<Channel>Microsoft-Windows-PrintService/Operational</Channel>
<Computer>psusrvkr.siaint.ru</Computer>
<Security UserID="S-1-5-21-1881554536-3269615630-2240278496-22731"></Security>
</System>
<UserData><DocumentPrinted xmlns:auto-ns3="http://schemas.microsoft.com/win/2004/08/events" xmlns="http://manifests.microsoft.com/win/2005/08/windows/printing/spooler/core/events"><Param1>150</Param1>
<Param2>&#1053;&#1072; &#1088;&#1077;&#1079;&#1086;&#1083;&#1102;&#1094;&#1080;&#1102; &#1053;&#1054;&#1057;&#1072;</Param2>
<Param3>vasilyeva.na</Param3>
<Param4>KRMPZX262</Param4>
<Param5>kr_tovar_1</Param5>
<Param6>IP_192.168.152.50</Param6>
<Param7>91581</Param7>
<Param8>1</Param8>
</DocumentPrinted>
</UserData>
</Event>
<Event xmlns="http://schemas.microsoft.com/win/2004/08/events/event"><System><Provider Name="Microsoft-Windows-PrintService" Guid="{747ef6fd-e535-4d16-b510-42c90f6873a1}"></Provider>
<EventID Qualifiers="">307</EventID>
<Version>0</Version>
<Level>4</Level>
<Task>26</Task>
<Opcode>11</Opcode>
<Keywords>0x4000000000000840</Keywords>
<TimeCreated SystemTime="2019-04-30 12:12:31.624586"></TimeCreated>
<EventRecordID>219</EventRecordID>
<Correlation ActivityID="" RelatedActivityID=""></Correlation>
<Execution ProcessID="1180" ThreadID="1588"></Execution>
<Channel>Microsoft-Windows-PrintService/Operational</Channel>
<Computer>psusrvkr.siaint.ru</Computer>
<Security UserID="S-1-5-21-1881554536-3269615630-2240278496-22731"></Security>
</System>
<UserData><DocumentPrinted xmlns:auto-ns3="http://schemas.microsoft.com/win/2004/08/events" xmlns="http://manifests.microsoft.com/win/2005/08/windows/printing/spooler/core/events"><Param1>151</Param1>
<Param2>&#1053;&#1072; &#1088;&#1077;&#1079;&#1086;&#1083;&#1102;&#1094;&#1080;&#1102; &#1053;&#1054;&#1057;&#1072;</Param2>
<Param3>vasilyeva.na</Param3>
<Param4>KRMPZX262</Param4>
<Param5>kr_tovar_1</Param5>
<Param6>IP_192.168.152.50</Param6>
<Param7>84916</Param7>
<Param8>1</Param8>
</DocumentPrinted>
</UserData>
</Event>
<Event xmlns="http://schemas.microsoft.com/win/2004/08/events/event"><System><Provider Name="Microsoft-Windows-PrintService" Guid="{747ef6fd-e535-4d16-b510-42c90f6873a1}"></Provider>
<EventID Qualifiers="">307</EventID>
<Version>0</Version>
<Level>4</Level>
<Task>26</Task>
<Opcode>11</Opcode>
<Keywords>0x4000000000000840</Keywords>
<TimeCreated SystemTime="2019-04-30 12:12:42.843554"></TimeCreated>
<EventRecordID>224</EventRecordID>
<Correlation ActivityID="" RelatedActivityID=""></Correlation>
<Execution ProcessID="1180" ThreadID="1464"></Execution>
<Channel>Microsoft-Windows-PrintService/Operational</Channel>
<Computer>psusrvkr.siaint.ru</Computer>
<Security UserID="S-1-5-21-1881554536-3269615630-2240278496-22731"></Security>
</System>
<UserData><DocumentPrinted xmlns:auto-ns3="http://schemas.microsoft.com/win/2004/08/events" xmlns="http://manifests.microsoft.com/win/2005/08/windows/printing/spooler/core/events"><Param1>152</Param1>
<Param2>&#1053;&#1072; &#1088;&#1077;&#1079;&#1086;&#1083;&#1102;&#1094;&#1080;&#1102; &#1053;&#1054;&#1057;&#1072;</Param2>
<Param3>vasilyeva.na</Param3>
<Param4>KRMPZX262</Param4>
<Param5>kr_tovar_1</Param5>
<Param6>IP_192.168.152.50</Param6>
<Param7>84262</Param7>
<Param8>1</Param8>
</DocumentPrinted>
</UserData>
</Event>
<Event xmlns="http://schemas.microsoft.com/win/2004/08/events/event"><System><Provider Name="Microsoft-Windows-PrintService" Guid="{747ef6fd-e535-4d16-b510-42c90f6873a1}"></Provider>
<EventID Qualifiers="">307</EventID>
<Version>0</Version>
<Level>4</Level>
<Task>26</Task>
<Opcode>11</Opcode>
<Keywords>0x4000000000000840</Keywords>
<TimeCreated SystemTime="2019-04-30 12:13:04.468967"></TimeCreated>
<EventRecordID>229</EventRecordID>
<Correlation ActivityID="" RelatedActivityID=""></Correlation>
<Execution ProcessID="1180" ThreadID="4484"></Execution>
<Channel>Microsoft-Windows-PrintService/Operational</Channel>
<Computer>psusrvkr.siaint.ru</Computer>
<Security UserID="S-1-5-21-1881554536-3269615630-2240278496-22731"></Security>
</System>
<UserData><DocumentPrinted xmlns:auto-ns3="http://schemas.microsoft.com/win/2004/08/events" xmlns="http://manifests.microsoft.com/win/2005/08/windows/printing/spooler/core/events"><Param1>153</Param1>
<Param2>&#1053;&#1072; &#1088;&#1077;&#1079;&#1086;&#1083;&#1102;&#1094;&#1080;&#1102; &#1053;&#1054;&#1057;&#1072;</Param2>
<Param3>vasilyeva.na</Param3>
<Param4>KRMPZX262</Param4>
<Param5>kr_tovar_1</Param5>
<Param6>IP_192.168.152.50</Param6>
<Param7>84965</Param7>
<Param8>1</Param8>
</DocumentPrinted>
</UserData>
</Event>
<Event xmlns="http://schemas.microsoft.com/win/2004/08/events/event"><System><Provider Name="Microsoft-Windows-PrintService" Guid="{747ef6fd-e535-4d16-b510-42c90f6873a1}"></Provider>
<EventID Qualifiers="">307</EventID>
<Version>0</Version>
<Level>4</Level>
<Task>26</Task>
<Opcode>11</Opcode>
<Keywords>0x4000000000000840</Keywords>
<TimeCreated SystemTime="2019-04-30 12:13:11.719107"></TimeCreated>
<EventRecordID>236</EventRecordID>
<Correlation ActivityID="" RelatedActivityID=""></Correlation>
<Execution ProcessID="1180" ThreadID="2576"></Execution>
<Channel>Microsoft-Windows-PrintService/Operational</Channel>
<Computer>psusrvkr.siaint.ru</Computer>
<Security UserID="S-1-5-21-1881554536-3269615630-2240278496-22731"></Security>
</System>
<UserData><DocumentPrinted xmlns:auto-ns3="http://schemas.microsoft.com/win/2004/08/events" xmlns="http://manifests.microsoft.com/win/2005/08/windows/printing/spooler/core/events"><Param1>155</Param1>
<Param2>&#1053;&#1072; &#1088;&#1077;&#1079;&#1086;&#1083;&#1102;&#1094;&#1080;&#1102; &#1053;&#1054;&#1057;&#1072;</Param2>
<Param3>vasilyeva.na</Param3>
<Param4>KRMPZX262</Param4>
<Param5>kr_tovar_1</Param5>
<Param6>IP_192.168.152.50</Param6>
<Param7>84116</Param7>
<Param8>1</Param8>
</DocumentPrinted>
</UserData>
</Event>
<Event xmlns="http://schemas.microsoft.com/win/2004/08/events/event"><System><Provider Name="Microsoft-Windows-PrintService" Guid="{747ef6fd-e535-4d16-b510-42c90f6873a1}"></Provider>
<EventID Qualifiers="">307</EventID>
<Version>0</Version>
<Level>4</Level>
<Task>26</Task>
<Opcode>11</Opcode>
<Keywords>0x4000000000000840</Keywords>
<TimeCreated SystemTime="2019-04-30 12:13:11.859735"></TimeCreated>
<EventRecordID>239</EventRecordID>
<Correlation ActivityID="" RelatedActivityID=""></Correlation>
<Execution ProcessID="1180" ThreadID="3248"></Execution>
<Channel>Microsoft-Windows-PrintService/Operational</Channel>
<Computer>psusrvkr.siaint.ru</Computer>
<Security UserID="S-1-5-21-1881554536-3269615630-2240278496-25109"></Security>
</System>
<UserData><DocumentPrinted xmlns:auto-ns3="http://schemas.microsoft.com/win/2004/08/events" xmlns="http://manifests.microsoft.com/win/2005/08/windows/printing/spooler/core/events"><Param1>154</Param1>
<Param2>&#1057;&#1087;&#1080;&#1089;&#1086;&#1082; &#1072;&#1088;&#1077;&#1085;&#1076;&#1072;&#1090;&#1086;&#1088;&#1086;&#1074; &#1089; &#1090;&#1077;&#1083;&#1077;&#1092;&#1086;&#1085;&#1072;&#1084;&#1080; &#1080; &#1092;&#1072;&#1084;&#1080;&#1083;&#1080;&#1103;&#1084;&#1080;.xlsx</Param2>
<Param3>filonov.va</Param3>
<Param4>KRMPZX637</Param4>
<Param5>KFS_M425</Param5>
<Param6>192.168.152.54</Param6>
<Param7>90213</Param7>
<Param8>1</Param8>
</DocumentPrinted>
</UserData>
</Event>
<Event xmlns="http://schemas.microsoft.com/win/2004/08/events/event"><System><Provider Name="Microsoft-Windows-PrintService" Guid="{747ef6fd-e535-4d16-b510-42c90f6873a1}"></Provider>
<EventID Qualifiers="">307</EventID>
<Version>0</Version>
<Level>4</Level>
<Task>26</Task>
<Opcode>11</Opcode>
<Keywords>0x4000000000000840</Keywords>
<TimeCreated SystemTime="2019-04-30 12:13:25.469370"></TimeCreated>
<EventRecordID>244</EventRecordID>
<Correlation ActivityID="" RelatedActivityID=""></Correlation>
<Execution ProcessID="1180" ThreadID="4792"></Execution>
<Channel>Microsoft-Windows-PrintService/Operational</Channel>
<Computer>psusrvkr.siaint.ru</Computer>
<Security UserID="S-1-5-21-1881554536-3269615630-2240278496-22731"></Security>
</System>
<UserData><DocumentPrinted xmlns:auto-ns3="http://schemas.microsoft.com/win/2004/08/events" xmlns="http://manifests.microsoft.com/win/2005/08/windows/printing/spooler/core/events"><Param1>156</Param1>
<Param2>&#1053;&#1072; &#1088;&#1077;&#1079;&#1086;&#1083;&#1102;&#1094;&#1080;&#1102; &#1053;&#1054;&#1057;&#1072;</Param2>
<Param3>vasilyeva.na</Param3>
<Param4>KRMPZX262</Param4>
<Param5>kr_tovar_1</Param5>
<Param6>IP_192.168.152.50</Param6>
<Param7>84602</Param7>
<Param8>1</Param8>
</DocumentPrinted>
</UserData>
</Event>
<Event xmlns="http://schemas.microsoft.com/win/2004/08/events/event"><System><Provider Name="Microsoft-Windows-PrintService" Guid="{747ef6fd-e535-4d16-b510-42c90f6873a1}"></Provider>
<EventID Qualifiers="">307</EventID>
<Version>0</Version>
<Level>4</Level>
<Task>26</Task>
<Opcode>11</Opcode>
<Keywords>0x4000000000000840</Keywords>
<TimeCreated SystemTime="2019-04-30 12:13:33.188271"></TimeCreated>
<EventRecordID>249</EventRecordID>
<Correlation ActivityID="" RelatedActivityID=""></Correlation>
<Execution ProcessID="1180" ThreadID="2668"></Execution>
<Channel>Microsoft-Windows-PrintService/Operational</Channel>
<Computer>psusrvkr.siaint.ru</Computer>
<Security UserID="S-1-5-21-1881554536-3269615630-2240278496-22731"></Security>
</System>
<UserData><DocumentPrinted xmlns:auto-ns3="http://schemas.microsoft.com/win/2004/08/events" xmlns="http://manifests.microsoft.com/win/2005/08/windows/printing/spooler/core/events"><Param1>157</Param1>
<Param2>&#1053;&#1072; &#1088;&#1077;&#1079;&#1086;&#1083;&#1102;&#1094;&#1080;&#1102; &#1053;&#1054;&#1057;&#1072;</Param2>
<Param3>vasilyeva.na</Param3>
<Param4>KRMPZX262</Param4>
<Param5>kr_tovar_1</Param5>
<Param6>IP_192.168.152.50</Param6>
<Param7>83430</Param7>
<Param8>1</Param8>
</DocumentPrinted>
</UserData>
</Event>
<Event xmlns="http://schemas.microsoft.com/win/2004/08/events/event"><System><Provider Name="Microsoft-Windows-PrintService" Guid="{747ef6fd-e535-4d16-b510-42c90f6873a1}"></Provider>
<EventID Qualifiers="">307</EventID>
<Version>0</Version>
<Level>4</Level>
<Task>26</Task>
<Opcode>11</Opcode>
<Keywords>0x4000000000000840</Keywords>
<TimeCreated SystemTime="2019-04-30 12:13:40.954042"></TimeCreated>
<EventRecordID>254</EventRecordID>
<Correlation ActivityID="" RelatedActivityID=""></Correlation>
<Execution ProcessID="1180" ThreadID="4584"></Execution>
<Channel>Microsoft-Windows-PrintService/Operational</Channel>
<Computer>psusrvkr.siaint.ru</Computer>
<Security UserID="S-1-5-21-1881554536-3269615630-2240278496-22731"></Security>
</System>
<UserData><DocumentPrinted xmlns:auto-ns3="http://schemas.microsoft.com/win/2004/08/events" xmlns="http://manifests.microsoft.com/win/2005/08/windows/printing/spooler/core/events"><Param1>158</Param1>
<Param2>&#1053;&#1072; &#1088;&#1077;&#1079;&#1086;&#1083;&#1102;&#1094;&#1080;&#1102; &#1053;&#1054;&#1057;&#1072;</Param2>
<Param3>vasilyeva.na</Param3>
<Param4>KRMPZX262</Param4>
<Param5>kr_tovar_1</Param5>
<Param6>IP_192.168.152.50</Param6>
<Param7>84707</Param7>
<Param8>1</Param8>
</DocumentPrinted>
</UserData>
</Event>
<Event xmlns="http://schemas.microsoft.com/win/2004/08/events/event"><System><Provider Name="Microsoft-Windows-PrintService" Guid="{747ef6fd-e535-4d16-b510-42c90f6873a1}"></Provider>
<EventID Qualifiers="">307</EventID>
<Version>0</Version>
<Level>4</Level>
<Task>26</Task>
<Opcode>11</Opcode>
<Keywords>0x4000000000000840</Keywords>
<TimeCreated SystemTime="2019-04-30 12:13:50.501102"></TimeCreated>
<EventRecordID>259</EventRecordID>
<Correlation ActivityID="" RelatedActivityID=""></Correlation>
<Execution ProcessID="1180" ThreadID="4280"></Execution>
<Channel>Microsoft-Windows-PrintService/Operational</Channel>
<Computer>psusrvkr.siaint.ru</Computer>
<Security UserID="S-1-5-21-1881554536-3269615630-2240278496-22731"></Security>
</System>
<UserData><DocumentPrinted xmlns:auto-ns3="http://schemas.microsoft.com/win/2004/08/events" xmlns="http://manifests.microsoft.com/win/2005/08/windows/printing/spooler/core/events"><Param1>159</Param1>
<Param2>&#1053;&#1072; &#1088;&#1077;&#1079;&#1086;&#1083;&#1102;&#1094;&#1080;&#1102; &#1053;&#1054;&#1057;&#1072;</Param2>
<Param3>vasilyeva.na</Param3>
<Param4>KRMPZX262</Param4>
<Param5>kr_tovar_1</Param5>
<Param6>IP_192.168.152.50</Param6>
<Param7>92164</Param7>
<Param8>1</Param8>
</DocumentPrinted>
</UserData>
</Event>
<Event xmlns="http://schemas.microsoft.com/win/2004/08/events/event"><System><Provider Name="Microsoft-Windows-PrintService" Guid="{747ef6fd-e535-4d16-b510-42c90f6873a1}"></Provider>
<EventID Qualifiers="">307</EventID>
<Version>0</Version>
<Level>4</Level>
<Task>26</Task>
<Opcode>11</Opcode>
<Keywords>0x4000000000000840</Keywords>
<TimeCreated SystemTime="2019-04-30 12:13:57.219980"></TimeCreated>
<EventRecordID>265</EventRecordID>
<Correlation ActivityID="" RelatedActivityID=""></Correlation>
<Execution ProcessID="1180" ThreadID="2040"></Execution>
<Channel>Microsoft-Windows-PrintService/Operational</Channel>
<Computer>psusrvkr.siaint.ru</Computer>
<Security UserID="S-1-5-21-1881554536-3269615630-2240278496-29126"></Security>
</System>
<UserData><DocumentPrinted xmlns:auto-ns3="http://schemas.microsoft.com/win/2004/08/events" xmlns="http://manifests.microsoft.com/win/2005/08/windows/printing/spooler/core/events"><Param1>160</Param1>
<Param2>&#1040;&#1082;&#1090;-&#1074;&#1099;&#1074;&#1077;&#1088;&#1082;&#1080;-2818-20180701-20181231.pdf (1).pdf</Param2>
<Param3>sagun.ms</Param3>
<Param4>KRMPZX644</Param4>
<Param5>Office_mb1</Param5>
<Param6>IP_192.168.152.52</Param6>
<Param7>819885</Param7>
<Param8>2</Param8>
</DocumentPrinted>
</UserData>
</Event>
<Event xmlns="http://schemas.microsoft.com/win/2004/08/events/event"><System><Provider Name="Microsoft-Windows-PrintService" Guid="{747ef6fd-e535-4d16-b510-42c90f6873a1}"></Provider>
<EventID Qualifiers="">307</EventID>
<Version>0</Version>
<Level>4</Level>
<Task>26</Task>
<Opcode>11</Opcode>
<Keywords>0x4000000000000840</Keywords>
<TimeCreated SystemTime="2019-04-30 12:13:57.344984"></TimeCreated>
<EventRecordID>269</EventRecordID>
<Correlation ActivityID="" RelatedActivityID=""></Correlation>
<Execution ProcessID="1180" ThreadID="4276"></Execution>
<Channel>Microsoft-Windows-PrintService/Operational</Channel>
<Computer>psusrvkr.siaint.ru</Computer>
<Security UserID="S-1-5-21-1881554536-3269615630-2240278496-22731"></Security>
</System>
<UserData><DocumentPrinted xmlns:auto-ns3="http://schemas.microsoft.com/win/2004/08/events" xmlns="http://manifests.microsoft.com/win/2005/08/windows/printing/spooler/core/events"><Param1>161</Param1>
<Param2>&#1053;&#1072; &#1088;&#1077;&#1079;&#1086;&#1083;&#1102;&#1094;&#1080;&#1102; &#1053;&#1054;&#1057;&#1072;</Param2>
<Param3>vasilyeva.na</Param3>
<Param4>KRMPZX262</Param4>
<Param5>kr_tovar_1</Param5>
<Param6>IP_192.168.152.50</Param6>
<Param7>84536</Param7>
<Param8>1</Param8>
</DocumentPrinted>
</UserData>
</Event>
<Event xmlns="http://schemas.microsoft.com/win/2004/08/events/event"><System><Provider Name="Microsoft-Windows-PrintService" Guid="{747ef6fd-e535-4d16-b510-42c90f6873a1}"></Provider>
<EventID Qualifiers="">307</EventID>
<Version>0</Version>
<Level>4</Level>
<Task>26</Task>
<Opcode>11</Opcode>
<Keywords>0x4000000000000840</Keywords>
<TimeCreated SystemTime="2019-04-30 12:14:04.923254"></TimeCreated>
<EventRecordID>274</EventRecordID>
<Correlation ActivityID="" RelatedActivityID=""></Correlation>
<Execution ProcessID="1180" ThreadID="2072"></Execution>
<Channel>Microsoft-Windows-PrintService/Operational</Channel>
<Computer>psusrvkr.siaint.ru</Computer>
<Security UserID="S-1-5-21-1881554536-3269615630-2240278496-22731"></Security>
</System>
<UserData><DocumentPrinted xmlns:auto-ns3="http://schemas.microsoft.com/win/2004/08/events" xmlns="http://manifests.microsoft.com/win/2005/08/windows/printing/spooler/core/events"><Param1>162</Param1>
<Param2>&#1053;&#1072; &#1088;&#1077;&#1079;&#1086;&#1083;&#1102;&#1094;&#1080;&#1102; &#1053;&#1054;&#1057;&#1072;</Param2>
<Param3>vasilyeva.na</Param3>
<Param4>KRMPZX262</Param4>
<Param5>kr_tovar_1</Param5>
<Param6>IP_192.168.152.50</Param6>
<Param7>84444</Param7>
<Param8>1</Param8>
</DocumentPrinted>
</UserData>
</Event>
<Event xmlns="http://schemas.microsoft.com/win/2004/08/events/event"><System><Provider Name="Microsoft-Windows-PrintService" Guid="{747ef6fd-e535-4d16-b510-42c90f6873a1}"></Provider>
<EventID Qualifiers="">307</EventID>
<Version>0</Version>
<Level>4</Level>
<Task>26</Task>
<Opcode>11</Opcode>
<Keywords>0x4000000000000840</Keywords>
<TimeCreated SystemTime="2019-04-30 12:14:36.548861"></TimeCreated>
<EventRecordID>279</EventRecordID>
<Correlation ActivityID="" RelatedActivityID=""></Correlation>
<Execution ProcessID="1180" ThreadID="4812"></Execution>
<Channel>Microsoft-Windows-PrintService/Operational</Channel>
<Computer>psusrvkr.siaint.ru</Computer>
<Security UserID="S-1-5-21-1881554536-3269615630-2240278496-22731"></Security>
</System>
<UserData><DocumentPrinted xmlns:auto-ns3="http://schemas.microsoft.com/win/2004/08/events" xmlns="http://manifests.microsoft.com/win/2005/08/windows/printing/spooler/core/events"><Param1>163</Param1>
<Param2>&#1053;&#1072; &#1088;&#1077;&#1079;&#1086;&#1083;&#1102;&#1094;&#1080;&#1102; &#1053;&#1054;&#1057;&#1072;</Param2>
<Param3>vasilyeva.na</Param3>
<Param4>KRMPZX262</Param4>
<Param5>kr_tovar_1</Param5>
<Param6>IP_192.168.152.50</Param6>
<Param7>84593</Param7>
<Param8>1</Param8>
</DocumentPrinted>
</UserData>
</Event>
<Event xmlns="http://schemas.microsoft.com/win/2004/08/events/event"><System><Provider Name="Microsoft-Windows-PrintService" Guid="{747ef6fd-e535-4d16-b510-42c90f6873a1}"></Provider>
<EventID Qualifiers="">307</EventID>
<Version>0</Version>
<Level>4</Level>
<Task>26</Task>
<Opcode>11</Opcode>
<Keywords>0x4000000000000840</Keywords>
<TimeCreated SystemTime="2019-04-30 12:14:55.346098"></TimeCreated>
<EventRecordID>284</EventRecordID>
<Correlation ActivityID="" RelatedActivityID=""></Correlation>
<Execution ProcessID="1180" ThreadID="4156"></Execution>
<Channel>Microsoft-Windows-PrintService/Operational</Channel>
<Computer>psusrvkr.siaint.ru</Computer>
<Security UserID="S-1-5-21-1881554536-3269615630-2240278496-22731"></Security>
</System>
<UserData><DocumentPrinted xmlns:auto-ns3="http://schemas.microsoft.com/win/2004/08/events" xmlns="http://manifests.microsoft.com/win/2005/08/windows/printing/spooler/core/events"><Param1>164</Param1>
<Param2>&#1053;&#1072; &#1088;&#1077;&#1079;&#1086;&#1083;&#1102;&#1094;&#1080;&#1102; &#1053;&#1054;&#1057;&#1072;</Param2>
<Param3>vasilyeva.na</Param3>
<Param4>KRMPZX262</Param4>
<Param5>kr_tovar_1</Param5>
<Param6>IP_192.168.152.50</Param6>
<Param7>84349</Param7>
<Param8>1</Param8>
</DocumentPrinted>
</UserData>
</Event>
<Event xmlns="http://schemas.microsoft.com/win/2004/08/events/event"><System><Provider Name="Microsoft-Windows-PrintService" Guid="{747ef6fd-e535-4d16-b510-42c90f6873a1}"></Provider>
<EventID Qualifiers="">307</EventID>
<Version>0</Version>
<Level>4</Level>
<Task>26</Task>
<Opcode>11</Opcode>
<Keywords>0x4000000000000840</Keywords>
<TimeCreated SystemTime="2019-04-30 12:15:05.768171"></TimeCreated>
<EventRecordID>289</EventRecordID>
<Correlation ActivityID="" RelatedActivityID=""></Correlation>
<Execution ProcessID="1180" ThreadID="4052"></Execution>
<Channel>Microsoft-Windows-PrintService/Operational</Channel>
<Computer>psusrvkr.siaint.ru</Computer>
<Security UserID="S-1-5-21-1881554536-3269615630-2240278496-22731"></Security>
</System>
<UserData><DocumentPrinted xmlns:auto-ns3="http://schemas.microsoft.com/win/2004/08/events" xmlns="http://manifests.microsoft.com/win/2005/08/windows/printing/spooler/core/events"><Param1>165</Param1>
<Param2>&#1053;&#1072; &#1088;&#1077;&#1079;&#1086;&#1083;&#1102;&#1094;&#1080;&#1102; &#1053;&#1054;&#1057;&#1072;</Param2>
<Param3>vasilyeva.na</Param3>
<Param4>KRMPZX262</Param4>
<Param5>kr_tovar_1</Param5>
<Param6>IP_192.168.152.50</Param6>
<Param7>91925</Param7>
<Param8>1</Param8>
</DocumentPrinted>
</UserData>
</Event>
<Event xmlns="http://schemas.microsoft.com/win/2004/08/events/event"><System><Provider Name="Microsoft-Windows-PrintService" Guid="{747ef6fd-e535-4d16-b510-42c90f6873a1}"></Provider>
<EventID Qualifiers="">307</EventID>
<Version>0</Version>
<Level>4</Level>
<Task>26</Task>
<Opcode>11</Opcode>
<Keywords>0x4000000000000840</Keywords>
<TimeCreated SystemTime="2019-04-30 12:19:44.461021"></TimeCreated>
<EventRecordID>294</EventRecordID>
<Correlation ActivityID="" RelatedActivityID=""></Correlation>
<Execution ProcessID="1180" ThreadID="4772"></Execution>
<Channel>Microsoft-Windows-PrintService/Operational</Channel>
<Computer>psusrvkr.siaint.ru</Computer>
<Security UserID="S-1-5-21-1881554536-3269615630-2240278496-8712"></Security>
</System>
<UserData><DocumentPrinted xmlns:auto-ns3="http://schemas.microsoft.com/win/2004/08/events" xmlns="http://manifests.microsoft.com/win/2005/08/windows/printing/spooler/core/events"><Param1>166</Param1>
<Param2>&#1041;&#1077;&#1079;&#1099;&#1084;&#1103;&#1085;&#1085;&#1099;&#1081; &#8212; &#1041;&#1083;&#1086;&#1082;&#1085;&#1086;&#1090;</Param2>
<Param3>solodovnikov_am</Param3>
<Param4>DSAKR</Param4>
<Param5>kr_tovar_1</Param5>
<Param6>IP_192.168.152.50</Param6>
<Param7>17574</Param7>
<Param8>1</Param8>
</DocumentPrinted>
</UserData>
</Event>
<Event xmlns="http://schemas.microsoft.com/win/2004/08/events/event"><System><Provider Name="Microsoft-Windows-PrintService" Guid="{747ef6fd-e535-4d16-b510-42c90f6873a1}"></Provider>
<EventID Qualifiers="">307</EventID>
<Version>0</Version>
<Level>4</Level>
<Task>26</Task>
<Opcode>11</Opcode>
<Keywords>0x4000000000000840</Keywords>
<TimeCreated SystemTime="2019-04-30 12:19:53.992455"></TimeCreated>
<EventRecordID>299</EventRecordID>
<Correlation ActivityID="" RelatedActivityID=""></Correlation>
<Execution ProcessID="1180" ThreadID="3924"></Execution>
<Channel>Microsoft-Windows-PrintService/Operational</Channel>
<Computer>psusrvkr.siaint.ru</Computer>
<Security UserID="S-1-5-21-1881554536-3269615630-2240278496-29117"></Security>
</System>
<UserData><DocumentPrinted xmlns:auto-ns3="http://schemas.microsoft.com/win/2004/08/events" xmlns="http://manifests.microsoft.com/win/2005/08/windows/printing/spooler/core/events"><Param1>167</Param1>
<Param2>Microsoft Word - &#1044;&#1086;&#1082;&#1091;&#1084;&#1077;&#1085;&#1090;1</Param2>
<Param3>martynenko.av</Param3>
<Param4>ST186SB</Param4>
<Param5>Office_mb5</Param5>
<Param6>IP_192.168.152.52</Param6>
<Param7>46874</Param7>
<Param8>1</Param8>
</DocumentPrinted>
</UserData>
</Event>
<Event xmlns="http://schemas.microsoft.com/win/2004/08/events/event"><System><Provider Name="Microsoft-Windows-PrintService" Guid="{747ef6fd-e535-4d16-b510-42c90f6873a1}"></Provider>
<EventID Qualifiers="">307</EventID>
<Version>0</Version>
<Level>4</Level>
<Task>26</Task>
<Opcode>11</Opcode>
<Keywords>0x4000000000000840</Keywords>
<TimeCreated SystemTime="2019-04-30 12:20:34.305729"></TimeCreated>
<EventRecordID>304</EventRecordID>
<Correlation ActivityID="" RelatedActivityID=""></Correlation>
<Execution ProcessID="1180" ThreadID="736"></Execution>
<Channel>Microsoft-Windows-PrintService/Operational</Channel>
<Computer>psusrvkr.siaint.ru</Computer>
<Security UserID="S-1-5-21-1881554536-3269615630-2240278496-9392"></Security>
</System>
<UserData><DocumentPrinted xmlns:auto-ns3="http://schemas.microsoft.com/win/2004/08/events" xmlns="http://manifests.microsoft.com/win/2005/08/windows/printing/spooler/core/events"><Param1>168</Param1>
<Param2>Microsoft Word - &#1044;&#1086;&#1082;&#1091;&#1084;&#1077;&#1085;&#1090;1</Param2>
<Param3>chistyakova_oa</Param3>
<Param4>KRMPZX643</Param4>
<Param5>Office_mb5</Param5>
<Param6>IP_192.168.152.52</Param6>
<Param7>25707</Param7>
<Param8>1</Param8>
</DocumentPrinted>
</UserData>
</Event>
<Event xmlns="http://schemas.microsoft.com/win/2004/08/events/event"><System><Provider Name="Microsoft-Windows-PrintService" Guid="{747ef6fd-e535-4d16-b510-42c90f6873a1}"></Provider>
<EventID Qualifiers="">307</EventID>
<Version>0</Version>
<Level>4</Level>
<Task>26</Task>
<Opcode>11</Opcode>
<Keywords>0x4000000000000840</Keywords>
<TimeCreated SystemTime="2019-04-30 12:21:27.838007"></TimeCreated>
<EventRecordID>309</EventRecordID>
<Correlation ActivityID="" RelatedActivityID=""></Correlation>
<Execution ProcessID="1180" ThreadID="4168"></Execution>
<Channel>Microsoft-Windows-PrintService/Operational</Channel>
<Computer>psusrvkr.siaint.ru</Computer>
<Security UserID="S-1-5-21-1881554536-3269615630-2240278496-9393"></Security>
</System>
<UserData><DocumentPrinted xmlns:auto-ns3="http://schemas.microsoft.com/win/2004/08/events" xmlns="http://manifests.microsoft.com/win/2005/08/windows/printing/spooler/core/events"><Param1>169</Param1>
<Param2>Microsoft Word - &#1044;&#1086;&#1082;&#1091;&#1084;&#1077;&#1085;&#1090; Microsoft Word</Param2>
<Param3>kirilenko_kv</Param3>
<Param4>ST179SB</Param4>
<Param5>Office_mb3</Param5>
<Param6>IP_192.168.152.52</Param6>
<Param7>37380</Param7>
<Param8>1</Param8>
</DocumentPrinted>
</UserData>
</Event>
<Event xmlns="http://schemas.microsoft.com/win/2004/08/events/event"><System><Provider Name="Microsoft-Windows-PrintService" Guid="{747ef6fd-e535-4d16-b510-42c90f6873a1}"></Provider>
<EventID Qualifiers="">307</EventID>
<Version>0</Version>
<Level>4</Level>
<Task>26</Task>
<Opcode>11</Opcode>
<Keywords>0x4000000000000840</Keywords>
<TimeCreated SystemTime="2019-04-30 12:22:15.385794"></TimeCreated>
<EventRecordID>314</EventRecordID>
<Correlation ActivityID="" RelatedActivityID=""></Correlation>
<Execution ProcessID="1180" ThreadID="4928"></Execution>
<Channel>Microsoft-Windows-PrintService/Operational</Channel>
<Computer>psusrvkr.siaint.ru</Computer>
<Security UserID="S-1-5-21-1881554536-3269615630-2240278496-9393"></Security>
</System>
<UserData><DocumentPrinted xmlns:auto-ns3="http://schemas.microsoft.com/win/2004/08/events" xmlns="http://manifests.microsoft.com/win/2005/08/windows/printing/spooler/core/events"><Param1>170</Param1>
<Param2>Microsoft Word - &#1044;&#1086;&#1082;&#1091;&#1084;&#1077;&#1085;&#1090; Microsoft Word</Param2>
<Param3>kirilenko_kv</Param3>
<Param4>ST179SB</Param4>
<Param5>Office_mb3</Param5>
<Param6>IP_192.168.152.52</Param6>
<Param7>36662</Param7>
<Param8>1</Param8>
</DocumentPrinted>
</UserData>
</Event>
<Event xmlns="http://schemas.microsoft.com/win/2004/08/events/event"><System><Provider Name="Microsoft-Windows-PrintService" Guid="{747ef6fd-e535-4d16-b510-42c90f6873a1}"></Provider>
<EventID Qualifiers="">307</EventID>
<Version>0</Version>
<Level>4</Level>
<Task>26</Task>
<Opcode>11</Opcode>
<Keywords>0x4000000000000840</Keywords>
<TimeCreated SystemTime="2019-04-30 12:22:26.323505"></TimeCreated>
<EventRecordID>319</EventRecordID>
<Correlation ActivityID="" RelatedActivityID=""></Correlation>
<Execution ProcessID="1180" ThreadID="4784"></Execution>
<Channel>Microsoft-Windows-PrintService/Operational</Channel>
<Computer>psusrvkr.siaint.ru</Computer>
<Security UserID="S-1-5-21-1881554536-3269615630-2240278496-29117"></Security>
</System>
<UserData><DocumentPrinted xmlns:auto-ns3="http://schemas.microsoft.com/win/2004/08/events" xmlns="http://manifests.microsoft.com/win/2005/08/windows/printing/spooler/core/events"><Param1>171</Param1>
<Param2>&#1056;&#1072;&#1079;&#1073;&#1080;&#1074;&#1082;&#1072; &#1057;&#1048;&#1040; &#8470; 3 &#1072;&#1074;&#1075;&#1091;&#1089;&#1090; 2018.xlsx</Param2>
<Param3>martynenko.av</Param3>
<Param4>ST186SB</Param4>
<Param5>Office_mb5</Param5>
<Param6>IP_192.168.152.52</Param6>
<Param7>71739</Param7>
<Param8>2</Param8>
</DocumentPrinted>
</UserData>
</Event>
<Event xmlns="http://schemas.microsoft.com/win/2004/08/events/event"><System><Provider Name="Microsoft-Windows-PrintService" Guid="{747ef6fd-e535-4d16-b510-42c90f6873a1}"></Provider>
<EventID Qualifiers="">307</EventID>
<Version>0</Version>
<Level>4</Level>
<Task>26</Task>
<Opcode>11</Opcode>
<Keywords>0x4000000000000840</Keywords>
<TimeCreated SystemTime="2019-04-30 12:22:59.214762"></TimeCreated>
<EventRecordID>324</EventRecordID>
<Correlation ActivityID="" RelatedActivityID=""></Correlation>
<Execution ProcessID="1180" ThreadID="2688"></Execution>
<Channel>Microsoft-Windows-PrintService/Operational</Channel>
<Computer>psusrvkr.siaint.ru</Computer>
<Security UserID="S-1-5-21-1881554536-3269615630-2240278496-9392"></Security>
</System>
<UserData><DocumentPrinted xmlns:auto-ns3="http://schemas.microsoft.com/win/2004/08/events" xmlns="http://manifests.microsoft.com/win/2005/08/windows/printing/spooler/core/events"><Param1>172</Param1>
<Param2>Microsoft Word - &#1044;&#1086;&#1082;&#1091;&#1084;&#1077;&#1085;&#1090;1</Param2>
<Param3>chistyakova_oa</Param3>
<Param4>KRMPZX643</Param4>
<Param5>Office_mb5</Param5>
<Param6>IP_192.168.152.52</Param6>
<Param7>38973</Param7>
<Param8>1</Param8>
</DocumentPrinted>
</UserData>
</Event>
<Event xmlns="http://schemas.microsoft.com/win/2004/08/events/event"><System><Provider Name="Microsoft-Windows-PrintService" Guid="{747ef6fd-e535-4d16-b510-42c90f6873a1}"></Provider>
<EventID Qualifiers="">307</EventID>
<Version>0</Version>
<Level>4</Level>
<Task>26</Task>
<Opcode>11</Opcode>
<Keywords>0x4000000000000840</Keywords>
<TimeCreated SystemTime="2019-04-30 12:23:46.371918"></TimeCreated>
<EventRecordID>329</EventRecordID>
<Correlation ActivityID="" RelatedActivityID=""></Correlation>
<Execution ProcessID="1180" ThreadID="3808"></Execution>
<Channel>Microsoft-Windows-PrintService/Operational</Channel>
<Computer>psusrvkr.siaint.ru</Computer>
<Security UserID="S-1-5-21-1881554536-3269615630-2240278496-22731"></Security>
</System>
<UserData><DocumentPrinted xmlns:auto-ns3="http://schemas.microsoft.com/win/2004/08/events" xmlns="http://manifests.microsoft.com/win/2005/08/windows/printing/spooler/core/events"><Param1>173</Param1>
<Param2>&#1053;&#1072; &#1088;&#1077;&#1079;&#1086;&#1083;&#1102;&#1094;&#1080;&#1102; &#1053;&#1054;&#1057;&#1072;</Param2>
<Param3>vasilyeva.na</Param3>
<Param4>KRMPZX262</Param4>
<Param5>kr_tovar_1</Param5>
<Param6>IP_192.168.152.50</Param6>
<Param7>93082</Param7>
<Param8>1</Param8>
</DocumentPrinted>
</UserData>
</Event>
<Event xmlns="http://schemas.microsoft.com/win/2004/08/events/event"><System><Provider Name="Microsoft-Windows-PrintService" Guid="{747ef6fd-e535-4d16-b510-42c90f6873a1}"></Provider>
<EventID Qualifiers="">307</EventID>
<Version>0</Version>
<Level>4</Level>
<Task>26</Task>
<Opcode>11</Opcode>
<Keywords>0x4000000000000840</Keywords>
<TimeCreated SystemTime="2019-04-30 12:23:53.715807"></TimeCreated>
<EventRecordID>334</EventRecordID>
<Correlation ActivityID="" RelatedActivityID=""></Correlation>
<Execution ProcessID="1180" ThreadID="3176"></Execution>
<Channel>Microsoft-Windows-PrintService/Operational</Channel>
<Computer>psusrvkr.siaint.ru</Computer>
<Security UserID="S-1-5-21-1881554536-3269615630-2240278496-22731"></Security>
</System>
<UserData><DocumentPrinted xmlns:auto-ns3="http://schemas.microsoft.com/win/2004/08/events" xmlns="http://manifests.microsoft.com/win/2005/08/windows/printing/spooler/core/events"><Param1>174</Param1>
<Param2>&#1053;&#1072; &#1088;&#1077;&#1079;&#1086;&#1083;&#1102;&#1094;&#1080;&#1102; &#1053;&#1054;&#1057;&#1072;</Param2>
<Param3>vasilyeva.na</Param3>
<Param4>KRMPZX262</Param4>
<Param5>kr_tovar_1</Param5>
<Param6>IP_192.168.152.50</Param6>
<Param7>90498</Param7>
<Param8>1</Param8>
</DocumentPrinted>
</UserData>
</Event>
<Event xmlns="http://schemas.microsoft.com/win/2004/08/events/event"><System><Provider Name="Microsoft-Windows-PrintService" Guid="{747ef6fd-e535-4d16-b510-42c90f6873a1}"></Provider>
<EventID Qualifiers="">307</EventID>
<Version>0</Version>
<Level>4</Level>
<Task>26</Task>
<Opcode>11</Opcode>
<Keywords>0x4000000000000840</Keywords>
<TimeCreated SystemTime="2019-04-30 12:23:56.715864"></TimeCreated>
<EventRecordID>339</EventRecordID>
<Correlation ActivityID="" RelatedActivityID=""></Correlation>
<Execution ProcessID="1180" ThreadID="3772"></Execution>
<Channel>Microsoft-Windows-PrintService/Operational</Channel>
<Computer>psusrvkr.siaint.ru</Computer>
<Security UserID="S-1-5-21-1881554536-3269615630-2240278496-9392"></Security>
</System>
<UserData><DocumentPrinted xmlns:auto-ns3="http://schemas.microsoft.com/win/2004/08/events" xmlns="http://manifests.microsoft.com/win/2005/08/windows/printing/spooler/core/events"><Param1>175</Param1>
<Param2>Microsoft Word - &#1044;&#1086;&#1082;&#1091;&#1084;&#1077;&#1085;&#1090;1</Param2>
<Param3>chistyakova_oa</Param3>
<Param4>KRMPZX643</Param4>
<Param5>Office_mb5</Param5>
<Param6>IP_192.168.152.52</Param6>
<Param7>38497</Param7>
<Param8>1</Param8>
</DocumentPrinted>
</UserData>
</Event>
<Event xmlns="http://schemas.microsoft.com/win/2004/08/events/event"><System><Provider Name="Microsoft-Windows-PrintService" Guid="{747ef6fd-e535-4d16-b510-42c90f6873a1}"></Provider>
<EventID Qualifiers="">307</EventID>
<Version>0</Version>
<Level>4</Level>
<Task>26</Task>
<Opcode>11</Opcode>
<Keywords>0x4000000000000840</Keywords>
<TimeCreated SystemTime="2019-04-30 12:24:01.340954"></TimeCreated>
<EventRecordID>344</EventRecordID>
<Correlation ActivityID="" RelatedActivityID=""></Correlation>
<Execution ProcessID="1180" ThreadID="3848"></Execution>
<Channel>Microsoft-Windows-PrintService/Operational</Channel>
<Computer>psusrvkr.siaint.ru</Computer>
<Security UserID="S-1-5-21-1881554536-3269615630-2240278496-22731"></Security>
</System>
<UserData><DocumentPrinted xmlns:auto-ns3="http://schemas.microsoft.com/win/2004/08/events" xmlns="http://manifests.microsoft.com/win/2005/08/windows/printing/spooler/core/events"><Param1>176</Param1>
<Param2>&#1053;&#1072; &#1088;&#1077;&#1079;&#1086;&#1083;&#1102;&#1094;&#1080;&#1102; &#1053;&#1054;&#1057;&#1072;</Param2>
<Param3>vasilyeva.na</Param3>
<Param4>KRMPZX262</Param4>
<Param5>kr_tovar_1</Param5>
<Param6>IP_192.168.152.50</Param6>
<Param7>84973</Param7>
<Param8>1</Param8>
</DocumentPrinted>
</UserData>
</Event>
<Event xmlns="http://schemas.microsoft.com/win/2004/08/events/event"><System><Provider Name="Microsoft-Windows-PrintService" Guid="{747ef6fd-e535-4d16-b510-42c90f6873a1}"></Provider>
<EventID Qualifiers="">307</EventID>
<Version>0</Version>
<Level>4</Level>
<Task>26</Task>
<Opcode>11</Opcode>
<Keywords>0x4000000000000840</Keywords>
<TimeCreated SystemTime="2019-04-30 12:24:10.794262"></TimeCreated>
<EventRecordID>349</EventRecordID>
<Correlation ActivityID="" RelatedActivityID=""></Correlation>
<Execution ProcessID="1180" ThreadID="4612"></Execution>
<Channel>Microsoft-Windows-PrintService/Operational</Channel>
<Computer>psusrvkr.siaint.ru</Computer>
<Security UserID="S-1-5-21-1881554536-3269615630-2240278496-22731"></Security>
</System>
<UserData><DocumentPrinted xmlns:auto-ns3="http://schemas.microsoft.com/win/2004/08/events" xmlns="http://manifests.microsoft.com/win/2005/08/windows/printing/spooler/core/events"><Param1>177</Param1>
<Param2>&#1053;&#1072; &#1088;&#1077;&#1079;&#1086;&#1083;&#1102;&#1094;&#1080;&#1102; &#1053;&#1054;&#1057;&#1072;</Param2>
<Param3>vasilyeva.na</Param3>
<Param4>KRMPZX262</Param4>
<Param5>kr_tovar_1</Param5>
<Param6>IP_192.168.152.50</Param6>
<Param7>84697</Param7>
<Param8>1</Param8>
</DocumentPrinted>
</UserData>
</Event>
<Event xmlns="http://schemas.microsoft.com/win/2004/08/events/event"><System><Provider Name="Microsoft-Windows-PrintService" Guid="{747ef6fd-e535-4d16-b510-42c90f6873a1}"></Provider>
<EventID Qualifiers="">307</EventID>
<Version>0</Version>
<Level>4</Level>
<Task>26</Task>
<Opcode>11</Opcode>
<Keywords>0x4000000000000840</Keywords>
<TimeCreated SystemTime="2019-04-30 12:24:23.700760"></TimeCreated>
<EventRecordID>354</EventRecordID>
<Correlation ActivityID="" RelatedActivityID=""></Correlation>
<Execution ProcessID="1180" ThreadID="4076"></Execution>
<Channel>Microsoft-Windows-PrintService/Operational</Channel>
<Computer>psusrvkr.siaint.ru</Computer>
<Security UserID="S-1-5-21-1881554536-3269615630-2240278496-22731"></Security>
</System>
<UserData><DocumentPrinted xmlns:auto-ns3="http://schemas.microsoft.com/win/2004/08/events" xmlns="http://manifests.microsoft.com/win/2005/08/windows/printing/spooler/core/events"><Param1>178</Param1>
<Param2>&#1053;&#1072; &#1088;&#1077;&#1079;&#1086;&#1083;&#1102;&#1094;&#1080;&#1102; &#1053;&#1054;&#1057;&#1072;</Param2>
<Param3>vasilyeva.na</Param3>
<Param4>KRMPZX262</Param4>
<Param5>kr_tovar_1</Param5>
<Param6>IP_192.168.152.50</Param6>
<Param7>83566</Param7>
<Param8>1</Param8>
</DocumentPrinted>
</UserData>
</Event>
<Event xmlns="http://schemas.microsoft.com/win/2004/08/events/event"><System><Provider Name="Microsoft-Windows-PrintService" Guid="{747ef6fd-e535-4d16-b510-42c90f6873a1}"></Provider>
<EventID Qualifiers="">307</EventID>
<Version>0</Version>
<Level>4</Level>
<Task>26</Task>
<Opcode>11</Opcode>
<Keywords>0x4000000000000840</Keywords>
<TimeCreated SystemTime="2019-04-30 12:24:46.482447"></TimeCreated>
<EventRecordID>359</EventRecordID>
<Correlation ActivityID="" RelatedActivityID=""></Correlation>
<Execution ProcessID="1180" ThreadID="4248"></Execution>
<Channel>Microsoft-Windows-PrintService/Operational</Channel>
<Computer>psusrvkr.siaint.ru</Computer>
<Security UserID="S-1-5-21-1881554536-3269615630-2240278496-22731"></Security>
</System>
<UserData><DocumentPrinted xmlns:auto-ns3="http://schemas.microsoft.com/win/2004/08/events" xmlns="http://manifests.microsoft.com/win/2005/08/windows/printing/spooler/core/events"><Param1>179</Param1>
<Param2>&#1053;&#1072; &#1088;&#1077;&#1079;&#1086;&#1083;&#1102;&#1094;&#1080;&#1102; &#1053;&#1054;&#1057;&#1072;</Param2>
<Param3>vasilyeva.na</Param3>
<Param4>KRMPZX262</Param4>
<Param5>kr_tovar_1</Param5>
<Param6>IP_192.168.152.50</Param6>
<Param7>83062</Param7>
<Param8>1</Param8>
</DocumentPrinted>
</UserData>
</Event>
<Event xmlns="http://schemas.microsoft.com/win/2004/08/events/event"><System><Provider Name="Microsoft-Windows-PrintService" Guid="{747ef6fd-e535-4d16-b510-42c90f6873a1}"></Provider>
<EventID Qualifiers="">307</EventID>
<Version>0</Version>
<Level>4</Level>
<Task>26</Task>
<Opcode>11</Opcode>
<Keywords>0x4000000000000840</Keywords>
<TimeCreated SystemTime="2019-04-30 12:24:56.498264"></TimeCreated>
<EventRecordID>364</EventRecordID>
<Correlation ActivityID="" RelatedActivityID=""></Correlation>
<Execution ProcessID="1180" ThreadID="4100"></Execution>
<Channel>Microsoft-Windows-PrintService/Operational</Channel>
<Computer>psusrvkr.siaint.ru</Computer>
<Security UserID="S-1-5-21-1881554536-3269615630-2240278496-22731"></Security>
</System>
<UserData><DocumentPrinted xmlns:auto-ns3="http://schemas.microsoft.com/win/2004/08/events" xmlns="http://manifests.microsoft.com/win/2005/08/windows/printing/spooler/core/events"><Param1>180</Param1>
<Param2>&#1053;&#1072; &#1088;&#1077;&#1079;&#1086;&#1083;&#1102;&#1094;&#1080;&#1102; &#1053;&#1054;&#1057;&#1072;</Param2>
<Param3>vasilyeva.na</Param3>
<Param4>KRMPZX262</Param4>
<Param5>kr_tovar_1</Param5>
<Param6>IP_192.168.152.50</Param6>
<Param7>92722</Param7>
<Param8>1</Param8>
</DocumentPrinted>
</UserData>
</Event>
<Event xmlns="http://schemas.microsoft.com/win/2004/08/events/event"><System><Provider Name="Microsoft-Windows-PrintService" Guid="{747ef6fd-e535-4d16-b510-42c90f6873a1}"></Provider>
<EventID Qualifiers="">307</EventID>
<Version>0</Version>
<Level>4</Level>
<Task>26</Task>
<Opcode>11</Opcode>
<Keywords>0x4000000000000840</Keywords>
<TimeCreated SystemTime="2019-04-30 12:25:07.139091"></TimeCreated>
<EventRecordID>369</EventRecordID>
<Correlation ActivityID="" RelatedActivityID=""></Correlation>
<Execution ProcessID="1180" ThreadID="3412"></Execution>
<Channel>Microsoft-Windows-PrintService/Operational</Channel>
<Computer>psusrvkr.siaint.ru</Computer>
<Security UserID="S-1-5-21-1881554536-3269615630-2240278496-22731"></Security>
</System>
<UserData><DocumentPrinted xmlns:auto-ns3="http://schemas.microsoft.com/win/2004/08/events" xmlns="http://manifests.microsoft.com/win/2005/08/windows/printing/spooler/core/events"><Param1>181</Param1>
<Param2>&#1053;&#1072; &#1088;&#1077;&#1079;&#1086;&#1083;&#1102;&#1094;&#1080;&#1102; &#1053;&#1054;&#1057;&#1072;</Param2>
<Param3>vasilyeva.na</Param3>
<Param4>KRMPZX262</Param4>
<Param5>kr_tovar_1</Param5>
<Param6>IP_192.168.152.50</Param6>
<Param7>84220</Param7>
<Param8>1</Param8>
</DocumentPrinted>
</UserData>
</Event>
<Event xmlns="http://schemas.microsoft.com/win/2004/08/events/event"><System><Provider Name="Microsoft-Windows-PrintService" Guid="{747ef6fd-e535-4d16-b510-42c90f6873a1}"></Provider>
<EventID Qualifiers="">307</EventID>
<Version>0</Version>
<Level>4</Level>
<Task>26</Task>
<Opcode>11</Opcode>
<Keywords>0x4000000000000840</Keywords>
<TimeCreated SystemTime="2019-04-30 12:25:13.951725"></TimeCreated>
<EventRecordID>374</EventRecordID>
<Correlation ActivityID="" RelatedActivityID=""></Correlation>
<Execution ProcessID="1180" ThreadID="3824"></Execution>
<Channel>Microsoft-Windows-PrintService/Operational</Channel>
<Computer>psusrvkr.siaint.ru</Computer>
<Security UserID="S-1-5-21-1881554536-3269615630-2240278496-22731"></Security>
</System>
<UserData><DocumentPrinted xmlns:auto-ns3="http://schemas.microsoft.com/win/2004/08/events" xmlns="http://manifests.microsoft.com/win/2005/08/windows/printing/spooler/core/events"><Param1>182</Param1>
<Param2>&#1053;&#1072; &#1088;&#1077;&#1079;&#1086;&#1083;&#1102;&#1094;&#1080;&#1102; &#1053;&#1054;&#1057;&#1072;</Param2>
<Param3>vasilyeva.na</Param3>
<Param4>KRMPZX262</Param4>
<Param5>kr_tovar_1</Param5>
<Param6>IP_192.168.152.50</Param6>
<Param7>83903</Param7>
<Param8>1</Param8>
</DocumentPrinted>
</UserData>
</Event>
<Event xmlns="http://schemas.microsoft.com/win/2004/08/events/event"><System><Provider Name="Microsoft-Windows-PrintService" Guid="{747ef6fd-e535-4d16-b510-42c90f6873a1}"></Provider>
<EventID Qualifiers="">307</EventID>
<Version>0</Version>
<Level>4</Level>
<Task>26</Task>
<Opcode>11</Opcode>
<Keywords>0x4000000000000840</Keywords>
<TimeCreated SystemTime="2019-04-30 12:25:21.654997"></TimeCreated>
<EventRecordID>379</EventRecordID>
<Correlation ActivityID="" RelatedActivityID=""></Correlation>
<Execution ProcessID="1180" ThreadID="4772"></Execution>
<Channel>Microsoft-Windows-PrintService/Operational</Channel>
<Computer>psusrvkr.siaint.ru</Computer>
<Security UserID="S-1-5-21-1881554536-3269615630-2240278496-22731"></Security>
</System>
<UserData><DocumentPrinted xmlns:auto-ns3="http://schemas.microsoft.com/win/2004/08/events" xmlns="http://manifests.microsoft.com/win/2005/08/windows/printing/spooler/core/events"><Param1>183</Param1>
<Param2>&#1053;&#1072; &#1088;&#1077;&#1079;&#1086;&#1083;&#1102;&#1094;&#1080;&#1102; &#1053;&#1054;&#1057;&#1072;</Param2>
<Param3>vasilyeva.na</Param3>
<Param4>KRMPZX262</Param4>
<Param5>kr_tovar_1</Param5>
<Param6>IP_192.168.152.50</Param6>
<Param7>84114</Param7>
<Param8>1</Param8>
</DocumentPrinted>
</UserData>
</Event>
<Event xmlns="http://schemas.microsoft.com/win/2004/08/events/event"><System><Provider Name="Microsoft-Windows-PrintService" Guid="{747ef6fd-e535-4d16-b510-42c90f6873a1}"></Provider>
<EventID Qualifiers="">307</EventID>
<Version>0</Version>
<Level>4</Level>
<Task>26</Task>
<Opcode>11</Opcode>
<Keywords>0x4000000000000840</Keywords>
<TimeCreated SystemTime="2019-04-30 12:25:29.295769"></TimeCreated>
<EventRecordID>384</EventRecordID>
<Correlation ActivityID="" RelatedActivityID=""></Correlation>
<Execution ProcessID="1180" ThreadID="3148"></Execution>
<Channel>Microsoft-Windows-PrintService/Operational</Channel>
<Computer>psusrvkr.siaint.ru</Computer>
<Security UserID="S-1-5-21-1881554536-3269615630-2240278496-22731"></Security>
</System>
<UserData><DocumentPrinted xmlns:auto-ns3="http://schemas.microsoft.com/win/2004/08/events" xmlns="http://manifests.microsoft.com/win/2005/08/windows/printing/spooler/core/events"><Param1>184</Param1>
<Param2>&#1053;&#1072; &#1088;&#1077;&#1079;&#1086;&#1083;&#1102;&#1094;&#1080;&#1102; &#1053;&#1054;&#1057;&#1072;</Param2>
<Param3>vasilyeva.na</Param3>
<Param4>KRMPZX262</Param4>
<Param5>kr_tovar_1</Param5>
<Param6>IP_192.168.152.50</Param6>
<Param7>86789</Param7>
<Param8>1</Param8>
</DocumentPrinted>
</UserData>
</Event>
<Event xmlns="http://schemas.microsoft.com/win/2004/08/events/event"><System><Provider Name="Microsoft-Windows-PrintService" Guid="{747ef6fd-e535-4d16-b510-42c90f6873a1}"></Provider>
<EventID Qualifiers="">307</EventID>
<Version>0</Version>
<Level>4</Level>
<Task>26</Task>
<Opcode>11</Opcode>
<Keywords>0x4000000000000840</Keywords>
<TimeCreated SystemTime="2019-04-30 12:25:37.077168"></TimeCreated>
<EventRecordID>389</EventRecordID>
<Correlation ActivityID="" RelatedActivityID=""></Correlation>
<Execution ProcessID="1180" ThreadID="868"></Execution>
<Channel>Microsoft-Windows-PrintService/Operational</Channel>
<Computer>psusrvkr.siaint.ru</Computer>
<Security UserID="S-1-5-21-1881554536-3269615630-2240278496-22731"></Security>
</System>
<UserData><DocumentPrinted xmlns:auto-ns3="http://schemas.microsoft.com/win/2004/08/events" xmlns="http://manifests.microsoft.com/win/2005/08/windows/printing/spooler/core/events"><Param1>185</Param1>
<Param2>&#1053;&#1072; &#1088;&#1077;&#1079;&#1086;&#1083;&#1102;&#1094;&#1080;&#1102; &#1053;&#1054;&#1057;&#1072;</Param2>
<Param3>vasilyeva.na</Param3>
<Param4>KRMPZX262</Param4>
<Param5>kr_tovar_1</Param5>
<Param6>IP_192.168.152.50</Param6>
<Param7>85010</Param7>
<Param8>1</Param8>
</DocumentPrinted>
</UserData>
</Event>
<Event xmlns="http://schemas.microsoft.com/win/2004/08/events/event"><System><Provider Name="Microsoft-Windows-PrintService" Guid="{747ef6fd-e535-4d16-b510-42c90f6873a1}"></Provider>
<EventID Qualifiers="">307</EventID>
<Version>0</Version>
<Level>4</Level>
<Task>26</Task>
<Opcode>11</Opcode>
<Keywords>0x4000000000000840</Keywords>
<TimeCreated SystemTime="2019-04-30 12:25:42.764776"></TimeCreated>
<EventRecordID>394</EventRecordID>
<Correlation ActivityID="" RelatedActivityID=""></Correlation>
<Execution ProcessID="1180" ThreadID="1592"></Execution>
<Channel>Microsoft-Windows-PrintService/Operational</Channel>
<Computer>psusrvkr.siaint.ru</Computer>
<Security UserID="S-1-5-21-1881554536-3269615630-2240278496-9392"></Security>
</System>
<UserData><DocumentPrinted xmlns:auto-ns3="http://schemas.microsoft.com/win/2004/08/events" xmlns="http://manifests.microsoft.com/win/2005/08/windows/printing/spooler/core/events"><Param1>186</Param1>
<Param2>Microsoft Word - &#1044;&#1086;&#1082;&#1091;&#1084;&#1077;&#1085;&#1090;1</Param2>
<Param3>chistyakova_oa</Param3>
<Param4>KRMPZX643</Param4>
<Param5>Office_mb5</Param5>
<Param6>IP_192.168.152.52</Param6>
<Param7>37268</Param7>
<Param8>1</Param8>
</DocumentPrinted>
</UserData>
</Event>
<Event xmlns="http://schemas.microsoft.com/win/2004/08/events/event"><System><Provider Name="Microsoft-Windows-PrintService" Guid="{747ef6fd-e535-4d16-b510-42c90f6873a1}"></Provider>
<EventID Qualifiers="">307</EventID>
<Version>0</Version>
<Level>4</Level>
<Task>26</Task>
<Opcode>11</Opcode>
<Keywords>0x4000000000000840</Keywords>
<TimeCreated SystemTime="2019-04-30 12:25:44.842941"></TimeCreated>
<EventRecordID>399</EventRecordID>
<Correlation ActivityID="" RelatedActivityID=""></Correlation>
<Execution ProcessID="1180" ThreadID="2692"></Execution>
<Channel>Microsoft-Windows-PrintService/Operational</Channel>
<Computer>psusrvkr.siaint.ru</Computer>
<Security UserID="S-1-5-21-1881554536-3269615630-2240278496-22731"></Security>
</System>
<UserData><DocumentPrinted xmlns:auto-ns3="http://schemas.microsoft.com/win/2004/08/events" xmlns="http://manifests.microsoft.com/win/2005/08/windows/printing/spooler/core/events"><Param1>187</Param1>
<Param2>&#1053;&#1072; &#1088;&#1077;&#1079;&#1086;&#1083;&#1102;&#1094;&#1080;&#1102; &#1053;&#1054;&#1057;&#1072;</Param2>
<Param3>vasilyeva.na</Param3>
<Param4>KRMPZX262</Param4>
<Param5>kr_tovar_1</Param5>
<Param6>IP_192.168.152.50</Param6>
<Param7>86688</Param7>
<Param8>1</Param8>
</DocumentPrinted>
</UserData>
</Event>
