<Event xmlns="http://schemas.microsoft.com/win/2004/08/events/event"><System><Provider Name="Microsoft-Windows-PrintService" Guid="{747ef6fd-e535-4d16-b510-42c90f6873a1}"></Provider>
<EventID Qualifiers="">307</EventID>
<Version>0</Version>
<Level>4</Level>
<Task>26</Task>
<Opcode>11</Opcode>
<Keywords>0x4000000000000840</Keywords>
<TimeCreated SystemTime="2019-04-30 16:07:06.277103"></TimeCreated>
<EventRecordID>1684</EventRecordID>
<Correlation ActivityID="" RelatedActivityID=""></Correlation>
<Execution ProcessID="1180" ThreadID="2620"></Execution>
<Channel>Microsoft-Windows-PrintService/Operational</Channel>
<Computer>psusrvkr.siaint.ru</Computer>
<Security UserID="S-1-5-21-1881554536-3269615630-2240278496-10914"></Security>
</System>
<UserData><DocumentPrinted xmlns:auto-ns3="http://schemas.microsoft.com/win/2004/08/events" xmlns="http://manifests.microsoft.com/win/2005/08/windows/printing/spooler/core/events"><Param1>129</Param1>
<Param2>Microsoft Word - &#1040;&#1082;&#1090; &#1087;&#1088;&#1080;&#1077;&#1084;&#1072; &#1087;&#1077;&#1088;&#1077;&#1076;&#1072;&#1095;&#1080; 218 &#1072;&#1091;&#1082;</Param2>
<Param3>malafeeva_mm</Param3>
<Param4>KRMPZX634</Param4>
<Param5>Office_mb2</Param5>
<Param6>IP_192.168.152.52</Param6>
<Param7>124157</Param7>
<Param8>1</Param8>
</DocumentPrinted>
</UserData>
</Event>
<Event xmlns="http://schemas.microsoft.com/win/2004/08/events/event"><System><Provider Name="Microsoft-Windows-PrintService" Guid="{747ef6fd-e535-4d16-b510-42c90f6873a1}"></Provider>
<EventID Qualifiers="">307</EventID>
<Version>0</Version>
<Level>4</Level>
<Task>26</Task>
<Opcode>11</Opcode>
<Keywords>0x4000000000000840</Keywords>
<TimeCreated SystemTime="2019-04-30 16:07:28.808786"></TimeCreated>
<EventRecordID>1689</EventRecordID>
<Correlation ActivityID="" RelatedActivityID=""></Correlation>
<Execution ProcessID="1180" ThreadID="3060"></Execution>
<Channel>Microsoft-Windows-PrintService/Operational</Channel>
<Computer>psusrvkr.siaint.ru</Computer>
<Security UserID="S-1-5-21-1881554536-3269615630-2240278496-10914"></Security>
</System>
<UserData><DocumentPrinted xmlns:auto-ns3="http://schemas.microsoft.com/win/2004/08/events" xmlns="http://manifests.microsoft.com/win/2005/08/windows/printing/spooler/core/events"><Param1>130</Param1>
<Param2>&#1050;&#1080;&#1090;&#1088;&#1091;&#1076;&#1072; 8302609002.pdf</Param2>
<Param3>malafeeva_mm</Param3>
<Param4>KRMPZX634</Param4>
<Param5>Office_mb2</Param5>
<Param6>IP_192.168.152.52</Param6>
<Param7>5925476</Param7>
<Param8>4</Param8>
</DocumentPrinted>
</UserData>
</Event>
<Event xmlns="http://schemas.microsoft.com/win/2004/08/events/event"><System><Provider Name="Microsoft-Windows-PrintService" Guid="{747ef6fd-e535-4d16-b510-42c90f6873a1}"></Provider>
<EventID Qualifiers="">307</EventID>
<Version>0</Version>
<Level>4</Level>
<Task>26</Task>
<Opcode>11</Opcode>
<Keywords>0x4000000000000840</Keywords>
<TimeCreated SystemTime="2019-04-30 16:07:36.855818"></TimeCreated>
<EventRecordID>1694</EventRecordID>
<Correlation ActivityID="" RelatedActivityID=""></Correlation>
<Execution ProcessID="1180" ThreadID="3896"></Execution>
<Channel>Microsoft-Windows-PrintService/Operational</Channel>
<Computer>psusrvkr.siaint.ru</Computer>
<Security UserID="S-1-5-21-1881554536-3269615630-2240278496-10914"></Security>
</System>
<UserData><DocumentPrinted xmlns:auto-ns3="http://schemas.microsoft.com/win/2004/08/events" xmlns="http://manifests.microsoft.com/win/2005/08/windows/printing/spooler/core/events"><Param1>131</Param1>
<Param2>&#1055;&#1088;&#1080;&#1083;&#1086;&#1078;&#1077;&#1085;&#1080;&#1077;.xls</Param2>
<Param3>malafeeva_mm</Param3>
<Param4>KRMPZX634</Param4>
<Param5>Office_mb2</Param5>
<Param6>IP_192.168.152.52</Param6>
<Param7>54656</Param7>
<Param8>1</Param8>
</DocumentPrinted>
</UserData>
</Event>
<Event xmlns="http://schemas.microsoft.com/win/2004/08/events/event"><System><Provider Name="Microsoft-Windows-PrintService" Guid="{747ef6fd-e535-4d16-b510-42c90f6873a1}"></Provider>
<EventID Qualifiers="">307</EventID>
<Version>0</Version>
<Level>4</Level>
<Task>26</Task>
<Opcode>11</Opcode>
<Keywords>0x4000000000000840</Keywords>
<TimeCreated SystemTime="2019-04-30 16:07:46.684130"></TimeCreated>
<EventRecordID>1699</EventRecordID>
<Correlation ActivityID="" RelatedActivityID=""></Correlation>
<Execution ProcessID="1180" ThreadID="4832"></Execution>
<Channel>Microsoft-Windows-PrintService/Operational</Channel>
<Computer>psusrvkr.siaint.ru</Computer>
<Security UserID="S-1-5-21-1881554536-3269615630-2240278496-10914"></Security>
</System>
<UserData><DocumentPrinted xmlns:auto-ns3="http://schemas.microsoft.com/win/2004/08/events" xmlns="http://manifests.microsoft.com/win/2005/08/windows/printing/spooler/core/events"><Param1>132</Param1>
<Param2>&#1055;&#1088;&#1086;&#1090;&#1086;&#1082;&#1086;&#1083;.xls</Param2>
<Param3>malafeeva_mm</Param3>
<Param4>KRMPZX634</Param4>
<Param5>Office_mb2</Param5>
<Param6>IP_192.168.152.52</Param6>
<Param7>336960</Param7>
<Param8>1</Param8>
</DocumentPrinted>
</UserData>
</Event>
<Event xmlns="http://schemas.microsoft.com/win/2004/08/events/event"><System><Provider Name="Microsoft-Windows-PrintService" Guid="{747ef6fd-e535-4d16-b510-42c90f6873a1}"></Provider>
<EventID Qualifiers="">307</EventID>
<Version>0</Version>
<Level>4</Level>
<Task>26</Task>
<Opcode>11</Opcode>
<Keywords>0x4000000000000840</Keywords>
<TimeCreated SystemTime="2019-04-30 16:09:45.139528"></TimeCreated>
<EventRecordID>1707</EventRecordID>
<Correlation ActivityID="" RelatedActivityID=""></Correlation>
<Execution ProcessID="1180" ThreadID="4744"></Execution>
<Channel>Microsoft-Windows-PrintService/Operational</Channel>
<Computer>psusrvkr.siaint.ru</Computer>
<Security UserID="S-1-5-21-1881554536-3269615630-2240278496-10914"></Security>
</System>
<UserData><DocumentPrinted xmlns:auto-ns3="http://schemas.microsoft.com/win/2004/08/events" xmlns="http://manifests.microsoft.com/win/2005/08/windows/printing/spooler/core/events"><Param1>133</Param1>
<Param2>&#1056;&#1059; &#1050;&#1080;&#1090;&#1088;&#1091;&#1076;&#1072;.pdf</Param2>
<Param3>malafeeva_mm</Param3>
<Param4>KRMPZX634</Param4>
<Param5>Office_mb2</Param5>
<Param6>IP_192.168.152.52</Param6>
<Param7>4086664</Param7>
<Param8>2</Param8>
</DocumentPrinted>
</UserData>
</Event>
<Event xmlns="http://schemas.microsoft.com/win/2004/08/events/event"><System><Provider Name="Microsoft-Windows-PrintService" Guid="{747ef6fd-e535-4d16-b510-42c90f6873a1}"></Provider>
<EventID Qualifiers="">307</EventID>
<Version>0</Version>
<Level>4</Level>
<Task>26</Task>
<Opcode>11</Opcode>
<Keywords>0x4000000000000840</Keywords>
<TimeCreated SystemTime="2019-04-30 16:09:46.405178"></TimeCreated>
<EventRecordID>1711</EventRecordID>
<Correlation ActivityID="" RelatedActivityID=""></Correlation>
<Execution ProcessID="1180" ThreadID="4744"></Execution>
<Channel>Microsoft-Windows-PrintService/Operational</Channel>
<Computer>psusrvkr.siaint.ru</Computer>
<Security UserID="S-1-5-21-1881554536-3269615630-2240278496-10914"></Security>
</System>
<UserData><DocumentPrinted xmlns:auto-ns3="http://schemas.microsoft.com/win/2004/08/events" xmlns="http://manifests.microsoft.com/win/2005/08/windows/printing/spooler/core/events"><Param1>134</Param1>
<Param2>&#1057;&#1095;&#1077;&#1090; &#1092;&#1072;&#1082;&#1090;&#1091;&#1088;&#1072;.xls</Param2>
<Param3>malafeeva_mm</Param3>
<Param4>KRMPZX634</Param4>
<Param5>Office_mb2</Param5>
<Param6>IP_192.168.152.52</Param6>
<Param7>795432</Param7>
<Param8>1</Param8>
</DocumentPrinted>
</UserData>
</Event>
<Event xmlns="http://schemas.microsoft.com/win/2004/08/events/event"><System><Provider Name="Microsoft-Windows-PrintService" Guid="{747ef6fd-e535-4d16-b510-42c90f6873a1}"></Provider>
<EventID Qualifiers="">307</EventID>
<Version>0</Version>
<Level>4</Level>
<Task>26</Task>
<Opcode>11</Opcode>
<Keywords>0x4000000000000840</Keywords>
<TimeCreated SystemTime="2019-04-30 16:09:47.358322"></TimeCreated>
<EventRecordID>1715</EventRecordID>
<Correlation ActivityID="" RelatedActivityID=""></Correlation>
<Execution ProcessID="1180" ThreadID="4744"></Execution>
<Channel>Microsoft-Windows-PrintService/Operational</Channel>
<Computer>psusrvkr.siaint.ru</Computer>
<Security UserID="S-1-5-21-1881554536-3269615630-2240278496-10914"></Security>
</System>
<UserData><DocumentPrinted xmlns:auto-ns3="http://schemas.microsoft.com/win/2004/08/events" xmlns="http://manifests.microsoft.com/win/2005/08/windows/printing/spooler/core/events"><Param1>135</Param1>
<Param2>&#1057;&#1095;&#1077;&#1090;.xls</Param2>
<Param3>malafeeva_mm</Param3>
<Param4>KRMPZX634</Param4>
<Param5>Office_mb2</Param5>
<Param6>IP_192.168.152.52</Param6>
<Param7>357056</Param7>
<Param8>1</Param8>
</DocumentPrinted>
</UserData>
</Event>
<Event xmlns="http://schemas.microsoft.com/win/2004/08/events/event"><System><Provider Name="Microsoft-Windows-PrintService" Guid="{747ef6fd-e535-4d16-b510-42c90f6873a1}"></Provider>
<EventID Qualifiers="">307</EventID>
<Version>0</Version>
<Level>4</Level>
<Task>26</Task>
<Opcode>11</Opcode>
<Keywords>0x4000000000000840</Keywords>
<TimeCreated SystemTime="2019-04-30 16:09:48.467718"></TimeCreated>
<EventRecordID>1719</EventRecordID>
<Correlation ActivityID="" RelatedActivityID=""></Correlation>
<Execution ProcessID="1180" ThreadID="4744"></Execution>
<Channel>Microsoft-Windows-PrintService/Operational</Channel>
<Computer>psusrvkr.siaint.ru</Computer>
<Security UserID="S-1-5-21-1881554536-3269615630-2240278496-10914"></Security>
</System>
<UserData><DocumentPrinted xmlns:auto-ns3="http://schemas.microsoft.com/win/2004/08/events" xmlns="http://manifests.microsoft.com/win/2005/08/windows/printing/spooler/core/events"><Param1>136</Param1>
<Param2>&#1058;&#1086;&#1088;&#1075; 12 218 &#1072;&#1091;&#1082;.xls</Param2>
<Param3>malafeeva_mm</Param3>
<Param4>KRMPZX634</Param4>
<Param5>Office_mb2</Param5>
<Param6>IP_192.168.152.52</Param6>
<Param7>764092</Param7>
<Param8>1</Param8>
</DocumentPrinted>
</UserData>
</Event>
<Event xmlns="http://schemas.microsoft.com/win/2004/08/events/event"><System><Provider Name="Microsoft-Windows-PrintService" Guid="{747ef6fd-e535-4d16-b510-42c90f6873a1}"></Provider>
<EventID Qualifiers="">307</EventID>
<Version>0</Version>
<Level>4</Level>
<Task>26</Task>
<Opcode>11</Opcode>
<Keywords>0x4000000000000840</Keywords>
<TimeCreated SystemTime="2019-04-30 16:11:57.860828"></TimeCreated>
<EventRecordID>1724</EventRecordID>
<Correlation ActivityID="" RelatedActivityID=""></Correlation>
<Execution ProcessID="1180" ThreadID="3832"></Execution>
<Channel>Microsoft-Windows-PrintService/Operational</Channel>
<Computer>psusrvkr.siaint.ru</Computer>
<Security UserID="S-1-5-21-1881554536-3269615630-2240278496-29117"></Security>
</System>
<UserData><DocumentPrinted xmlns:auto-ns3="http://schemas.microsoft.com/win/2004/08/events" xmlns="http://manifests.microsoft.com/win/2005/08/windows/printing/spooler/core/events"><Param1>137</Param1>
<Param2>FastReport: &#1053;&#1072;&#1082;&#1083;&#1072;&#1076;&#1085;&#1072;&#1103; &#1057;&#1042;&#1054;&#1044;&#1053;&#1040;&#1071; (&#1087;&#1086;&#1089;&#1077;&#1088;&#1080;&#1081;&#1085;&#1086;) (&#1087;&#1072;&#1082;) &#1053;&#1086;&#1074;&#1072;&#1103;</Param2>
<Param3>martynenko.av</Param3>
<Param4>ST186SB</Param4>
<Param5>Office_mb5</Param5>
<Param6>IP_192.168.152.52</Param6>
<Param7>182891</Param7>
<Param8>2</Param8>
</DocumentPrinted>
</UserData>
</Event>
<Event xmlns="http://schemas.microsoft.com/win/2004/08/events/event"><System><Provider Name="Microsoft-Windows-PrintService" Guid="{747ef6fd-e535-4d16-b510-42c90f6873a1}"></Provider>
<EventID Qualifiers="">307</EventID>
<Version>0</Version>
<Level>4</Level>
<Task>26</Task>
<Opcode>11</Opcode>
<Keywords>0x4000000000000840</Keywords>
<TimeCreated SystemTime="2019-04-30 16:18:02.320950"></TimeCreated>
<EventRecordID>1729</EventRecordID>
<Correlation ActivityID="" RelatedActivityID=""></Correlation>
<Execution ProcessID="1180" ThreadID="4816"></Execution>
<Channel>Microsoft-Windows-PrintService/Operational</Channel>
<Computer>psusrvkr.siaint.ru</Computer>
<Security UserID="S-1-5-21-1881554536-3269615630-2240278496-29117"></Security>
</System>
<UserData><DocumentPrinted xmlns:auto-ns3="http://schemas.microsoft.com/win/2004/08/events" xmlns="http://manifests.microsoft.com/win/2005/08/windows/printing/spooler/core/events"><Param1>138</Param1>
<Param2>FastReport: &#1053;&#1072;&#1082;&#1083;&#1072;&#1076;&#1085;&#1072;&#1103; &#1057;&#1042;&#1054;&#1044;&#1053;&#1040;&#1071; (&#1087;&#1086;&#1089;&#1077;&#1088;&#1080;&#1081;&#1085;&#1086;) (&#1087;&#1072;&#1082;) &#1053;&#1086;&#1074;&#1072;&#1103;</Param2>
<Param3>martynenko.av</Param3>
<Param4>ST186SB</Param4>
<Param5>Office_mb5</Param5>
<Param6>IP_192.168.152.52</Param6>
<Param7>224934</Param7>
<Param8>2</Param8>
</DocumentPrinted>
</UserData>
</Event>
<Event xmlns="http://schemas.microsoft.com/win/2004/08/events/event"><System><Provider Name="Microsoft-Windows-PrintService" Guid="{747ef6fd-e535-4d16-b510-42c90f6873a1}"></Provider>
<EventID Qualifiers="">307</EventID>
<Version>0</Version>
<Level>4</Level>
<Task>26</Task>
<Opcode>11</Opcode>
<Keywords>0x4000000000000840</Keywords>
<TimeCreated SystemTime="2019-04-30 16:23:44.655647"></TimeCreated>
<EventRecordID>1734</EventRecordID>
<Correlation ActivityID="" RelatedActivityID=""></Correlation>
<Execution ProcessID="1180" ThreadID="4792"></Execution>
<Channel>Microsoft-Windows-PrintService/Operational</Channel>
<Computer>psusrvkr.siaint.ru</Computer>
<Security UserID="S-1-5-21-1881554536-3269615630-2240278496-10914"></Security>
</System>
<UserData><DocumentPrinted xmlns:auto-ns3="http://schemas.microsoft.com/win/2004/08/events" xmlns="http://manifests.microsoft.com/win/2005/08/windows/printing/spooler/core/events"><Param1>139</Param1>
<Param2>Microsoft Word - &#1040;&#1082;&#1090; &#1087;&#1088;&#1080;&#1077;&#1084;&#1072; &#1087;&#1077;&#1088;&#1077;&#1076;&#1072;&#1095;&#1080; 219 &#1072;&#1091;&#1082;</Param2>
<Param3>malafeeva_mm</Param3>
<Param4>KRMPZX634</Param4>
<Param5>Office_mb2</Param5>
<Param6>IP_192.168.152.52</Param6>
<Param7>124113</Param7>
<Param8>1</Param8>
</DocumentPrinted>
</UserData>
</Event>
<Event xmlns="http://schemas.microsoft.com/win/2004/08/events/event"><System><Provider Name="Microsoft-Windows-PrintService" Guid="{747ef6fd-e535-4d16-b510-42c90f6873a1}"></Provider>
<EventID Qualifiers="">307</EventID>
<Version>0</Version>
<Level>4</Level>
<Task>26</Task>
<Opcode>11</Opcode>
<Keywords>0x4000000000000840</Keywords>
<TimeCreated SystemTime="2019-04-30 16:24:02.140358"></TimeCreated>
<EventRecordID>1739</EventRecordID>
<Correlation ActivityID="" RelatedActivityID=""></Correlation>
<Execution ProcessID="1180" ThreadID="2064"></Execution>
<Channel>Microsoft-Windows-PrintService/Operational</Channel>
<Computer>psusrvkr.siaint.ru</Computer>
<Security UserID="S-1-5-21-1881554536-3269615630-2240278496-10914"></Security>
</System>
<UserData><DocumentPrinted xmlns:auto-ns3="http://schemas.microsoft.com/win/2004/08/events" xmlns="http://manifests.microsoft.com/win/2005/08/windows/printing/spooler/core/events"><Param1>140</Param1>
<Param2>&#1050;&#1080;&#1090;&#1088;&#1091;&#1076;&#1072; 8302609002.pdf</Param2>
<Param3>malafeeva_mm</Param3>
<Param4>KRMPZX634</Param4>
<Param5>Office_mb2</Param5>
<Param6>IP_192.168.152.52</Param6>
<Param7>5925476</Param7>
<Param8>4</Param8>
</DocumentPrinted>
</UserData>
</Event>
<Event xmlns="http://schemas.microsoft.com/win/2004/08/events/event"><System><Provider Name="Microsoft-Windows-PrintService" Guid="{747ef6fd-e535-4d16-b510-42c90f6873a1}"></Provider>
<EventID Qualifiers="">307</EventID>
<Version>0</Version>
<Level>4</Level>
<Task>26</Task>
<Opcode>11</Opcode>
<Keywords>0x4000000000000840</Keywords>
<TimeCreated SystemTime="2019-04-30 16:24:06.859200"></TimeCreated>
<EventRecordID>1744</EventRecordID>
<Correlation ActivityID="" RelatedActivityID=""></Correlation>
<Execution ProcessID="1180" ThreadID="3788"></Execution>
<Channel>Microsoft-Windows-PrintService/Operational</Channel>
<Computer>psusrvkr.siaint.ru</Computer>
<Security UserID="S-1-5-21-1881554536-3269615630-2240278496-10914"></Security>
</System>
<UserData><DocumentPrinted xmlns:auto-ns3="http://schemas.microsoft.com/win/2004/08/events" xmlns="http://manifests.microsoft.com/win/2005/08/windows/printing/spooler/core/events"><Param1>141</Param1>
<Param2>&#1055;&#1088;&#1080;&#1083;&#1086;&#1078;&#1077;&#1085;&#1080;&#1077;.xls</Param2>
<Param3>malafeeva_mm</Param3>
<Param4>KRMPZX634</Param4>
<Param5>Office_mb2</Param5>
<Param6>IP_192.168.152.52</Param6>
<Param7>54656</Param7>
<Param8>1</Param8>
</DocumentPrinted>
</UserData>
</Event>
<Event xmlns="http://schemas.microsoft.com/win/2004/08/events/event"><System><Provider Name="Microsoft-Windows-PrintService" Guid="{747ef6fd-e535-4d16-b510-42c90f6873a1}"></Provider>
<EventID Qualifiers="">307</EventID>
<Version>0</Version>
<Level>4</Level>
<Task>26</Task>
<Opcode>11</Opcode>
<Keywords>0x4000000000000840</Keywords>
<TimeCreated SystemTime="2019-04-30 16:24:16.625011"></TimeCreated>
<EventRecordID>1749</EventRecordID>
<Correlation ActivityID="" RelatedActivityID=""></Correlation>
<Execution ProcessID="1180" ThreadID="1800"></Execution>
<Channel>Microsoft-Windows-PrintService/Operational</Channel>
<Computer>psusrvkr.siaint.ru</Computer>
<Security UserID="S-1-5-21-1881554536-3269615630-2240278496-10914"></Security>
</System>
<UserData><DocumentPrinted xmlns:auto-ns3="http://schemas.microsoft.com/win/2004/08/events" xmlns="http://manifests.microsoft.com/win/2005/08/windows/printing/spooler/core/events"><Param1>142</Param1>
<Param2>&#1055;&#1088;&#1086;&#1090;&#1086;&#1082;&#1086;&#1083;.xls</Param2>
<Param3>malafeeva_mm</Param3>
<Param4>KRMPZX634</Param4>
<Param5>Office_mb2</Param5>
<Param6>IP_192.168.152.52</Param6>
<Param7>336960</Param7>
<Param8>1</Param8>
</DocumentPrinted>
</UserData>
</Event>
<Event xmlns="http://schemas.microsoft.com/win/2004/08/events/event"><System><Provider Name="Microsoft-Windows-PrintService" Guid="{747ef6fd-e535-4d16-b510-42c90f6873a1}"></Provider>
<EventID Qualifiers="">307</EventID>
<Version>0</Version>
<Level>4</Level>
<Task>26</Task>
<Opcode>11</Opcode>
<Keywords>0x4000000000000840</Keywords>
<TimeCreated SystemTime="2019-04-30 16:24:29.719011"></TimeCreated>
<EventRecordID>1754</EventRecordID>
<Correlation ActivityID="" RelatedActivityID=""></Correlation>
<Execution ProcessID="1180" ThreadID="3896"></Execution>
<Channel>Microsoft-Windows-PrintService/Operational</Channel>
<Computer>psusrvkr.siaint.ru</Computer>
<Security UserID="S-1-5-21-1881554536-3269615630-2240278496-10914"></Security>
</System>
<UserData><DocumentPrinted xmlns:auto-ns3="http://schemas.microsoft.com/win/2004/08/events" xmlns="http://manifests.microsoft.com/win/2005/08/windows/printing/spooler/core/events"><Param1>143</Param1>
<Param2>&#1056;&#1059; &#1050;&#1080;&#1090;&#1088;&#1091;&#1076;&#1072;.pdf</Param2>
<Param3>malafeeva_mm</Param3>
<Param4>KRMPZX634</Param4>
<Param5>Office_mb2</Param5>
<Param6>IP_192.168.152.52</Param6>
<Param7>4086664</Param7>
<Param8>2</Param8>
</DocumentPrinted>
</UserData>
</Event>
<Event xmlns="http://schemas.microsoft.com/win/2004/08/events/event"><System><Provider Name="Microsoft-Windows-PrintService" Guid="{747ef6fd-e535-4d16-b510-42c90f6873a1}"></Provider>
<EventID Qualifiers="">307</EventID>
<Version>0</Version>
<Level>4</Level>
<Task>26</Task>
<Opcode>11</Opcode>
<Keywords>0x4000000000000840</Keywords>
<TimeCreated SystemTime="2019-04-30 16:24:37.500412"></TimeCreated>
<EventRecordID>1759</EventRecordID>
<Correlation ActivityID="" RelatedActivityID=""></Correlation>
<Execution ProcessID="1180" ThreadID="4572"></Execution>
<Channel>Microsoft-Windows-PrintService/Operational</Channel>
<Computer>psusrvkr.siaint.ru</Computer>
<Security UserID="S-1-5-21-1881554536-3269615630-2240278496-10914"></Security>
</System>
<UserData><DocumentPrinted xmlns:auto-ns3="http://schemas.microsoft.com/win/2004/08/events" xmlns="http://manifests.microsoft.com/win/2005/08/windows/printing/spooler/core/events"><Param1>144</Param1>
<Param2>&#1057;&#1095;&#1077;&#1090; &#1092;&#1072;&#1082;&#1090;&#1091;&#1088;&#1072;.xls</Param2>
<Param3>malafeeva_mm</Param3>
<Param4>KRMPZX634</Param4>
<Param5>Office_mb2</Param5>
<Param6>IP_192.168.152.52</Param6>
<Param7>795432</Param7>
<Param8>1</Param8>
</DocumentPrinted>
</UserData>
</Event>
<Event xmlns="http://schemas.microsoft.com/win/2004/08/events/event"><System><Provider Name="Microsoft-Windows-PrintService" Guid="{747ef6fd-e535-4d16-b510-42c90f6873a1}"></Provider>
<EventID Qualifiers="">307</EventID>
<Version>0</Version>
<Level>4</Level>
<Task>26</Task>
<Opcode>11</Opcode>
<Keywords>0x4000000000000840</Keywords>
<TimeCreated SystemTime="2019-04-30 16:24:48.188118"></TimeCreated>
<EventRecordID>1764</EventRecordID>
<Correlation ActivityID="" RelatedActivityID=""></Correlation>
<Execution ProcessID="1180" ThreadID="3060"></Execution>
<Channel>Microsoft-Windows-PrintService/Operational</Channel>
<Computer>psusrvkr.siaint.ru</Computer>
<Security UserID="S-1-5-21-1881554536-3269615630-2240278496-10914"></Security>
</System>
<UserData><DocumentPrinted xmlns:auto-ns3="http://schemas.microsoft.com/win/2004/08/events" xmlns="http://manifests.microsoft.com/win/2005/08/windows/printing/spooler/core/events"><Param1>145</Param1>
<Param2>&#1057;&#1095;&#1077;&#1090;.xls</Param2>
<Param3>malafeeva_mm</Param3>
<Param4>KRMPZX634</Param4>
<Param5>Office_mb2</Param5>
<Param6>IP_192.168.152.52</Param6>
<Param7>357056</Param7>
<Param8>1</Param8>
</DocumentPrinted>
</UserData>
</Event>
<Event xmlns="http://schemas.microsoft.com/win/2004/08/events/event"><System><Provider Name="Microsoft-Windows-PrintService" Guid="{747ef6fd-e535-4d16-b510-42c90f6873a1}"></Provider>
<EventID Qualifiers="">307</EventID>
<Version>0</Version>
<Level>4</Level>
<Task>26</Task>
<Opcode>11</Opcode>
<Keywords>0x4000000000000840</Keywords>
<TimeCreated SystemTime="2019-04-30 16:24:57.375795"></TimeCreated>
<EventRecordID>1769</EventRecordID>
<Correlation ActivityID="" RelatedActivityID=""></Correlation>
<Execution ProcessID="1180" ThreadID="4468"></Execution>
<Channel>Microsoft-Windows-PrintService/Operational</Channel>
<Computer>psusrvkr.siaint.ru</Computer>
<Security UserID="S-1-5-21-1881554536-3269615630-2240278496-10914"></Security>
</System>
<UserData><DocumentPrinted xmlns:auto-ns3="http://schemas.microsoft.com/win/2004/08/events" xmlns="http://manifests.microsoft.com/win/2005/08/windows/printing/spooler/core/events"><Param1>146</Param1>
<Param2>&#1058;&#1086;&#1088;&#1075; 12 219 &#1072;&#1091;&#1082;.xls</Param2>
<Param3>malafeeva_mm</Param3>
<Param4>KRMPZX634</Param4>
<Param5>Office_mb2</Param5>
<Param6>IP_192.168.152.52</Param6>
<Param7>764508</Param7>
<Param8>1</Param8>
</DocumentPrinted>
</UserData>
</Event>
<Event xmlns="http://schemas.microsoft.com/win/2004/08/events/event"><System><Provider Name="Microsoft-Windows-PrintService" Guid="{747ef6fd-e535-4d16-b510-42c90f6873a1}"></Provider>
<EventID Qualifiers="">307</EventID>
<Version>0</Version>
<Level>4</Level>
<Task>26</Task>
<Opcode>11</Opcode>
<Keywords>0x4000000000000840</Keywords>
<TimeCreated SystemTime="2019-04-30 16:25:16.313658"></TimeCreated>
<EventRecordID>1774</EventRecordID>
<Correlation ActivityID="" RelatedActivityID=""></Correlation>
<Execution ProcessID="1180" ThreadID="4184"></Execution>
<Channel>Microsoft-Windows-PrintService/Operational</Channel>
<Computer>psusrvkr.siaint.ru</Computer>
<Security UserID="S-1-5-21-1881554536-3269615630-2240278496-10914"></Security>
</System>
<UserData><DocumentPrinted xmlns:auto-ns3="http://schemas.microsoft.com/win/2004/08/events" xmlns="http://manifests.microsoft.com/win/2005/08/windows/printing/spooler/core/events"><Param1>147</Param1>
<Param2>Microsoft Word - &#1040;&#1082;&#1090; &#1087;&#1088;&#1080;&#1077;&#1084;&#1072; &#1087;&#1077;&#1088;&#1077;&#1076;&#1072;&#1095;&#1080; 220 &#1072;&#1091;&#1082;</Param2>
<Param3>malafeeva_mm</Param3>
<Param4>KRMPZX634</Param4>
<Param5>Office_mb2</Param5>
<Param6>IP_192.168.152.52</Param6>
<Param7>124157</Param7>
<Param8>1</Param8>
</DocumentPrinted>
</UserData>
</Event>
<Event xmlns="http://schemas.microsoft.com/win/2004/08/events/event"><System><Provider Name="Microsoft-Windows-PrintService" Guid="{747ef6fd-e535-4d16-b510-42c90f6873a1}"></Provider>
<EventID Qualifiers="">307</EventID>
<Version>0</Version>
<Level>4</Level>
<Task>26</Task>
<Opcode>11</Opcode>
<Keywords>0x4000000000000840</Keywords>
<TimeCreated SystemTime="2019-04-30 16:25:30.360802"></TimeCreated>
<EventRecordID>1779</EventRecordID>
<Correlation ActivityID="" RelatedActivityID=""></Correlation>
<Execution ProcessID="1180" ThreadID="5008"></Execution>
<Channel>Microsoft-Windows-PrintService/Operational</Channel>
<Computer>psusrvkr.siaint.ru</Computer>
<Security UserID="S-1-5-21-1881554536-3269615630-2240278496-10914"></Security>
</System>
<UserData><DocumentPrinted xmlns:auto-ns3="http://schemas.microsoft.com/win/2004/08/events" xmlns="http://manifests.microsoft.com/win/2005/08/windows/printing/spooler/core/events"><Param1>148</Param1>
<Param2>&#1050;&#1080;&#1090;&#1088;&#1091;&#1076;&#1072; 8302609002.pdf</Param2>
<Param3>malafeeva_mm</Param3>
<Param4>KRMPZX634</Param4>
<Param5>Office_mb2</Param5>
<Param6>IP_192.168.152.52</Param6>
<Param7>5925476</Param7>
<Param8>4</Param8>
</DocumentPrinted>
</UserData>
</Event>
<Event xmlns="http://schemas.microsoft.com/win/2004/08/events/event"><System><Provider Name="Microsoft-Windows-PrintService" Guid="{747ef6fd-e535-4d16-b510-42c90f6873a1}"></Provider>
<EventID Qualifiers="">307</EventID>
<Version>0</Version>
<Level>4</Level>
<Task>26</Task>
<Opcode>11</Opcode>
<Keywords>0x4000000000000840</Keywords>
<TimeCreated SystemTime="2019-04-30 16:25:33.892118"></TimeCreated>
<EventRecordID>1784</EventRecordID>
<Correlation ActivityID="" RelatedActivityID=""></Correlation>
<Execution ProcessID="1180" ThreadID="4284"></Execution>
<Channel>Microsoft-Windows-PrintService/Operational</Channel>
<Computer>psusrvkr.siaint.ru</Computer>
<Security UserID="S-1-5-21-1881554536-3269615630-2240278496-10914"></Security>
</System>
<UserData><DocumentPrinted xmlns:auto-ns3="http://schemas.microsoft.com/win/2004/08/events" xmlns="http://manifests.microsoft.com/win/2005/08/windows/printing/spooler/core/events"><Param1>149</Param1>
<Param2>&#1055;&#1088;&#1080;&#1083;&#1086;&#1078;&#1077;&#1085;&#1080;&#1077;.xls</Param2>
<Param3>malafeeva_mm</Param3>
<Param4>KRMPZX634</Param4>
<Param5>Office_mb2</Param5>
<Param6>IP_192.168.152.52</Param6>
<Param7>54656</Param7>
<Param8>1</Param8>
</DocumentPrinted>
</UserData>
</Event>
<Event xmlns="http://schemas.microsoft.com/win/2004/08/events/event"><System><Provider Name="Microsoft-Windows-PrintService" Guid="{747ef6fd-e535-4d16-b510-42c90f6873a1}"></Provider>
<EventID Qualifiers="">307</EventID>
<Version>0</Version>
<Level>4</Level>
<Task>26</Task>
<Opcode>11</Opcode>
<Keywords>0x4000000000000840</Keywords>
<TimeCreated SystemTime="2019-04-30 16:25:41.829773"></TimeCreated>
<EventRecordID>1789</EventRecordID>
<Correlation ActivityID="" RelatedActivityID=""></Correlation>
<Execution ProcessID="1180" ThreadID="4960"></Execution>
<Channel>Microsoft-Windows-PrintService/Operational</Channel>
<Computer>psusrvkr.siaint.ru</Computer>
<Security UserID="S-1-5-21-1881554536-3269615630-2240278496-10914"></Security>
</System>
<UserData><DocumentPrinted xmlns:auto-ns3="http://schemas.microsoft.com/win/2004/08/events" xmlns="http://manifests.microsoft.com/win/2005/08/windows/printing/spooler/core/events"><Param1>150</Param1>
<Param2>&#1055;&#1088;&#1086;&#1090;&#1086;&#1082;&#1086;&#1083;.xls</Param2>
<Param3>malafeeva_mm</Param3>
<Param4>KRMPZX634</Param4>
<Param5>Office_mb2</Param5>
<Param6>IP_192.168.152.52</Param6>
<Param7>336960</Param7>
<Param8>1</Param8>
</DocumentPrinted>
</UserData>
</Event>
<Event xmlns="http://schemas.microsoft.com/win/2004/08/events/event"><System><Provider Name="Microsoft-Windows-PrintService" Guid="{747ef6fd-e535-4d16-b510-42c90f6873a1}"></Provider>
<EventID Qualifiers="">307</EventID>
<Version>0</Version>
<Level>4</Level>
<Task>26</Task>
<Opcode>11</Opcode>
<Keywords>0x4000000000000840</Keywords>
<TimeCreated SystemTime="2019-04-30 16:25:53.111238"></TimeCreated>
<EventRecordID>1794</EventRecordID>
<Correlation ActivityID="" RelatedActivityID=""></Correlation>
<Execution ProcessID="1180" ThreadID="4816"></Execution>
<Channel>Microsoft-Windows-PrintService/Operational</Channel>
<Computer>psusrvkr.siaint.ru</Computer>
<Security UserID="S-1-5-21-1881554536-3269615630-2240278496-10914"></Security>
</System>
<UserData><DocumentPrinted xmlns:auto-ns3="http://schemas.microsoft.com/win/2004/08/events" xmlns="http://manifests.microsoft.com/win/2005/08/windows/printing/spooler/core/events"><Param1>151</Param1>
<Param2>&#1056;&#1059; &#1050;&#1080;&#1090;&#1088;&#1091;&#1076;&#1072;.pdf</Param2>
<Param3>malafeeva_mm</Param3>
<Param4>KRMPZX634</Param4>
<Param5>Office_mb2</Param5>
<Param6>IP_192.168.152.52</Param6>
<Param7>4086664</Param7>
<Param8>2</Param8>
</DocumentPrinted>
</UserData>
</Event>
<Event xmlns="http://schemas.microsoft.com/win/2004/08/events/event"><System><Provider Name="Microsoft-Windows-PrintService" Guid="{747ef6fd-e535-4d16-b510-42c90f6873a1}"></Provider>
<EventID Qualifiers="">307</EventID>
<Version>0</Version>
<Level>4</Level>
<Task>26</Task>
<Opcode>11</Opcode>
<Keywords>0x4000000000000840</Keywords>
<TimeCreated SystemTime="2019-04-30 16:26:01.408274"></TimeCreated>
<EventRecordID>1799</EventRecordID>
<Correlation ActivityID="" RelatedActivityID=""></Correlation>
<Execution ProcessID="1180" ThreadID="708"></Execution>
<Channel>Microsoft-Windows-PrintService/Operational</Channel>
<Computer>psusrvkr.siaint.ru</Computer>
<Security UserID="S-1-5-21-1881554536-3269615630-2240278496-10914"></Security>
</System>
<UserData><DocumentPrinted xmlns:auto-ns3="http://schemas.microsoft.com/win/2004/08/events" xmlns="http://manifests.microsoft.com/win/2005/08/windows/printing/spooler/core/events"><Param1>152</Param1>
<Param2>&#1057;&#1095;&#1077;&#1090; &#1092;&#1072;&#1082;&#1090;&#1091;&#1088;&#1072;.xls</Param2>
<Param3>malafeeva_mm</Param3>
<Param4>KRMPZX634</Param4>
<Param5>Office_mb2</Param5>
<Param6>IP_192.168.152.52</Param6>
<Param7>795432</Param7>
<Param8>1</Param8>
</DocumentPrinted>
</UserData>
</Event>
<Event xmlns="http://schemas.microsoft.com/win/2004/08/events/event"><System><Provider Name="Microsoft-Windows-PrintService" Guid="{747ef6fd-e535-4d16-b510-42c90f6873a1}"></Provider>
<EventID Qualifiers="">307</EventID>
<Version>0</Version>
<Level>4</Level>
<Task>26</Task>
<Opcode>11</Opcode>
<Keywords>0x4000000000000840</Keywords>
<TimeCreated SystemTime="2019-04-30 16:26:10.970957"></TimeCreated>
<EventRecordID>1804</EventRecordID>
<Correlation ActivityID="" RelatedActivityID=""></Correlation>
<Execution ProcessID="1180" ThreadID="2032"></Execution>
<Channel>Microsoft-Windows-PrintService/Operational</Channel>
<Computer>psusrvkr.siaint.ru</Computer>
<Security UserID="S-1-5-21-1881554536-3269615630-2240278496-10914"></Security>
</System>
<UserData><DocumentPrinted xmlns:auto-ns3="http://schemas.microsoft.com/win/2004/08/events" xmlns="http://manifests.microsoft.com/win/2005/08/windows/printing/spooler/core/events"><Param1>153</Param1>
<Param2>&#1057;&#1095;&#1077;&#1090;.xls</Param2>
<Param3>malafeeva_mm</Param3>
<Param4>KRMPZX634</Param4>
<Param5>Office_mb2</Param5>
<Param6>IP_192.168.152.52</Param6>
<Param7>357056</Param7>
<Param8>1</Param8>
</DocumentPrinted>
</UserData>
</Event>
<Event xmlns="http://schemas.microsoft.com/win/2004/08/events/event"><System><Provider Name="Microsoft-Windows-PrintService" Guid="{747ef6fd-e535-4d16-b510-42c90f6873a1}"></Provider>
<EventID Qualifiers="">307</EventID>
<Version>0</Version>
<Level>4</Level>
<Task>26</Task>
<Opcode>11</Opcode>
<Keywords>0x4000000000000840</Keywords>
<TimeCreated SystemTime="2019-04-30 16:26:19.346117"></TimeCreated>
<EventRecordID>1809</EventRecordID>
<Correlation ActivityID="" RelatedActivityID=""></Correlation>
<Execution ProcessID="1180" ThreadID="808"></Execution>
<Channel>Microsoft-Windows-PrintService/Operational</Channel>
<Computer>psusrvkr.siaint.ru</Computer>
<Security UserID="S-1-5-21-1881554536-3269615630-2240278496-10914"></Security>
</System>
<UserData><DocumentPrinted xmlns:auto-ns3="http://schemas.microsoft.com/win/2004/08/events" xmlns="http://manifests.microsoft.com/win/2005/08/windows/printing/spooler/core/events"><Param1>154</Param1>
<Param2>&#1058;&#1086;&#1088;&#1075; 12 220.xls</Param2>
<Param3>malafeeva_mm</Param3>
<Param4>KRMPZX634</Param4>
<Param5>Office_mb2</Param5>
<Param6>IP_192.168.152.52</Param6>
<Param7>764092</Param7>
<Param8>1</Param8>
</DocumentPrinted>
</UserData>
</Event>
<Event xmlns="http://schemas.microsoft.com/win/2004/08/events/event"><System><Provider Name="Microsoft-Windows-PrintService" Guid="{747ef6fd-e535-4d16-b510-42c90f6873a1}"></Provider>
<EventID Qualifiers="">307</EventID>
<Version>0</Version>
<Level>4</Level>
<Task>26</Task>
<Opcode>11</Opcode>
<Keywords>0x4000000000000840</Keywords>
<TimeCreated SystemTime="2019-04-30 16:26:34.908916"></TimeCreated>
<EventRecordID>1814</EventRecordID>
<Correlation ActivityID="" RelatedActivityID=""></Correlation>
<Execution ProcessID="1180" ThreadID="1632"></Execution>
<Channel>Microsoft-Windows-PrintService/Operational</Channel>
<Computer>psusrvkr.siaint.ru</Computer>
<Security UserID="S-1-5-21-1881554536-3269615630-2240278496-10914"></Security>
</System>
<UserData><DocumentPrinted xmlns:auto-ns3="http://schemas.microsoft.com/win/2004/08/events" xmlns="http://manifests.microsoft.com/win/2005/08/windows/printing/spooler/core/events"><Param1>155</Param1>
<Param2>Microsoft Word - &#1040;&#1082;&#1090; &#1087;&#1088;&#1080;&#1077;&#1084;&#1072; &#1087;&#1077;&#1088;&#1077;&#1076;&#1072;&#1095;&#1080; 221 &#1072;&#1091;&#1082;</Param2>
<Param3>malafeeva_mm</Param3>
<Param4>KRMPZX634</Param4>
<Param5>Office_mb2</Param5>
<Param6>IP_192.168.152.52</Param6>
<Param7>124139</Param7>
<Param8>1</Param8>
</DocumentPrinted>
</UserData>
</Event>
<Event xmlns="http://schemas.microsoft.com/win/2004/08/events/event"><System><Provider Name="Microsoft-Windows-PrintService" Guid="{747ef6fd-e535-4d16-b510-42c90f6873a1}"></Provider>
<EventID Qualifiers="">307</EventID>
<Version>0</Version>
<Level>4</Level>
<Task>26</Task>
<Opcode>11</Opcode>
<Keywords>0x4000000000000840</Keywords>
<TimeCreated SystemTime="2019-04-30 16:26:48.971685"></TimeCreated>
<EventRecordID>1819</EventRecordID>
<Correlation ActivityID="" RelatedActivityID=""></Correlation>
<Execution ProcessID="1180" ThreadID="1500"></Execution>
<Channel>Microsoft-Windows-PrintService/Operational</Channel>
<Computer>psusrvkr.siaint.ru</Computer>
<Security UserID="S-1-5-21-1881554536-3269615630-2240278496-10914"></Security>
</System>
<UserData><DocumentPrinted xmlns:auto-ns3="http://schemas.microsoft.com/win/2004/08/events" xmlns="http://manifests.microsoft.com/win/2005/08/windows/printing/spooler/core/events"><Param1>156</Param1>
<Param2>&#1050;&#1080;&#1090;&#1088;&#1091;&#1076;&#1072; 8302609002.pdf</Param2>
<Param3>malafeeva_mm</Param3>
<Param4>KRMPZX634</Param4>
<Param5>Office_mb2</Param5>
<Param6>IP_192.168.152.52</Param6>
<Param7>5925476</Param7>
<Param8>4</Param8>
</DocumentPrinted>
</UserData>
</Event>
<Event xmlns="http://schemas.microsoft.com/win/2004/08/events/event"><System><Provider Name="Microsoft-Windows-PrintService" Guid="{747ef6fd-e535-4d16-b510-42c90f6873a1}"></Provider>
<EventID Qualifiers="">307</EventID>
<Version>0</Version>
<Level>4</Level>
<Task>26</Task>
<Opcode>11</Opcode>
<Keywords>0x4000000000000840</Keywords>
<TimeCreated SystemTime="2019-04-30 16:26:52.924887"></TimeCreated>
<EventRecordID>1824</EventRecordID>
<Correlation ActivityID="" RelatedActivityID=""></Correlation>
<Execution ProcessID="1180" ThreadID="368"></Execution>
<Channel>Microsoft-Windows-PrintService/Operational</Channel>
<Computer>psusrvkr.siaint.ru</Computer>
<Security UserID="S-1-5-21-1881554536-3269615630-2240278496-10914"></Security>
</System>
<UserData><DocumentPrinted xmlns:auto-ns3="http://schemas.microsoft.com/win/2004/08/events" xmlns="http://manifests.microsoft.com/win/2005/08/windows/printing/spooler/core/events"><Param1>157</Param1>
<Param2>&#1055;&#1088;&#1080;&#1083;&#1086;&#1078;&#1077;&#1085;&#1080;&#1077;.xls</Param2>
<Param3>malafeeva_mm</Param3>
<Param4>KRMPZX634</Param4>
<Param5>Office_mb2</Param5>
<Param6>IP_192.168.152.52</Param6>
<Param7>54656</Param7>
<Param8>1</Param8>
</DocumentPrinted>
</UserData>
</Event>
<Event xmlns="http://schemas.microsoft.com/win/2004/08/events/event"><System><Provider Name="Microsoft-Windows-PrintService" Guid="{747ef6fd-e535-4d16-b510-42c90f6873a1}"></Provider>
<EventID Qualifiers="">307</EventID>
<Version>0</Version>
<Level>4</Level>
<Task>26</Task>
<Opcode>11</Opcode>
<Keywords>0x4000000000000840</Keywords>
<TimeCreated SystemTime="2019-04-30 16:27:02.378195"></TimeCreated>
<EventRecordID>1829</EventRecordID>
<Correlation ActivityID="" RelatedActivityID=""></Correlation>
<Execution ProcessID="1180" ThreadID="3372"></Execution>
<Channel>Microsoft-Windows-PrintService/Operational</Channel>
<Computer>psusrvkr.siaint.ru</Computer>
<Security UserID="S-1-5-21-1881554536-3269615630-2240278496-10914"></Security>
</System>
<UserData><DocumentPrinted xmlns:auto-ns3="http://schemas.microsoft.com/win/2004/08/events" xmlns="http://manifests.microsoft.com/win/2005/08/windows/printing/spooler/core/events"><Param1>158</Param1>
<Param2>&#1055;&#1088;&#1086;&#1090;&#1086;&#1082;&#1086;&#1083;.xls</Param2>
<Param3>malafeeva_mm</Param3>
<Param4>KRMPZX634</Param4>
<Param5>Office_mb2</Param5>
<Param6>IP_192.168.152.52</Param6>
<Param7>336960</Param7>
<Param8>1</Param8>
</DocumentPrinted>
</UserData>
</Event>
<Event xmlns="http://schemas.microsoft.com/win/2004/08/events/event"><System><Provider Name="Microsoft-Windows-PrintService" Guid="{747ef6fd-e535-4d16-b510-42c90f6873a1}"></Provider>
<EventID Qualifiers="">307</EventID>
<Version>0</Version>
<Level>4</Level>
<Task>26</Task>
<Opcode>11</Opcode>
<Keywords>0x4000000000000840</Keywords>
<TimeCreated SystemTime="2019-04-30 16:27:13.722160"></TimeCreated>
<EventRecordID>1834</EventRecordID>
<Correlation ActivityID="" RelatedActivityID=""></Correlation>
<Execution ProcessID="1180" ThreadID="2740"></Execution>
<Channel>Microsoft-Windows-PrintService/Operational</Channel>
<Computer>psusrvkr.siaint.ru</Computer>
<Security UserID="S-1-5-21-1881554536-3269615630-2240278496-10914"></Security>
</System>
<UserData><DocumentPrinted xmlns:auto-ns3="http://schemas.microsoft.com/win/2004/08/events" xmlns="http://manifests.microsoft.com/win/2005/08/windows/printing/spooler/core/events"><Param1>159</Param1>
<Param2>&#1056;&#1059; &#1050;&#1080;&#1090;&#1088;&#1091;&#1076;&#1072;.pdf</Param2>
<Param3>malafeeva_mm</Param3>
<Param4>KRMPZX634</Param4>
<Param5>Office_mb2</Param5>
<Param6>IP_192.168.152.52</Param6>
<Param7>4086664</Param7>
<Param8>2</Param8>
</DocumentPrinted>
</UserData>
</Event>
<Event xmlns="http://schemas.microsoft.com/win/2004/08/events/event"><System><Provider Name="Microsoft-Windows-PrintService" Guid="{747ef6fd-e535-4d16-b510-42c90f6873a1}"></Provider>
<EventID Qualifiers="">307</EventID>
<Version>0</Version>
<Level>4</Level>
<Task>26</Task>
<Opcode>11</Opcode>
<Keywords>0x4000000000000840</Keywords>
<TimeCreated SystemTime="2019-04-30 16:27:21.316057"></TimeCreated>
<EventRecordID>1839</EventRecordID>
<Correlation ActivityID="" RelatedActivityID=""></Correlation>
<Execution ProcessID="1180" ThreadID="4172"></Execution>
<Channel>Microsoft-Windows-PrintService/Operational</Channel>
<Computer>psusrvkr.siaint.ru</Computer>
<Security UserID="S-1-5-21-1881554536-3269615630-2240278496-10914"></Security>
</System>
<UserData><DocumentPrinted xmlns:auto-ns3="http://schemas.microsoft.com/win/2004/08/events" xmlns="http://manifests.microsoft.com/win/2005/08/windows/printing/spooler/core/events"><Param1>160</Param1>
<Param2>&#1057;&#1095;&#1077;&#1090; &#1092;&#1072;&#1082;&#1090;&#1091;&#1088;&#1072;.xls</Param2>
<Param3>malafeeva_mm</Param3>
<Param4>KRMPZX634</Param4>
<Param5>Office_mb2</Param5>
<Param6>IP_192.168.152.52</Param6>
<Param7>795432</Param7>
<Param8>1</Param8>
</DocumentPrinted>
</UserData>
</Event>
<Event xmlns="http://schemas.microsoft.com/win/2004/08/events/event"><System><Provider Name="Microsoft-Windows-PrintService" Guid="{747ef6fd-e535-4d16-b510-42c90f6873a1}"></Provider>
<EventID Qualifiers="">307</EventID>
<Version>0</Version>
<Level>4</Level>
<Task>26</Task>
<Opcode>11</Opcode>
<Keywords>0x4000000000000840</Keywords>
<TimeCreated SystemTime="2019-04-30 16:27:30.206854"></TimeCreated>
<EventRecordID>1844</EventRecordID>
<Correlation ActivityID="" RelatedActivityID=""></Correlation>
<Execution ProcessID="1180" ThreadID="2684"></Execution>
<Channel>Microsoft-Windows-PrintService/Operational</Channel>
<Computer>psusrvkr.siaint.ru</Computer>
<Security UserID="S-1-5-21-1881554536-3269615630-2240278496-10914"></Security>
</System>
<UserData><DocumentPrinted xmlns:auto-ns3="http://schemas.microsoft.com/win/2004/08/events" xmlns="http://manifests.microsoft.com/win/2005/08/windows/printing/spooler/core/events"><Param1>161</Param1>
<Param2>&#1057;&#1095;&#1077;&#1090;.xls</Param2>
<Param3>malafeeva_mm</Param3>
<Param4>KRMPZX634</Param4>
<Param5>Office_mb2</Param5>
<Param6>IP_192.168.152.52</Param6>
<Param7>357056</Param7>
<Param8>1</Param8>
</DocumentPrinted>
</UserData>
</Event>
<Event xmlns="http://schemas.microsoft.com/win/2004/08/events/event"><System><Provider Name="Microsoft-Windows-PrintService" Guid="{747ef6fd-e535-4d16-b510-42c90f6873a1}"></Provider>
<EventID Qualifiers="">307</EventID>
<Version>0</Version>
<Level>4</Level>
<Task>26</Task>
<Opcode>11</Opcode>
<Keywords>0x4000000000000840</Keywords>
<TimeCreated SystemTime="2019-04-30 16:27:38.191381"></TimeCreated>
<EventRecordID>1849</EventRecordID>
<Correlation ActivityID="" RelatedActivityID=""></Correlation>
<Execution ProcessID="1180" ThreadID="3104"></Execution>
<Channel>Microsoft-Windows-PrintService/Operational</Channel>
<Computer>psusrvkr.siaint.ru</Computer>
<Security UserID="S-1-5-21-1881554536-3269615630-2240278496-29117"></Security>
</System>
<UserData><DocumentPrinted xmlns:auto-ns3="http://schemas.microsoft.com/win/2004/08/events" xmlns="http://manifests.microsoft.com/win/2005/08/windows/printing/spooler/core/events"><Param1>162</Param1>
<Param2>&#1089;&#1083;&#1072;&#1074;&#1103;&#1085;&#1089;&#1082;</Param2>
<Param3>martynenko.av</Param3>
<Param4>ST186SB</Param4>
<Param5>Office_mb5</Param5>
<Param6>IP_192.168.152.52</Param6>
<Param7>1124372</Param7>
<Param8>1</Param8>
</DocumentPrinted>
</UserData>
</Event>
<Event xmlns="http://schemas.microsoft.com/win/2004/08/events/event"><System><Provider Name="Microsoft-Windows-PrintService" Guid="{747ef6fd-e535-4d16-b510-42c90f6873a1}"></Provider>
<EventID Qualifiers="">307</EventID>
<Version>0</Version>
<Level>4</Level>
<Task>26</Task>
<Opcode>11</Opcode>
<Keywords>0x4000000000000840</Keywords>
<TimeCreated SystemTime="2019-04-30 16:27:39.332027"></TimeCreated>
<EventRecordID>1854</EventRecordID>
<Correlation ActivityID="" RelatedActivityID=""></Correlation>
<Execution ProcessID="1180" ThreadID="3412"></Execution>
<Channel>Microsoft-Windows-PrintService/Operational</Channel>
<Computer>psusrvkr.siaint.ru</Computer>
<Security UserID="S-1-5-21-1881554536-3269615630-2240278496-10914"></Security>
</System>
<UserData><DocumentPrinted xmlns:auto-ns3="http://schemas.microsoft.com/win/2004/08/events" xmlns="http://manifests.microsoft.com/win/2005/08/windows/printing/spooler/core/events"><Param1>163</Param1>
<Param2>&#1058;&#1086;&#1088;&#1075; 12 221 .xls</Param2>
<Param3>malafeeva_mm</Param3>
<Param4>KRMPZX634</Param4>
<Param5>Office_mb2</Param5>
<Param6>IP_192.168.152.52</Param6>
<Param7>764092</Param7>
<Param8>1</Param8>
</DocumentPrinted>
</UserData>
</Event>
<Event xmlns="http://schemas.microsoft.com/win/2004/08/events/event"><System><Provider Name="Microsoft-Windows-PrintService" Guid="{747ef6fd-e535-4d16-b510-42c90f6873a1}"></Provider>
<EventID Qualifiers="">307</EventID>
<Version>0</Version>
<Level>4</Level>
<Task>26</Task>
<Opcode>11</Opcode>
<Keywords>0x4000000000000840</Keywords>
<TimeCreated SystemTime="2019-04-30 16:28:31.051771"></TimeCreated>
<EventRecordID>1859</EventRecordID>
<Correlation ActivityID="" RelatedActivityID=""></Correlation>
<Execution ProcessID="1180" ThreadID="4872"></Execution>
<Channel>Microsoft-Windows-PrintService/Operational</Channel>
<Computer>psusrvkr.siaint.ru</Computer>
<Security UserID="S-1-5-21-1881554536-3269615630-2240278496-10914"></Security>
</System>
<UserData><DocumentPrinted xmlns:auto-ns3="http://schemas.microsoft.com/win/2004/08/events" xmlns="http://manifests.microsoft.com/win/2005/08/windows/printing/spooler/core/events"><Param1>164</Param1>
<Param2>Microsoft Word - &#1040;&#1082;&#1090; &#1087;&#1088;&#1080;&#1077;&#1084;&#1072; &#1087;&#1077;&#1088;&#1077;&#1076;&#1072;&#1095;&#1080; 222 &#1072;&#1091;&#1082;</Param2>
<Param3>malafeeva_mm</Param3>
<Param4>KRMPZX634</Param4>
<Param5>Office_mb2</Param5>
<Param6>IP_192.168.152.52</Param6>
<Param7>124139</Param7>
<Param8>1</Param8>
</DocumentPrinted>
</UserData>
</Event>
<Event xmlns="http://schemas.microsoft.com/win/2004/08/events/event"><System><Provider Name="Microsoft-Windows-PrintService" Guid="{747ef6fd-e535-4d16-b510-42c90f6873a1}"></Provider>
<EventID Qualifiers="">307</EventID>
<Version>0</Version>
<Level>4</Level>
<Task>26</Task>
<Opcode>11</Opcode>
<Keywords>0x4000000000000840</Keywords>
<TimeCreated SystemTime="2019-04-30 16:28:46.052059"></TimeCreated>
<EventRecordID>1864</EventRecordID>
<Correlation ActivityID="" RelatedActivityID=""></Correlation>
<Execution ProcessID="1180" ThreadID="3988"></Execution>
<Channel>Microsoft-Windows-PrintService/Operational</Channel>
<Computer>psusrvkr.siaint.ru</Computer>
<Security UserID="S-1-5-21-1881554536-3269615630-2240278496-10914"></Security>
</System>
<UserData><DocumentPrinted xmlns:auto-ns3="http://schemas.microsoft.com/win/2004/08/events" xmlns="http://manifests.microsoft.com/win/2005/08/windows/printing/spooler/core/events"><Param1>165</Param1>
<Param2>&#1050;&#1080;&#1090;&#1088;&#1091;&#1076;&#1072; 8302609002.pdf</Param2>
<Param3>malafeeva_mm</Param3>
<Param4>KRMPZX634</Param4>
<Param5>Office_mb2</Param5>
<Param6>IP_192.168.152.52</Param6>
<Param7>5925476</Param7>
<Param8>4</Param8>
</DocumentPrinted>
</UserData>
</Event>
<Event xmlns="http://schemas.microsoft.com/win/2004/08/events/event"><System><Provider Name="Microsoft-Windows-PrintService" Guid="{747ef6fd-e535-4d16-b510-42c90f6873a1}"></Provider>
<EventID Qualifiers="">307</EventID>
<Version>0</Version>
<Level>4</Level>
<Task>26</Task>
<Opcode>11</Opcode>
<Keywords>0x4000000000000840</Keywords>
<TimeCreated SystemTime="2019-04-30 16:28:49.567751"></TimeCreated>
<EventRecordID>1869</EventRecordID>
<Correlation ActivityID="" RelatedActivityID=""></Correlation>
<Execution ProcessID="1180" ThreadID="4880"></Execution>
<Channel>Microsoft-Windows-PrintService/Operational</Channel>
<Computer>psusrvkr.siaint.ru</Computer>
<Security UserID="S-1-5-21-1881554536-3269615630-2240278496-10914"></Security>
</System>
<UserData><DocumentPrinted xmlns:auto-ns3="http://schemas.microsoft.com/win/2004/08/events" xmlns="http://manifests.microsoft.com/win/2005/08/windows/printing/spooler/core/events"><Param1>166</Param1>
<Param2>&#1055;&#1088;&#1080;&#1083;&#1086;&#1078;&#1077;&#1085;&#1080;&#1077;.xls</Param2>
<Param3>malafeeva_mm</Param3>
<Param4>KRMPZX634</Param4>
<Param5>Office_mb2</Param5>
<Param6>IP_192.168.152.52</Param6>
<Param7>54656</Param7>
<Param8>1</Param8>
</DocumentPrinted>
</UserData>
</Event>
<Event xmlns="http://schemas.microsoft.com/win/2004/08/events/event"><System><Provider Name="Microsoft-Windows-PrintService" Guid="{747ef6fd-e535-4d16-b510-42c90f6873a1}"></Provider>
<EventID Qualifiers="">307</EventID>
<Version>0</Version>
<Level>4</Level>
<Task>26</Task>
<Opcode>11</Opcode>
<Keywords>0x4000000000000840</Keywords>
<TimeCreated SystemTime="2019-04-30 16:28:57.052269"></TimeCreated>
<EventRecordID>1874</EventRecordID>
<Correlation ActivityID="" RelatedActivityID=""></Correlation>
<Execution ProcessID="1180" ThreadID="4480"></Execution>
<Channel>Microsoft-Windows-PrintService/Operational</Channel>
<Computer>psusrvkr.siaint.ru</Computer>
<Security UserID="S-1-5-21-1881554536-3269615630-2240278496-29117"></Security>
</System>
<UserData><DocumentPrinted xmlns:auto-ns3="http://schemas.microsoft.com/win/2004/08/events" xmlns="http://manifests.microsoft.com/win/2005/08/windows/printing/spooler/core/events"><Param1>167</Param1>
<Param2>&#1042;&#1086; &#1074;&#1089;&#1102; &#1089;&#1090;&#1088;&#1072;&#1085;&#1080;&#1094;&#1091;</Param2>
<Param3>martynenko.av</Param3>
<Param4>ST186SB</Param4>
<Param5>Office_mb5</Param5>
<Param6>IP_192.168.152.52</Param6>
<Param7>1168530</Param7>
<Param8>1</Param8>
</DocumentPrinted>
</UserData>
</Event>
