<Event xmlns="http://schemas.microsoft.com/win/2004/08/events/event"><System><Provider Name="Microsoft-Windows-PrintService" Guid="{747ef6fd-e535-4d16-b510-42c90f6873a1}"></Provider>
<EventID Qualifiers="">307</EventID>
<Version>0</Version>
<Level>4</Level>
<Task>26</Task>
<Opcode>11</Opcode>
<Keywords>0x4000000000000840</Keywords>
<TimeCreated SystemTime="2019-04-30 15:31:15.670021"></TimeCreated>
<EventRecordID>1299</EventRecordID>
<Correlation ActivityID="" RelatedActivityID=""></Correlation>
<Execution ProcessID="1180" ThreadID="3588"></Execution>
<Channel>Microsoft-Windows-PrintService/Operational</Channel>
<Computer>psusrvkr.siaint.ru</Computer>
<Security UserID="S-1-5-21-1881554536-3269615630-2240278496-10914"></Security>
</System>
<UserData><DocumentPrinted xmlns:auto-ns3="http://schemas.microsoft.com/win/2004/08/events" xmlns="http://manifests.microsoft.com/win/2005/08/windows/printing/spooler/core/events"><Param1>52</Param1>
<Param2>&#1058;&#1086;&#1088;&#1075; 12 212 &#1072;&#1091;&#1082;.xls</Param2>
<Param3>malafeeva_mm</Param3>
<Param4>KRMPZX634</Param4>
<Param5>Office_mb2</Param5>
<Param6>IP_192.168.152.52</Param6>
<Param7>764092</Param7>
<Param8>1</Param8>
</DocumentPrinted>
</UserData>
</Event>
<Event xmlns="http://schemas.microsoft.com/win/2004/08/events/event"><System><Provider Name="Microsoft-Windows-PrintService" Guid="{747ef6fd-e535-4d16-b510-42c90f6873a1}"></Provider>
<EventID Qualifiers="">307</EventID>
<Version>0</Version>
<Level>4</Level>
<Task>26</Task>
<Opcode>11</Opcode>
<Keywords>0x4000000000000840</Keywords>
<TimeCreated SystemTime="2019-04-30 15:31:34.084469"></TimeCreated>
<EventRecordID>1304</EventRecordID>
<Correlation ActivityID="" RelatedActivityID=""></Correlation>
<Execution ProcessID="1180" ThreadID="2824"></Execution>
<Channel>Microsoft-Windows-PrintService/Operational</Channel>
<Computer>psusrvkr.siaint.ru</Computer>
<Security UserID="S-1-5-21-1881554536-3269615630-2240278496-10914"></Security>
</System>
<UserData><DocumentPrinted xmlns:auto-ns3="http://schemas.microsoft.com/win/2004/08/events" xmlns="http://manifests.microsoft.com/win/2005/08/windows/printing/spooler/core/events"><Param1>53</Param1>
<Param2>Microsoft Word - &#1040;&#1082;&#1090; &#1087;&#1088;&#1080;&#1077;&#1084;&#1072; &#1087;&#1077;&#1088;&#1077;&#1076;&#1072;&#1095;&#1080; 213 &#1072;&#1091;&#1082;</Param2>
<Param3>malafeeva_mm</Param3>
<Param4>KRMPZX634</Param4>
<Param5>Office_mb2</Param5>
<Param6>IP_192.168.152.52</Param6>
<Param7>124050</Param7>
<Param8>1</Param8>
</DocumentPrinted>
</UserData>
</Event>
<Event xmlns="http://schemas.microsoft.com/win/2004/08/events/event"><System><Provider Name="Microsoft-Windows-PrintService" Guid="{747ef6fd-e535-4d16-b510-42c90f6873a1}"></Provider>
<EventID Qualifiers="">307</EventID>
<Version>0</Version>
<Level>4</Level>
<Task>26</Task>
<Opcode>11</Opcode>
<Keywords>0x4000000000000840</Keywords>
<TimeCreated SystemTime="2019-04-30 15:31:48.875378"></TimeCreated>
<EventRecordID>1309</EventRecordID>
<Correlation ActivityID="" RelatedActivityID=""></Correlation>
<Execution ProcessID="1180" ThreadID="4972"></Execution>
<Channel>Microsoft-Windows-PrintService/Operational</Channel>
<Computer>psusrvkr.siaint.ru</Computer>
<Security UserID="S-1-5-21-1881554536-3269615630-2240278496-10914"></Security>
</System>
<UserData><DocumentPrinted xmlns:auto-ns3="http://schemas.microsoft.com/win/2004/08/events" xmlns="http://manifests.microsoft.com/win/2005/08/windows/printing/spooler/core/events"><Param1>54</Param1>
<Param2>&#1050;&#1080;&#1090;&#1088;&#1091;&#1076;&#1072; 8302617001.pdf</Param2>
<Param3>malafeeva_mm</Param3>
<Param4>KRMPZX634</Param4>
<Param5>Office_mb2</Param5>
<Param6>IP_192.168.152.52</Param6>
<Param7>4784063</Param7>
<Param8>4</Param8>
</DocumentPrinted>
</UserData>
</Event>
<Event xmlns="http://schemas.microsoft.com/win/2004/08/events/event"><System><Provider Name="Microsoft-Windows-PrintService" Guid="{747ef6fd-e535-4d16-b510-42c90f6873a1}"></Provider>
<EventID Qualifiers="">307</EventID>
<Version>0</Version>
<Level>4</Level>
<Task>26</Task>
<Opcode>11</Opcode>
<Keywords>0x4000000000000840</Keywords>
<TimeCreated SystemTime="2019-04-30 15:31:53.967073"></TimeCreated>
<EventRecordID>1314</EventRecordID>
<Correlation ActivityID="" RelatedActivityID=""></Correlation>
<Execution ProcessID="1180" ThreadID="4328"></Execution>
<Channel>Microsoft-Windows-PrintService/Operational</Channel>
<Computer>psusrvkr.siaint.ru</Computer>
<Security UserID="S-1-5-21-1881554536-3269615630-2240278496-10914"></Security>
</System>
<UserData><DocumentPrinted xmlns:auto-ns3="http://schemas.microsoft.com/win/2004/08/events" xmlns="http://manifests.microsoft.com/win/2005/08/windows/printing/spooler/core/events"><Param1>55</Param1>
<Param2>&#1055;&#1088;&#1080;&#1083;&#1086;&#1078;&#1077;&#1085;&#1080;&#1077;.xls</Param2>
<Param3>malafeeva_mm</Param3>
<Param4>KRMPZX634</Param4>
<Param5>Office_mb2</Param5>
<Param6>IP_192.168.152.52</Param6>
<Param7>54656</Param7>
<Param8>1</Param8>
</DocumentPrinted>
</UserData>
</Event>
<Event xmlns="http://schemas.microsoft.com/win/2004/08/events/event"><System><Provider Name="Microsoft-Windows-PrintService" Guid="{747ef6fd-e535-4d16-b510-42c90f6873a1}"></Provider>
<EventID Qualifiers="">307</EventID>
<Version>0</Version>
<Level>4</Level>
<Task>26</Task>
<Opcode>11</Opcode>
<Keywords>0x4000000000000840</Keywords>
<TimeCreated SystemTime="2019-04-30 15:32:03.010300"></TimeCreated>
<EventRecordID>1319</EventRecordID>
<Correlation ActivityID="" RelatedActivityID=""></Correlation>
<Execution ProcessID="1180" ThreadID="5064"></Execution>
<Channel>Microsoft-Windows-PrintService/Operational</Channel>
<Computer>psusrvkr.siaint.ru</Computer>
<Security UserID="S-1-5-21-1881554536-3269615630-2240278496-10914"></Security>
</System>
<UserData><DocumentPrinted xmlns:auto-ns3="http://schemas.microsoft.com/win/2004/08/events" xmlns="http://manifests.microsoft.com/win/2005/08/windows/printing/spooler/core/events"><Param1>56</Param1>
<Param2>&#1055;&#1088;&#1086;&#1090;&#1086;&#1082;&#1086;&#1083;.xls</Param2>
<Param3>malafeeva_mm</Param3>
<Param4>KRMPZX634</Param4>
<Param5>Office_mb2</Param5>
<Param6>IP_192.168.152.52</Param6>
<Param7>336960</Param7>
<Param8>1</Param8>
</DocumentPrinted>
</UserData>
</Event>
<Event xmlns="http://schemas.microsoft.com/win/2004/08/events/event"><System><Provider Name="Microsoft-Windows-PrintService" Guid="{747ef6fd-e535-4d16-b510-42c90f6873a1}"></Provider>
<EventID Qualifiers="">307</EventID>
<Version>0</Version>
<Level>4</Level>
<Task>26</Task>
<Opcode>11</Opcode>
<Keywords>0x4000000000000840</Keywords>
<TimeCreated SystemTime="2019-04-30 15:32:12.896936"></TimeCreated>
<EventRecordID>1325</EventRecordID>
<Correlation ActivityID="" RelatedActivityID=""></Correlation>
<Execution ProcessID="1180" ThreadID="564"></Execution>
<Channel>Microsoft-Windows-PrintService/Operational</Channel>
<Computer>psusrvkr.siaint.ru</Computer>
<Security UserID="S-1-5-21-1881554536-3269615630-2240278496-29117"></Security>
</System>
<UserData><DocumentPrinted xmlns:auto-ns3="http://schemas.microsoft.com/win/2004/08/events" xmlns="http://manifests.microsoft.com/win/2005/08/windows/printing/spooler/core/events"><Param1>57</Param1>
<Param2>&#1042;&#1086; &#1074;&#1089;&#1102; &#1089;&#1090;&#1088;&#1072;&#1085;&#1080;&#1094;&#1091;</Param2>
<Param3>martynenko.av</Param3>
<Param4>ST186SB</Param4>
<Param5>Office_mb5</Param5>
<Param6>IP_192.168.152.52</Param6>
<Param7>3061041</Param7>
<Param8>1</Param8>
</DocumentPrinted>
</UserData>
</Event>
<Event xmlns="http://schemas.microsoft.com/win/2004/08/events/event"><System><Provider Name="Microsoft-Windows-PrintService" Guid="{747ef6fd-e535-4d16-b510-42c90f6873a1}"></Provider>
<EventID Qualifiers="">307</EventID>
<Version>0</Version>
<Level>4</Level>
<Task>26</Task>
<Opcode>11</Opcode>
<Keywords>0x4000000000000840</Keywords>
<TimeCreated SystemTime="2019-04-30 15:32:17.098368"></TimeCreated>
<EventRecordID>1329</EventRecordID>
<Correlation ActivityID="" RelatedActivityID=""></Correlation>
<Execution ProcessID="1180" ThreadID="564"></Execution>
<Channel>Microsoft-Windows-PrintService/Operational</Channel>
<Computer>psusrvkr.siaint.ru</Computer>
<Security UserID="S-1-5-21-1881554536-3269615630-2240278496-10914"></Security>
</System>
<UserData><DocumentPrinted xmlns:auto-ns3="http://schemas.microsoft.com/win/2004/08/events" xmlns="http://manifests.microsoft.com/win/2005/08/windows/printing/spooler/core/events"><Param1>58</Param1>
<Param2>&#1056;&#1059; &#1050;&#1080;&#1090;&#1088;&#1091;&#1076;&#1072;.pdf</Param2>
<Param3>malafeeva_mm</Param3>
<Param4>KRMPZX634</Param4>
<Param5>Office_mb2</Param5>
<Param6>IP_192.168.152.52</Param6>
<Param7>4086664</Param7>
<Param8>2</Param8>
</DocumentPrinted>
</UserData>
</Event>
<Event xmlns="http://schemas.microsoft.com/win/2004/08/events/event"><System><Provider Name="Microsoft-Windows-PrintService" Guid="{747ef6fd-e535-4d16-b510-42c90f6873a1}"></Provider>
<EventID Qualifiers="">307</EventID>
<Version>0</Version>
<Level>4</Level>
<Task>26</Task>
<Opcode>11</Opcode>
<Keywords>0x4000000000000840</Keywords>
<TimeCreated SystemTime="2019-04-30 15:32:21.455984"></TimeCreated>
<EventRecordID>1334</EventRecordID>
<Correlation ActivityID="" RelatedActivityID=""></Correlation>
<Execution ProcessID="1180" ThreadID="5028"></Execution>
<Channel>Microsoft-Windows-PrintService/Operational</Channel>
<Computer>psusrvkr.siaint.ru</Computer>
<Security UserID="S-1-5-21-1881554536-3269615630-2240278496-10914"></Security>
</System>
<UserData><DocumentPrinted xmlns:auto-ns3="http://schemas.microsoft.com/win/2004/08/events" xmlns="http://manifests.microsoft.com/win/2005/08/windows/printing/spooler/core/events"><Param1>59</Param1>
<Param2>&#1057;&#1095;&#1077;&#1090; &#1092;&#1072;&#1082;&#1090;&#1091;&#1088;&#1072;.xls</Param2>
<Param3>malafeeva_mm</Param3>
<Param4>KRMPZX634</Param4>
<Param5>Office_mb2</Param5>
<Param6>IP_192.168.152.52</Param6>
<Param7>795432</Param7>
<Param8>1</Param8>
</DocumentPrinted>
</UserData>
</Event>
<Event xmlns="http://schemas.microsoft.com/win/2004/08/events/event"><System><Provider Name="Microsoft-Windows-PrintService" Guid="{747ef6fd-e535-4d16-b510-42c90f6873a1}"></Provider>
<EventID Qualifiers="">307</EventID>
<Version>0</Version>
<Level>4</Level>
<Task>26</Task>
<Opcode>11</Opcode>
<Keywords>0x4000000000000840</Keywords>
<TimeCreated SystemTime="2019-04-30 15:32:29.874464"></TimeCreated>
<EventRecordID>1339</EventRecordID>
<Correlation ActivityID="" RelatedActivityID=""></Correlation>
<Execution ProcessID="1180" ThreadID="2060"></Execution>
<Channel>Microsoft-Windows-PrintService/Operational</Channel>
<Computer>psusrvkr.siaint.ru</Computer>
<Security UserID="S-1-5-21-1881554536-3269615630-2240278496-10914"></Security>
</System>
<UserData><DocumentPrinted xmlns:auto-ns3="http://schemas.microsoft.com/win/2004/08/events" xmlns="http://manifests.microsoft.com/win/2005/08/windows/printing/spooler/core/events"><Param1>60</Param1>
<Param2>&#1057;&#1095;&#1077;&#1090;.xls</Param2>
<Param3>malafeeva_mm</Param3>
<Param4>KRMPZX634</Param4>
<Param5>Office_mb2</Param5>
<Param6>IP_192.168.152.52</Param6>
<Param7>357056</Param7>
<Param8>1</Param8>
</DocumentPrinted>
</UserData>
</Event>
<Event xmlns="http://schemas.microsoft.com/win/2004/08/events/event"><System><Provider Name="Microsoft-Windows-PrintService" Guid="{747ef6fd-e535-4d16-b510-42c90f6873a1}"></Provider>
<EventID Qualifiers="">307</EventID>
<Version>0</Version>
<Level>4</Level>
<Task>26</Task>
<Opcode>11</Opcode>
<Keywords>0x4000000000000840</Keywords>
<TimeCreated SystemTime="2019-04-30 15:32:39.027021"></TimeCreated>
<EventRecordID>1344</EventRecordID>
<Correlation ActivityID="" RelatedActivityID=""></Correlation>
<Execution ProcessID="1180" ThreadID="3588"></Execution>
<Channel>Microsoft-Windows-PrintService/Operational</Channel>
<Computer>psusrvkr.siaint.ru</Computer>
<Security UserID="S-1-5-21-1881554536-3269615630-2240278496-10914"></Security>
</System>
<UserData><DocumentPrinted xmlns:auto-ns3="http://schemas.microsoft.com/win/2004/08/events" xmlns="http://manifests.microsoft.com/win/2005/08/windows/printing/spooler/core/events"><Param1>61</Param1>
<Param2>&#1058;&#1054;&#1088;&#1075; 12 213 &#1072;&#1091;&#1082;.xls</Param2>
<Param3>malafeeva_mm</Param3>
<Param4>KRMPZX634</Param4>
<Param5>Office_mb2</Param5>
<Param6>IP_192.168.152.52</Param6>
<Param7>764092</Param7>
<Param8>1</Param8>
</DocumentPrinted>
</UserData>
</Event>
<Event xmlns="http://schemas.microsoft.com/win/2004/08/events/event"><System><Provider Name="Microsoft-Windows-PrintService" Guid="{747ef6fd-e535-4d16-b510-42c90f6873a1}"></Provider>
<EventID Qualifiers="">307</EventID>
<Version>0</Version>
<Level>4</Level>
<Task>26</Task>
<Opcode>11</Opcode>
<Keywords>0x4000000000000840</Keywords>
<TimeCreated SystemTime="2019-04-30 15:38:16.572395"></TimeCreated>
<EventRecordID>1349</EventRecordID>
<Correlation ActivityID="" RelatedActivityID=""></Correlation>
<Execution ProcessID="1180" ThreadID="4680"></Execution>
<Channel>Microsoft-Windows-PrintService/Operational</Channel>
<Computer>psusrvkr.siaint.ru</Computer>
<Security UserID="S-1-5-21-1881554536-3269615630-2240278496-29117"></Security>
</System>
<UserData><DocumentPrinted xmlns:auto-ns3="http://schemas.microsoft.com/win/2004/08/events" xmlns="http://manifests.microsoft.com/win/2005/08/windows/printing/spooler/core/events"><Param1>62</Param1>
<Param2>11</Param2>
<Param3>martynenko.av</Param3>
<Param4>ST186SB</Param4>
<Param5>Office_mb5</Param5>
<Param6>IP_192.168.152.52</Param6>
<Param7>1091910</Param7>
<Param8>1</Param8>
</DocumentPrinted>
</UserData>
</Event>
<Event xmlns="http://schemas.microsoft.com/win/2004/08/events/event"><System><Provider Name="Microsoft-Windows-PrintService" Guid="{747ef6fd-e535-4d16-b510-42c90f6873a1}"></Provider>
<EventID Qualifiers="">307</EventID>
<Version>0</Version>
<Level>4</Level>
<Task>26</Task>
<Opcode>11</Opcode>
<Keywords>0x4000000000000840</Keywords>
<TimeCreated SystemTime="2019-04-30 15:39:39.827362"></TimeCreated>
<EventRecordID>1354</EventRecordID>
<Correlation ActivityID="" RelatedActivityID=""></Correlation>
<Execution ProcessID="1180" ThreadID="5108"></Execution>
<Channel>Microsoft-Windows-PrintService/Operational</Channel>
<Computer>psusrvkr.siaint.ru</Computer>
<Security UserID="S-1-5-21-1881554536-3269615630-2240278496-29117"></Security>
</System>
<UserData><DocumentPrinted xmlns:auto-ns3="http://schemas.microsoft.com/win/2004/08/events" xmlns="http://manifests.microsoft.com/win/2005/08/windows/printing/spooler/core/events"><Param1>63</Param1>
<Param2>11</Param2>
<Param3>martynenko.av</Param3>
<Param4>ST186SB</Param4>
<Param5>Office_mb5</Param5>
<Param6>IP_192.168.152.52</Param6>
<Param7>1143581</Param7>
<Param8>1</Param8>
</DocumentPrinted>
</UserData>
</Event>
<Event xmlns="http://schemas.microsoft.com/win/2004/08/events/event"><System><Provider Name="Microsoft-Windows-PrintService" Guid="{747ef6fd-e535-4d16-b510-42c90f6873a1}"></Provider>
<EventID Qualifiers="">307</EventID>
<Version>0</Version>
<Level>4</Level>
<Task>26</Task>
<Opcode>11</Opcode>
<Keywords>0x4000000000000840</Keywords>
<TimeCreated SystemTime="2019-04-30 15:40:15.666525"></TimeCreated>
<EventRecordID>1359</EventRecordID>
<Correlation ActivityID="" RelatedActivityID=""></Correlation>
<Execution ProcessID="1180" ThreadID="916"></Execution>
<Channel>Microsoft-Windows-PrintService/Operational</Channel>
<Computer>psusrvkr.siaint.ru</Computer>
<Security UserID="S-1-5-21-1881554536-3269615630-2240278496-29117"></Security>
</System>
<UserData><DocumentPrinted xmlns:auto-ns3="http://schemas.microsoft.com/win/2004/08/events" xmlns="http://manifests.microsoft.com/win/2005/08/windows/printing/spooler/core/events"><Param1>64</Param1>
<Param2>11</Param2>
<Param3>martynenko.av</Param3>
<Param4>ST186SB</Param4>
<Param5>Office_mb5</Param5>
<Param6>IP_192.168.152.52</Param6>
<Param7>1143565</Param7>
<Param8>1</Param8>
</DocumentPrinted>
</UserData>
</Event>
<Event xmlns="http://schemas.microsoft.com/win/2004/08/events/event"><System><Provider Name="Microsoft-Windows-PrintService" Guid="{747ef6fd-e535-4d16-b510-42c90f6873a1}"></Provider>
<EventID Qualifiers="">307</EventID>
<Version>0</Version>
<Level>4</Level>
<Task>26</Task>
<Opcode>11</Opcode>
<Keywords>0x4000000000000840</Keywords>
<TimeCreated SystemTime="2019-04-30 15:42:06.003139"></TimeCreated>
<EventRecordID>1364</EventRecordID>
<Correlation ActivityID="" RelatedActivityID=""></Correlation>
<Execution ProcessID="1180" ThreadID="4804"></Execution>
<Channel>Microsoft-Windows-PrintService/Operational</Channel>
<Computer>psusrvkr.siaint.ru</Computer>
<Security UserID="S-1-5-21-1881554536-3269615630-2240278496-10914"></Security>
</System>
<UserData><DocumentPrinted xmlns:auto-ns3="http://schemas.microsoft.com/win/2004/08/events" xmlns="http://manifests.microsoft.com/win/2005/08/windows/printing/spooler/core/events"><Param1>65</Param1>
<Param2>Microsoft Word - &#1040;&#1082;&#1090; &#1087;&#1088;&#1080;&#1077;&#1084;&#1072; &#1087;&#1077;&#1088;&#1077;&#1076;&#1072;&#1095;&#1080; 201 &#1072;&#1091;&#1082;</Param2>
<Param3>malafeeva_mm</Param3>
<Param4>KRMPZX634</Param4>
<Param5>Office_mb2</Param5>
<Param6>IP_192.168.152.52</Param6>
<Param7>123467</Param7>
<Param8>1</Param8>
</DocumentPrinted>
</UserData>
</Event>
<Event xmlns="http://schemas.microsoft.com/win/2004/08/events/event"><System><Provider Name="Microsoft-Windows-PrintService" Guid="{747ef6fd-e535-4d16-b510-42c90f6873a1}"></Provider>
<EventID Qualifiers="">307</EventID>
<Version>0</Version>
<Level>4</Level>
<Task>26</Task>
<Opcode>11</Opcode>
<Keywords>0x4000000000000840</Keywords>
<TimeCreated SystemTime="2019-04-30 15:42:48.485884"></TimeCreated>
<EventRecordID>1369</EventRecordID>
<Correlation ActivityID="" RelatedActivityID=""></Correlation>
<Execution ProcessID="1180" ThreadID="4440"></Execution>
<Channel>Microsoft-Windows-PrintService/Operational</Channel>
<Computer>psusrvkr.siaint.ru</Computer>
<Security UserID="S-1-5-21-1881554536-3269615630-2240278496-29117"></Security>
</System>
<UserData><DocumentPrinted xmlns:auto-ns3="http://schemas.microsoft.com/win/2004/08/events" xmlns="http://manifests.microsoft.com/win/2005/08/windows/printing/spooler/core/events"><Param1>66</Param1>
<Param2>11</Param2>
<Param3>martynenko.av</Param3>
<Param4>ST186SB</Param4>
<Param5>Office_mb5</Param5>
<Param6>IP_192.168.152.52</Param6>
<Param7>1151382</Param7>
<Param8>1</Param8>
</DocumentPrinted>
</UserData>
</Event>
<Event xmlns="http://schemas.microsoft.com/win/2004/08/events/event"><System><Provider Name="Microsoft-Windows-PrintService" Guid="{747ef6fd-e535-4d16-b510-42c90f6873a1}"></Provider>
<EventID Qualifiers="">307</EventID>
<Version>0</Version>
<Level>4</Level>
<Task>26</Task>
<Opcode>11</Opcode>
<Keywords>0x4000000000000840</Keywords>
<TimeCreated SystemTime="2019-04-30 15:43:58.061337"></TimeCreated>
<EventRecordID>1374</EventRecordID>
<Correlation ActivityID="" RelatedActivityID=""></Correlation>
<Execution ProcessID="1180" ThreadID="4480"></Execution>
<Channel>Microsoft-Windows-PrintService/Operational</Channel>
<Computer>psusrvkr.siaint.ru</Computer>
<Security UserID="S-1-5-21-1881554536-3269615630-2240278496-29117"></Security>
</System>
<UserData><DocumentPrinted xmlns:auto-ns3="http://schemas.microsoft.com/win/2004/08/events" xmlns="http://manifests.microsoft.com/win/2005/08/windows/printing/spooler/core/events"><Param1>67</Param1>
<Param2>11</Param2>
<Param3>martynenko.av</Param3>
<Param4>ST186SB</Param4>
<Param5>Office_mb5</Param5>
<Param6>IP_192.168.152.52</Param6>
<Param7>1151382</Param7>
<Param8>1</Param8>
</DocumentPrinted>
</UserData>
</Event>
<Event xmlns="http://schemas.microsoft.com/win/2004/08/events/event"><System><Provider Name="Microsoft-Windows-PrintService" Guid="{747ef6fd-e535-4d16-b510-42c90f6873a1}"></Provider>
<EventID Qualifiers="">307</EventID>
<Version>0</Version>
<Level>4</Level>
<Task>26</Task>
<Opcode>11</Opcode>
<Keywords>0x4000000000000840</Keywords>
<TimeCreated SystemTime="2019-04-30 15:44:50.059340"></TimeCreated>
<EventRecordID>1379</EventRecordID>
<Correlation ActivityID="" RelatedActivityID=""></Correlation>
<Execution ProcessID="1180" ThreadID="3104"></Execution>
<Channel>Microsoft-Windows-PrintService/Operational</Channel>
<Computer>psusrvkr.siaint.ru</Computer>
<Security UserID="S-1-5-21-1881554536-3269615630-2240278496-29117"></Security>
</System>
<UserData><DocumentPrinted xmlns:auto-ns3="http://schemas.microsoft.com/win/2004/08/events" xmlns="http://manifests.microsoft.com/win/2005/08/windows/printing/spooler/core/events"><Param1>68</Param1>
<Param2>11</Param2>
<Param3>martynenko.av</Param3>
<Param4>ST186SB</Param4>
<Param5>Office_mb5</Param5>
<Param6>IP_192.168.152.52</Param6>
<Param7>1151382</Param7>
<Param8>1</Param8>
</DocumentPrinted>
</UserData>
</Event>
<Event xmlns="http://schemas.microsoft.com/win/2004/08/events/event"><System><Provider Name="Microsoft-Windows-PrintService" Guid="{747ef6fd-e535-4d16-b510-42c90f6873a1}"></Provider>
<EventID Qualifiers="">307</EventID>
<Version>0</Version>
<Level>4</Level>
<Task>26</Task>
<Opcode>11</Opcode>
<Keywords>0x4000000000000840</Keywords>
<TimeCreated SystemTime="2019-04-30 15:45:46.369678"></TimeCreated>
<EventRecordID>1384</EventRecordID>
<Correlation ActivityID="" RelatedActivityID=""></Correlation>
<Execution ProcessID="1180" ThreadID="4544"></Execution>
<Channel>Microsoft-Windows-PrintService/Operational</Channel>
<Computer>psusrvkr.siaint.ru</Computer>
<Security UserID="S-1-5-21-1881554536-3269615630-2240278496-10914"></Security>
</System>
<UserData><DocumentPrinted xmlns:auto-ns3="http://schemas.microsoft.com/win/2004/08/events" xmlns="http://manifests.microsoft.com/win/2005/08/windows/printing/spooler/core/events"><Param1>69</Param1>
<Param2>Microsoft Word - &#1040;&#1082;&#1090; &#1087;&#1088;&#1080;&#1077;&#1084;&#1072; &#1087;&#1077;&#1088;&#1077;&#1076;&#1072;&#1095;&#1080; 201 &#1072;&#1091;&#1082;</Param2>
<Param3>malafeeva_mm</Param3>
<Param4>KRMPZX634</Param4>
<Param5>Office_mb2</Param5>
<Param6>IP_192.168.152.52</Param6>
<Param7>123467</Param7>
<Param8>1</Param8>
</DocumentPrinted>
</UserData>
</Event>
<Event xmlns="http://schemas.microsoft.com/win/2004/08/events/event"><System><Provider Name="Microsoft-Windows-PrintService" Guid="{747ef6fd-e535-4d16-b510-42c90f6873a1}"></Provider>
<EventID Qualifiers="">307</EventID>
<Version>0</Version>
<Level>4</Level>
<Task>26</Task>
<Opcode>11</Opcode>
<Keywords>0x4000000000000840</Keywords>
<TimeCreated SystemTime="2019-04-30 15:46:28.213366"></TimeCreated>
<EventRecordID>1389</EventRecordID>
<Correlation ActivityID="" RelatedActivityID=""></Correlation>
<Execution ProcessID="1180" ThreadID="4276"></Execution>
<Channel>Microsoft-Windows-PrintService/Operational</Channel>
<Computer>psusrvkr.siaint.ru</Computer>
<Security UserID="S-1-5-21-1881554536-3269615630-2240278496-29117"></Security>
</System>
<UserData><DocumentPrinted xmlns:auto-ns3="http://schemas.microsoft.com/win/2004/08/events" xmlns="http://manifests.microsoft.com/win/2005/08/windows/printing/spooler/core/events"><Param1>70</Param1>
<Param2>FastReport: &#1053;&#1072;&#1082;&#1083;&#1072;&#1076;&#1085;&#1072;&#1103; &#1057;&#1042;&#1054;&#1044;&#1053;&#1040;&#1071; (&#1087;&#1086;&#1089;&#1077;&#1088;&#1080;&#1081;&#1085;&#1086;) (&#1087;&#1072;&#1082;) &#1053;&#1086;&#1074;&#1072;&#1103;</Param2>
<Param3>martynenko.av</Param3>
<Param4>ST186SB</Param4>
<Param5>Office_mb5</Param5>
<Param6>IP_192.168.152.52</Param6>
<Param7>168747</Param7>
<Param8>1</Param8>
</DocumentPrinted>
</UserData>
</Event>
<Event xmlns="http://schemas.microsoft.com/win/2004/08/events/event"><System><Provider Name="Microsoft-Windows-PrintService" Guid="{747ef6fd-e535-4d16-b510-42c90f6873a1}"></Provider>
<EventID Qualifiers="">307</EventID>
<Version>0</Version>
<Level>4</Level>
<Task>26</Task>
<Opcode>11</Opcode>
<Keywords>0x4000000000000840</Keywords>
<TimeCreated SystemTime="2019-04-30 15:47:49.775867"></TimeCreated>
<EventRecordID>1394</EventRecordID>
<Correlation ActivityID="" RelatedActivityID=""></Correlation>
<Execution ProcessID="1180" ThreadID="3488"></Execution>
<Channel>Microsoft-Windows-PrintService/Operational</Channel>
<Computer>psusrvkr.siaint.ru</Computer>
<Security UserID="S-1-5-21-1881554536-3269615630-2240278496-29117"></Security>
</System>
<UserData><DocumentPrinted xmlns:auto-ns3="http://schemas.microsoft.com/win/2004/08/events" xmlns="http://manifests.microsoft.com/win/2005/08/windows/printing/spooler/core/events"><Param1>71</Param1>
<Param2>FastReport: &#1053;&#1072;&#1082;&#1083;&#1072;&#1076;&#1085;&#1072;&#1103; &#1057;&#1042;&#1054;&#1044;&#1053;&#1040;&#1071; (&#1087;&#1086;&#1089;&#1077;&#1088;&#1080;&#1081;&#1085;&#1086;) (&#1087;&#1072;&#1082;) &#1053;&#1086;&#1074;&#1072;&#1103;</Param2>
<Param3>martynenko.av</Param3>
<Param4>ST186SB</Param4>
<Param5>Office_mb5</Param5>
<Param6>IP_192.168.152.52</Param6>
<Param7>187820</Param7>
<Param8>2</Param8>
</DocumentPrinted>
</UserData>
</Event>
<Event xmlns="http://schemas.microsoft.com/win/2004/08/events/event"><System><Provider Name="Microsoft-Windows-PrintService" Guid="{747ef6fd-e535-4d16-b510-42c90f6873a1}"></Provider>
<EventID Qualifiers="">307</EventID>
<Version>0</Version>
<Level>4</Level>
<Task>26</Task>
<Opcode>11</Opcode>
<Keywords>0x4000000000000840</Keywords>
<TimeCreated SystemTime="2019-04-30 15:49:18.182116"></TimeCreated>
<EventRecordID>1399</EventRecordID>
<Correlation ActivityID="" RelatedActivityID=""></Correlation>
<Execution ProcessID="1180" ThreadID="3756"></Execution>
<Channel>Microsoft-Windows-PrintService/Operational</Channel>
<Computer>psusrvkr.siaint.ru</Computer>
<Security UserID="S-1-5-21-1881554536-3269615630-2240278496-9392"></Security>
</System>
<UserData><DocumentPrinted xmlns:auto-ns3="http://schemas.microsoft.com/win/2004/08/events" xmlns="http://manifests.microsoft.com/win/2005/08/windows/printing/spooler/core/events"><Param1>72</Param1>
<Param2>1.jpeg.jpeg</Param2>
<Param3>chistyakova_oa</Param3>
<Param4>KRMPZX643</Param4>
<Param5>Office_mb5</Param5>
<Param6>IP_192.168.152.52</Param6>
<Param7>3415086</Param7>
<Param8>1</Param8>
</DocumentPrinted>
</UserData>
</Event>
<Event xmlns="http://schemas.microsoft.com/win/2004/08/events/event"><System><Provider Name="Microsoft-Windows-PrintService" Guid="{747ef6fd-e535-4d16-b510-42c90f6873a1}"></Provider>
<EventID Qualifiers="">307</EventID>
<Version>0</Version>
<Level>4</Level>
<Task>26</Task>
<Opcode>11</Opcode>
<Keywords>0x4000000000000840</Keywords>
<TimeCreated SystemTime="2019-04-30 15:49:38.385241"></TimeCreated>
<EventRecordID>1404</EventRecordID>
<Correlation ActivityID="" RelatedActivityID=""></Correlation>
<Execution ProcessID="1180" ThreadID="5028"></Execution>
<Channel>Microsoft-Windows-PrintService/Operational</Channel>
<Computer>psusrvkr.siaint.ru</Computer>
<Security UserID="S-1-5-21-1881554536-3269615630-2240278496-29117"></Security>
</System>
<UserData><DocumentPrinted xmlns:auto-ns3="http://schemas.microsoft.com/win/2004/08/events" xmlns="http://manifests.microsoft.com/win/2005/08/windows/printing/spooler/core/events"><Param1>73</Param1>
<Param2>FastReport: &#1053;&#1072;&#1082;&#1083;&#1072;&#1076;&#1085;&#1072;&#1103; &#1057;&#1042;&#1054;&#1044;&#1053;&#1040;&#1071; (&#1087;&#1086;&#1089;&#1077;&#1088;&#1080;&#1081;&#1085;&#1086;) (&#1087;&#1072;&#1082;) &#1053;&#1086;&#1074;&#1072;&#1103;</Param2>
<Param3>martynenko.av</Param3>
<Param4>ST186SB</Param4>
<Param5>Office_mb5</Param5>
<Param6>IP_192.168.152.52</Param6>
<Param7>184865</Param7>
<Param8>2</Param8>
</DocumentPrinted>
</UserData>
</Event>
<Event xmlns="http://schemas.microsoft.com/win/2004/08/events/event"><System><Provider Name="Microsoft-Windows-PrintService" Guid="{747ef6fd-e535-4d16-b510-42c90f6873a1}"></Provider>
<EventID Qualifiers="">307</EventID>
<Version>0</Version>
<Level>4</Level>
<Task>26</Task>
<Opcode>11</Opcode>
<Keywords>0x4000000000000840</Keywords>
<TimeCreated SystemTime="2019-04-30 15:50:48.244619"></TimeCreated>
<EventRecordID>1409</EventRecordID>
<Correlation ActivityID="" RelatedActivityID=""></Correlation>
<Execution ProcessID="1180" ThreadID="4980"></Execution>
<Channel>Microsoft-Windows-PrintService/Operational</Channel>
<Computer>psusrvkr.siaint.ru</Computer>
<Security UserID="S-1-5-21-1881554536-3269615630-2240278496-29117"></Security>
</System>
<UserData><DocumentPrinted xmlns:auto-ns3="http://schemas.microsoft.com/win/2004/08/events" xmlns="http://manifests.microsoft.com/win/2005/08/windows/printing/spooler/core/events"><Param1>74</Param1>
<Param2>FastReport: &#1053;&#1072;&#1082;&#1083;&#1072;&#1076;&#1085;&#1072;&#1103; &#1057;&#1042;&#1054;&#1044;&#1053;&#1040;&#1071; (&#1087;&#1086;&#1089;&#1077;&#1088;&#1080;&#1081;&#1085;&#1086;) (&#1087;&#1072;&#1082;) &#1053;&#1086;&#1074;&#1072;&#1103;</Param2>
<Param3>martynenko.av</Param3>
<Param4>ST186SB</Param4>
<Param5>Office_mb5</Param5>
<Param6>IP_192.168.152.52</Param6>
<Param7>180298</Param7>
<Param8>2</Param8>
</DocumentPrinted>
</UserData>
</Event>
<Event xmlns="http://schemas.microsoft.com/win/2004/08/events/event"><System><Provider Name="Microsoft-Windows-PrintService" Guid="{747ef6fd-e535-4d16-b510-42c90f6873a1}"></Provider>
<EventID Qualifiers="">307</EventID>
<Version>0</Version>
<Level>4</Level>
<Task>26</Task>
<Opcode>11</Opcode>
<Keywords>0x4000000000000840</Keywords>
<TimeCreated SystemTime="2019-04-30 15:51:51.526680"></TimeCreated>
<EventRecordID>1414</EventRecordID>
<Correlation ActivityID="" RelatedActivityID=""></Correlation>
<Execution ProcessID="1180" ThreadID="2092"></Execution>
<Channel>Microsoft-Windows-PrintService/Operational</Channel>
<Computer>psusrvkr.siaint.ru</Computer>
<Security UserID="S-1-5-21-1881554536-3269615630-2240278496-29117"></Security>
</System>
<UserData><DocumentPrinted xmlns:auto-ns3="http://schemas.microsoft.com/win/2004/08/events" xmlns="http://manifests.microsoft.com/win/2005/08/windows/printing/spooler/core/events"><Param1>75</Param1>
<Param2>FastReport: &#1053;&#1072;&#1082;&#1083;&#1072;&#1076;&#1085;&#1072;&#1103; &#1057;&#1042;&#1054;&#1044;&#1053;&#1040;&#1071; (&#1087;&#1086;&#1089;&#1077;&#1088;&#1080;&#1081;&#1085;&#1086;) (&#1087;&#1072;&#1082;) &#1053;&#1086;&#1074;&#1072;&#1103;</Param2>
<Param3>martynenko.av</Param3>
<Param4>ST186SB</Param4>
<Param5>Office_mb5</Param5>
<Param6>IP_192.168.152.52</Param6>
<Param7>202504</Param7>
<Param8>2</Param8>
</DocumentPrinted>
</UserData>
</Event>
<Event xmlns="http://schemas.microsoft.com/win/2004/08/events/event"><System><Provider Name="Microsoft-Windows-PrintService" Guid="{747ef6fd-e535-4d16-b510-42c90f6873a1}"></Provider>
<EventID Qualifiers="">307</EventID>
<Version>0</Version>
<Level>4</Level>
<Task>26</Task>
<Opcode>11</Opcode>
<Keywords>0x4000000000000840</Keywords>
<TimeCreated SystemTime="2019-04-30 15:53:01.308823"></TimeCreated>
<EventRecordID>1419</EventRecordID>
<Correlation ActivityID="" RelatedActivityID=""></Correlation>
<Execution ProcessID="1180" ThreadID="4520"></Execution>
<Channel>Microsoft-Windows-PrintService/Operational</Channel>
<Computer>psusrvkr.siaint.ru</Computer>
<Security UserID="S-1-5-21-1881554536-3269615630-2240278496-29117"></Security>
</System>
<UserData><DocumentPrinted xmlns:auto-ns3="http://schemas.microsoft.com/win/2004/08/events" xmlns="http://manifests.microsoft.com/win/2005/08/windows/printing/spooler/core/events"><Param1>76</Param1>
<Param2>FastReport: &#1053;&#1072;&#1082;&#1083;&#1072;&#1076;&#1085;&#1072;&#1103; &#1057;&#1042;&#1054;&#1044;&#1053;&#1040;&#1071; (&#1087;&#1086;&#1089;&#1077;&#1088;&#1080;&#1081;&#1085;&#1086;) (&#1087;&#1072;&#1082;) &#1053;&#1086;&#1074;&#1072;&#1103;</Param2>
<Param3>martynenko.av</Param3>
<Param4>ST186SB</Param4>
<Param5>Office_mb5</Param5>
<Param6>IP_192.168.152.52</Param6>
<Param7>174261</Param7>
<Param8>1</Param8>
</DocumentPrinted>
</UserData>
</Event>
<Event xmlns="http://schemas.microsoft.com/win/2004/08/events/event"><System><Provider Name="Microsoft-Windows-PrintService" Guid="{747ef6fd-e535-4d16-b510-42c90f6873a1}"></Provider>
<EventID Qualifiers="">307</EventID>
<Version>0</Version>
<Level>4</Level>
<Task>26</Task>
<Opcode>11</Opcode>
<Keywords>0x4000000000000840</Keywords>
<TimeCreated SystemTime="2019-04-30 15:54:03.418993"></TimeCreated>
<EventRecordID>1424</EventRecordID>
<Correlation ActivityID="" RelatedActivityID=""></Correlation>
<Execution ProcessID="1180" ThreadID="4288"></Execution>
<Channel>Microsoft-Windows-PrintService/Operational</Channel>
<Computer>psusrvkr.siaint.ru</Computer>
<Security UserID="S-1-5-21-1881554536-3269615630-2240278496-29117"></Security>
</System>
<UserData><DocumentPrinted xmlns:auto-ns3="http://schemas.microsoft.com/win/2004/08/events" xmlns="http://manifests.microsoft.com/win/2005/08/windows/printing/spooler/core/events"><Param1>77</Param1>
<Param2>FastReport: &#1053;&#1072;&#1082;&#1083;&#1072;&#1076;&#1085;&#1072;&#1103; &#1057;&#1042;&#1054;&#1044;&#1053;&#1040;&#1071; (&#1087;&#1086;&#1089;&#1077;&#1088;&#1080;&#1081;&#1085;&#1086;) (&#1087;&#1072;&#1082;) &#1053;&#1086;&#1074;&#1072;&#1103;</Param2>
<Param3>martynenko.av</Param3>
<Param4>ST186SB</Param4>
<Param5>Office_mb5</Param5>
<Param6>IP_192.168.152.52</Param6>
<Param7>174261</Param7>
<Param8>1</Param8>
</DocumentPrinted>
</UserData>
</Event>
<Event xmlns="http://schemas.microsoft.com/win/2004/08/events/event"><System><Provider Name="Microsoft-Windows-PrintService" Guid="{747ef6fd-e535-4d16-b510-42c90f6873a1}"></Provider>
<EventID Qualifiers="">307</EventID>
<Version>0</Version>
<Level>4</Level>
<Task>26</Task>
<Opcode>11</Opcode>
<Keywords>0x4000000000000840</Keywords>
<TimeCreated SystemTime="2019-04-30 15:55:05.154158"></TimeCreated>
<EventRecordID>1429</EventRecordID>
<Correlation ActivityID="" RelatedActivityID=""></Correlation>
<Execution ProcessID="1180" ThreadID="4812"></Execution>
<Channel>Microsoft-Windows-PrintService/Operational</Channel>
<Computer>psusrvkr.siaint.ru</Computer>
<Security UserID="S-1-5-21-1881554536-3269615630-2240278496-29117"></Security>
</System>
<UserData><DocumentPrinted xmlns:auto-ns3="http://schemas.microsoft.com/win/2004/08/events" xmlns="http://manifests.microsoft.com/win/2005/08/windows/printing/spooler/core/events"><Param1>78</Param1>
<Param2>FastReport: &#1053;&#1072;&#1082;&#1083;&#1072;&#1076;&#1085;&#1072;&#1103; &#1057;&#1042;&#1054;&#1044;&#1053;&#1040;&#1071; (&#1087;&#1086;&#1089;&#1077;&#1088;&#1080;&#1081;&#1085;&#1086;) (&#1087;&#1072;&#1082;) &#1053;&#1086;&#1074;&#1072;&#1103;</Param2>
<Param3>martynenko.av</Param3>
<Param4>ST186SB</Param4>
<Param5>Office_mb5</Param5>
<Param6>IP_192.168.152.52</Param6>
<Param7>175067</Param7>
<Param8>1</Param8>
</DocumentPrinted>
</UserData>
</Event>
<Event xmlns="http://schemas.microsoft.com/win/2004/08/events/event"><System><Provider Name="Microsoft-Windows-PrintService" Guid="{747ef6fd-e535-4d16-b510-42c90f6873a1}"></Provider>
<EventID Qualifiers="">307</EventID>
<Version>0</Version>
<Level>4</Level>
<Task>26</Task>
<Opcode>11</Opcode>
<Keywords>0x4000000000000840</Keywords>
<TimeCreated SystemTime="2019-04-30 15:55:08.044821"></TimeCreated>
<EventRecordID>1434</EventRecordID>
<Correlation ActivityID="" RelatedActivityID=""></Correlation>
<Execution ProcessID="1180" ThreadID="4228"></Execution>
<Channel>Microsoft-Windows-PrintService/Operational</Channel>
<Computer>psusrvkr.siaint.ru</Computer>
<Security UserID="S-1-5-21-1881554536-3269615630-2240278496-29117"></Security>
</System>
<UserData><DocumentPrinted xmlns:auto-ns3="http://schemas.microsoft.com/win/2004/08/events" xmlns="http://manifests.microsoft.com/win/2005/08/windows/printing/spooler/core/events"><Param1>79</Param1>
<Param2>FastReport: &#1053;&#1072;&#1082;&#1083;&#1072;&#1076;&#1085;&#1072;&#1103; &#1057;&#1042;&#1054;&#1044;&#1053;&#1040;&#1071; (&#1087;&#1086;&#1089;&#1077;&#1088;&#1080;&#1081;&#1085;&#1086;) (&#1087;&#1072;&#1082;) &#1053;&#1086;&#1074;&#1072;&#1103;</Param2>
<Param3>martynenko.av</Param3>
<Param4>ST186SB</Param4>
<Param5>Office_mb5</Param5>
<Param6>IP_192.168.152.52</Param6>
<Param7>175067</Param7>
<Param8>1</Param8>
</DocumentPrinted>
</UserData>
</Event>
<Event xmlns="http://schemas.microsoft.com/win/2004/08/events/event"><System><Provider Name="Microsoft-Windows-PrintService" Guid="{747ef6fd-e535-4d16-b510-42c90f6873a1}"></Provider>
<EventID Qualifiers="">307</EventID>
<Version>0</Version>
<Level>4</Level>
<Task>26</Task>
<Opcode>11</Opcode>
<Keywords>0x4000000000000840</Keywords>
<TimeCreated SystemTime="2019-04-30 15:55:10.779230"></TimeCreated>
<EventRecordID>1439</EventRecordID>
<Correlation ActivityID="" RelatedActivityID=""></Correlation>
<Execution ProcessID="1180" ThreadID="1940"></Execution>
<Channel>Microsoft-Windows-PrintService/Operational</Channel>
<Computer>psusrvkr.siaint.ru</Computer>
<Security UserID="S-1-5-21-1881554536-3269615630-2240278496-29117"></Security>
</System>
<UserData><DocumentPrinted xmlns:auto-ns3="http://schemas.microsoft.com/win/2004/08/events" xmlns="http://manifests.microsoft.com/win/2005/08/windows/printing/spooler/core/events"><Param1>80</Param1>
<Param2>FastReport: &#1057;&#1095;&#1077;&#1090;-&#1092;&#1072;&#1082;&#1090;&#1091;&#1088;&#1072; &#1053;&#1054;&#1042;&#1040;&#1071; (&#1087;&#1072;&#1082;)</Param2>
<Param3>martynenko.av</Param3>
<Param4>ST186SB</Param4>
<Param5>Office_mb5</Param5>
<Param6>IP_192.168.152.52</Param6>
<Param7>100984</Param7>
<Param8>2</Param8>
</DocumentPrinted>
</UserData>
</Event>
<Event xmlns="http://schemas.microsoft.com/win/2004/08/events/event"><System><Provider Name="Microsoft-Windows-PrintService" Guid="{747ef6fd-e535-4d16-b510-42c90f6873a1}"></Provider>
<EventID Qualifiers="">307</EventID>
<Version>0</Version>
<Level>4</Level>
<Task>26</Task>
<Opcode>11</Opcode>
<Keywords>0x4000000000000840</Keywords>
<TimeCreated SystemTime="2019-04-30 15:55:13.576139"></TimeCreated>
<EventRecordID>1444</EventRecordID>
<Correlation ActivityID="" RelatedActivityID=""></Correlation>
<Execution ProcessID="1180" ThreadID="3372"></Execution>
<Channel>Microsoft-Windows-PrintService/Operational</Channel>
<Computer>psusrvkr.siaint.ru</Computer>
<Security UserID="S-1-5-21-1881554536-3269615630-2240278496-29117"></Security>
</System>
<UserData><DocumentPrinted xmlns:auto-ns3="http://schemas.microsoft.com/win/2004/08/events" xmlns="http://manifests.microsoft.com/win/2005/08/windows/printing/spooler/core/events"><Param1>81</Param1>
<Param2>FastReport: &#1057;&#1095;&#1077;&#1090; (&#1087;&#1072;&#1082;)</Param2>
<Param3>martynenko.av</Param3>
<Param4>ST186SB</Param4>
<Param5>Office_mb5</Param5>
<Param6>IP_192.168.152.52</Param6>
<Param7>112872</Param7>
<Param8>1</Param8>
</DocumentPrinted>
</UserData>
</Event>
<Event xmlns="http://schemas.microsoft.com/win/2004/08/events/event"><System><Provider Name="Microsoft-Windows-PrintService" Guid="{747ef6fd-e535-4d16-b510-42c90f6873a1}"></Provider>
<EventID Qualifiers="">307</EventID>
<Version>0</Version>
<Level>4</Level>
<Task>26</Task>
<Opcode>11</Opcode>
<Keywords>0x4000000000000840</Keywords>
<TimeCreated SystemTime="2019-04-30 15:55:16.404303"></TimeCreated>
<EventRecordID>1449</EventRecordID>
<Correlation ActivityID="" RelatedActivityID=""></Correlation>
<Execution ProcessID="1180" ThreadID="3248"></Execution>
<Channel>Microsoft-Windows-PrintService/Operational</Channel>
<Computer>psusrvkr.siaint.ru</Computer>
<Security UserID="S-1-5-21-1881554536-3269615630-2240278496-29117"></Security>
</System>
<UserData><DocumentPrinted xmlns:auto-ns3="http://schemas.microsoft.com/win/2004/08/events" xmlns="http://manifests.microsoft.com/win/2005/08/windows/printing/spooler/core/events"><Param1>82</Param1>
<Param2>FastReport: &#1053;&#1072;&#1082;&#1083;&#1072;&#1076;&#1085;&#1072;&#1103; &#1057;&#1042;&#1054;&#1044;&#1053;&#1040;&#1071; (&#1087;&#1086;&#1089;&#1077;&#1088;&#1080;&#1081;&#1085;&#1086;) (&#1087;&#1072;&#1082;) &#1053;&#1086;&#1074;&#1072;&#1103;</Param2>
<Param3>martynenko.av</Param3>
<Param4>ST186SB</Param4>
<Param5>Office_mb5</Param5>
<Param6>IP_192.168.152.52</Param6>
<Param7>175067</Param7>
<Param8>1</Param8>
</DocumentPrinted>
</UserData>
</Event>
<Event xmlns="http://schemas.microsoft.com/win/2004/08/events/event"><System><Provider Name="Microsoft-Windows-PrintService" Guid="{747ef6fd-e535-4d16-b510-42c90f6873a1}"></Provider>
<EventID Qualifiers="">307</EventID>
<Version>0</Version>
<Level>4</Level>
<Task>26</Task>
<Opcode>11</Opcode>
<Keywords>0x4000000000000840</Keywords>
<TimeCreated SystemTime="2019-04-30 15:55:19.201212"></TimeCreated>
<EventRecordID>1454</EventRecordID>
<Correlation ActivityID="" RelatedActivityID=""></Correlation>
<Execution ProcessID="1180" ThreadID="4288"></Execution>
<Channel>Microsoft-Windows-PrintService/Operational</Channel>
<Computer>psusrvkr.siaint.ru</Computer>
<Security UserID="S-1-5-21-1881554536-3269615630-2240278496-29117"></Security>
</System>
<UserData><DocumentPrinted xmlns:auto-ns3="http://schemas.microsoft.com/win/2004/08/events" xmlns="http://manifests.microsoft.com/win/2005/08/windows/printing/spooler/core/events"><Param1>83</Param1>
<Param2>FastReport: &#1057;&#1095;&#1077;&#1090;-&#1092;&#1072;&#1082;&#1090;&#1091;&#1088;&#1072; &#1053;&#1054;&#1042;&#1040;&#1071; (&#1087;&#1072;&#1082;)</Param2>
<Param3>martynenko.av</Param3>
<Param4>ST186SB</Param4>
<Param5>Office_mb5</Param5>
<Param6>IP_192.168.152.52</Param6>
<Param7>100984</Param7>
<Param8>2</Param8>
</DocumentPrinted>
</UserData>
</Event>
<Event xmlns="http://schemas.microsoft.com/win/2004/08/events/event"><System><Provider Name="Microsoft-Windows-PrintService" Guid="{747ef6fd-e535-4d16-b510-42c90f6873a1}"></Provider>
<EventID Qualifiers="">307</EventID>
<Version>0</Version>
<Level>4</Level>
<Task>26</Task>
<Opcode>11</Opcode>
<Keywords>0x4000000000000840</Keywords>
<TimeCreated SystemTime="2019-04-30 15:55:21.935623"></TimeCreated>
<EventRecordID>1459</EventRecordID>
<Correlation ActivityID="" RelatedActivityID=""></Correlation>
<Execution ProcessID="1180" ThreadID="5048"></Execution>
<Channel>Microsoft-Windows-PrintService/Operational</Channel>
<Computer>psusrvkr.siaint.ru</Computer>
<Security UserID="S-1-5-21-1881554536-3269615630-2240278496-29117"></Security>
</System>
<UserData><DocumentPrinted xmlns:auto-ns3="http://schemas.microsoft.com/win/2004/08/events" xmlns="http://manifests.microsoft.com/win/2005/08/windows/printing/spooler/core/events"><Param1>84</Param1>
<Param2>FastReport: &#1057;&#1095;&#1077;&#1090; (&#1087;&#1072;&#1082;)</Param2>
<Param3>martynenko.av</Param3>
<Param4>ST186SB</Param4>
<Param5>Office_mb5</Param5>
<Param6>IP_192.168.152.52</Param6>
<Param7>112872</Param7>
<Param8>1</Param8>
</DocumentPrinted>
</UserData>
</Event>
<Event xmlns="http://schemas.microsoft.com/win/2004/08/events/event"><System><Provider Name="Microsoft-Windows-PrintService" Guid="{747ef6fd-e535-4d16-b510-42c90f6873a1}"></Provider>
<EventID Qualifiers="">307</EventID>
<Version>0</Version>
<Level>4</Level>
<Task>26</Task>
<Opcode>11</Opcode>
<Keywords>0x4000000000000840</Keywords>
<TimeCreated SystemTime="2019-04-30 15:55:43.279646"></TimeCreated>
<EventRecordID>1464</EventRecordID>
<Correlation ActivityID="" RelatedActivityID=""></Correlation>
<Execution ProcessID="1180" ThreadID="1312"></Execution>
<Channel>Microsoft-Windows-PrintService/Operational</Channel>
<Computer>psusrvkr.siaint.ru</Computer>
<Security UserID="S-1-5-21-1881554536-3269615630-2240278496-29117"></Security>
</System>
<UserData><DocumentPrinted xmlns:auto-ns3="http://schemas.microsoft.com/win/2004/08/events" xmlns="http://manifests.microsoft.com/win/2005/08/windows/printing/spooler/core/events"><Param1>85</Param1>
<Param2>FastReport: &#1053;&#1072;&#1082;&#1083;&#1072;&#1076;&#1085;&#1072;&#1103; &#1057;&#1042;&#1054;&#1044;&#1053;&#1040;&#1071; (&#1087;&#1086;&#1089;&#1077;&#1088;&#1080;&#1081;&#1085;&#1086;) (&#1087;&#1072;&#1082;) &#1053;&#1086;&#1074;&#1072;&#1103;</Param2>
<Param3>martynenko.av</Param3>
<Param4>ST186SB</Param4>
<Param5>Office_mb5</Param5>
<Param6>IP_192.168.152.52</Param6>
<Param7>175067</Param7>
<Param8>1</Param8>
</DocumentPrinted>
</UserData>
</Event>
<Event xmlns="http://schemas.microsoft.com/win/2004/08/events/event"><System><Provider Name="Microsoft-Windows-PrintService" Guid="{747ef6fd-e535-4d16-b510-42c90f6873a1}"></Provider>
<EventID Qualifiers="">307</EventID>
<Version>0</Version>
<Level>4</Level>
<Task>26</Task>
<Opcode>11</Opcode>
<Keywords>0x4000000000000840</Keywords>
<TimeCreated SystemTime="2019-04-30 15:56:50.296528"></TimeCreated>
<EventRecordID>1469</EventRecordID>
<Correlation ActivityID="" RelatedActivityID=""></Correlation>
<Execution ProcessID="1180" ThreadID="2040"></Execution>
<Channel>Microsoft-Windows-PrintService/Operational</Channel>
<Computer>psusrvkr.siaint.ru</Computer>
<Security UserID="S-1-5-21-1881554536-3269615630-2240278496-29117"></Security>
</System>
<UserData><DocumentPrinted xmlns:auto-ns3="http://schemas.microsoft.com/win/2004/08/events" xmlns="http://manifests.microsoft.com/win/2005/08/windows/printing/spooler/core/events"><Param1>86</Param1>
<Param2>FastReport: &#1053;&#1072;&#1082;&#1083;&#1072;&#1076;&#1085;&#1072;&#1103; &#1057;&#1042;&#1054;&#1044;&#1053;&#1040;&#1071; (&#1087;&#1086;&#1089;&#1077;&#1088;&#1080;&#1081;&#1085;&#1086;) (&#1087;&#1072;&#1082;) &#1053;&#1086;&#1074;&#1072;&#1103;</Param2>
<Param3>martynenko.av</Param3>
<Param4>ST186SB</Param4>
<Param5>Office_mb5</Param5>
<Param6>IP_192.168.152.52</Param6>
<Param7>167338</Param7>
<Param8>1</Param8>
</DocumentPrinted>
</UserData>
</Event>
<Event xmlns="http://schemas.microsoft.com/win/2004/08/events/event"><System><Provider Name="Microsoft-Windows-PrintService" Guid="{747ef6fd-e535-4d16-b510-42c90f6873a1}"></Provider>
<EventID Qualifiers="">307</EventID>
<Version>0</Version>
<Level>4</Level>
<Task>26</Task>
<Opcode>11</Opcode>
<Keywords>0x4000000000000840</Keywords>
<TimeCreated SystemTime="2019-04-30 15:57:31.828575"></TimeCreated>
<EventRecordID>1474</EventRecordID>
<Correlation ActivityID="" RelatedActivityID=""></Correlation>
<Execution ProcessID="1180" ThreadID="4492"></Execution>
<Channel>Microsoft-Windows-PrintService/Operational</Channel>
<Computer>psusrvkr.siaint.ru</Computer>
<Security UserID="S-1-5-21-1881554536-3269615630-2240278496-10914"></Security>
</System>
<UserData><DocumentPrinted xmlns:auto-ns3="http://schemas.microsoft.com/win/2004/08/events" xmlns="http://manifests.microsoft.com/win/2005/08/windows/printing/spooler/core/events"><Param1>87</Param1>
<Param2>Microsoft Word - &#1040;&#1082;&#1090; &#1087;&#1088;&#1080;&#1077;&#1084;&#1072; &#1087;&#1077;&#1088;&#1077;&#1076;&#1072;&#1095;&#1080; 214 &#1072;&#1091;&#1082;</Param2>
<Param3>malafeeva_mm</Param3>
<Param4>KRMPZX634</Param4>
<Param5>Office_mb2</Param5>
<Param6>IP_192.168.152.52</Param6>
<Param7>124050</Param7>
<Param8>1</Param8>
</DocumentPrinted>
</UserData>
</Event>
<Event xmlns="http://schemas.microsoft.com/win/2004/08/events/event"><System><Provider Name="Microsoft-Windows-PrintService" Guid="{747ef6fd-e535-4d16-b510-42c90f6873a1}"></Provider>
<EventID Qualifiers="">307</EventID>
<Version>0</Version>
<Level>4</Level>
<Task>26</Task>
<Opcode>11</Opcode>
<Keywords>0x4000000000000840</Keywords>
<TimeCreated SystemTime="2019-04-30 15:57:47.219496"></TimeCreated>
<EventRecordID>1479</EventRecordID>
<Correlation ActivityID="" RelatedActivityID=""></Correlation>
<Execution ProcessID="1180" ThreadID="4168"></Execution>
<Channel>Microsoft-Windows-PrintService/Operational</Channel>
<Computer>psusrvkr.siaint.ru</Computer>
<Security UserID="S-1-5-21-1881554536-3269615630-2240278496-10914"></Security>
</System>
<UserData><DocumentPrinted xmlns:auto-ns3="http://schemas.microsoft.com/win/2004/08/events" xmlns="http://manifests.microsoft.com/win/2005/08/windows/printing/spooler/core/events"><Param1>88</Param1>
<Param2>&#1050;&#1080;&#1090;&#1088;&#1091;&#1076;&#1072; 8302617001.pdf</Param2>
<Param3>malafeeva_mm</Param3>
<Param4>KRMPZX634</Param4>
<Param5>Office_mb2</Param5>
<Param6>IP_192.168.152.52</Param6>
<Param7>4784063</Param7>
<Param8>4</Param8>
</DocumentPrinted>
</UserData>
</Event>
<Event xmlns="http://schemas.microsoft.com/win/2004/08/events/event"><System><Provider Name="Microsoft-Windows-PrintService" Guid="{747ef6fd-e535-4d16-b510-42c90f6873a1}"></Provider>
<EventID Qualifiers="">307</EventID>
<Version>0</Version>
<Level>4</Level>
<Task>26</Task>
<Opcode>11</Opcode>
<Keywords>0x4000000000000840</Keywords>
<TimeCreated SystemTime="2019-04-30 15:57:51.938335"></TimeCreated>
<EventRecordID>1484</EventRecordID>
<Correlation ActivityID="" RelatedActivityID=""></Correlation>
<Execution ProcessID="1180" ThreadID="400"></Execution>
<Channel>Microsoft-Windows-PrintService/Operational</Channel>
<Computer>psusrvkr.siaint.ru</Computer>
<Security UserID="S-1-5-21-1881554536-3269615630-2240278496-10914"></Security>
</System>
<UserData><DocumentPrinted xmlns:auto-ns3="http://schemas.microsoft.com/win/2004/08/events" xmlns="http://manifests.microsoft.com/win/2005/08/windows/printing/spooler/core/events"><Param1>89</Param1>
<Param2>&#1055;&#1088;&#1080;&#1083;&#1086;&#1078;&#1077;&#1085;&#1080;&#1077;.xls</Param2>
<Param3>malafeeva_mm</Param3>
<Param4>KRMPZX634</Param4>
<Param5>Office_mb2</Param5>
<Param6>IP_192.168.152.52</Param6>
<Param7>54656</Param7>
<Param8>1</Param8>
</DocumentPrinted>
</UserData>
</Event>
