<Event xmlns="http://schemas.microsoft.com/win/2004/08/events/event"><System><Provider Name="Microsoft-Windows-PrintService" Guid="{747ef6fd-e535-4d16-b510-42c90f6873a1}"></Provider>
<EventID Qualifiers="">307</EventID>
<Version>0</Version>
<Level>4</Level>
<Task>26</Task>
<Opcode>11</Opcode>
<Keywords>0x4000000000000840</Keywords>
<TimeCreated SystemTime="2019-04-30 12:29:02.127979"></TimeCreated>
<EventRecordID>404</EventRecordID>
<Correlation ActivityID="" RelatedActivityID=""></Correlation>
<Execution ProcessID="1180" ThreadID="948"></Execution>
<Channel>Microsoft-Windows-PrintService/Operational</Channel>
<Computer>psusrvkr.siaint.ru</Computer>
<Security UserID="S-1-5-21-1881554536-3269615630-2240278496-22731"></Security>
</System>
<UserData><DocumentPrinted xmlns:auto-ns3="http://schemas.microsoft.com/win/2004/08/events" xmlns="http://manifests.microsoft.com/win/2005/08/windows/printing/spooler/core/events"><Param1>188</Param1>
<Param2>&#1053;&#1072; &#1088;&#1077;&#1079;&#1086;&#1083;&#1102;&#1094;&#1080;&#1102; &#1053;&#1054;&#1057;&#1072;</Param2>
<Param3>vasilyeva.na</Param3>
<Param4>KRMPZX262</Param4>
<Param5>kr_tovar_1</Param5>
<Param6>IP_192.168.152.50</Param6>
<Param7>83765</Param7>
<Param8>1</Param8>
</DocumentPrinted>
</UserData>
</Event>
<Event xmlns="http://schemas.microsoft.com/win/2004/08/events/event"><System><Provider Name="Microsoft-Windows-PrintService" Guid="{747ef6fd-e535-4d16-b510-42c90f6873a1}"></Provider>
<EventID Qualifiers="">307</EventID>
<Version>0</Version>
<Level>4</Level>
<Task>26</Task>
<Opcode>11</Opcode>
<Keywords>0x4000000000000840</Keywords>
<TimeCreated SystemTime="2019-04-30 12:45:58.022484"></TimeCreated>
<EventRecordID>677</EventRecordID>
<Correlation ActivityID="" RelatedActivityID=""></Correlation>
<Execution ProcessID="1180" ThreadID="3288"></Execution>
<Channel>Microsoft-Windows-PrintService/Operational</Channel>
<Computer>psusrvkr.siaint.ru</Computer>
<Security UserID="S-1-5-21-1881554536-3269615630-2240278496-7289"></Security>
</System>
<UserData><DocumentPrinted xmlns:auto-ns3="http://schemas.microsoft.com/win/2004/08/events" xmlns="http://manifests.microsoft.com/win/2005/08/windows/printing/spooler/core/events"><Param1>189</Param1>
<Param2>Microsoft Word - &#1057;&#1090;&#1072;&#1074;&#1088;&#1086;&#1087;&#1086;&#1083;&#1100; &#1086;&#1090;&#1087;&#1091;&#1089;&#1082;</Param2>
<Param3>konstantinova_ls</Param3>
<Param4>KRMPZX505</Param4>
<Param5>Office_mb1</Param5>
<Param6>IP_192.168.152.52</Param6>
<Param7>34795</Param7>
<Param8>1</Param8>
</DocumentPrinted>
</UserData>
</Event>
<Event xmlns="http://schemas.microsoft.com/win/2004/08/events/event"><System><Provider Name="Microsoft-Windows-PrintService" Guid="{747ef6fd-e535-4d16-b510-42c90f6873a1}"></Provider>
<EventID Qualifiers="">307</EventID>
<Version>0</Version>
<Level>4</Level>
<Task>26</Task>
<Opcode>11</Opcode>
<Keywords>0x4000000000000840</Keywords>
<TimeCreated SystemTime="2019-04-30 12:56:10.971752"></TimeCreated>
<EventRecordID>682</EventRecordID>
<Correlation ActivityID="" RelatedActivityID=""></Correlation>
<Execution ProcessID="1180" ThreadID="5044"></Execution>
<Channel>Microsoft-Windows-PrintService/Operational</Channel>
<Computer>psusrvkr.siaint.ru</Computer>
<Security UserID="S-1-5-21-1881554536-3269615630-2240278496-29117"></Security>
</System>
<UserData><DocumentPrinted xmlns:auto-ns3="http://schemas.microsoft.com/win/2004/08/events" xmlns="http://manifests.microsoft.com/win/2005/08/windows/printing/spooler/core/events"><Param1>190</Param1>
<Param2>Microsoft Office Outlook - &#1047;&#1072;&#1084;&#1077;&#1090;&#1082;&#1072;</Param2>
<Param3>martynenko.av</Param3>
<Param4>ST186SB</Param4>
<Param5>Office_mb5</Param5>
<Param6>IP_192.168.152.52</Param6>
<Param7>105781</Param7>
<Param8>1</Param8>
</DocumentPrinted>
</UserData>
</Event>
<Event xmlns="http://schemas.microsoft.com/win/2004/08/events/event"><System><Provider Name="Microsoft-Windows-PrintService" Guid="{747ef6fd-e535-4d16-b510-42c90f6873a1}"></Provider>
<EventID Qualifiers="">307</EventID>
<Version>0</Version>
<Level>4</Level>
<Task>26</Task>
<Opcode>11</Opcode>
<Keywords>0x4000000000000840</Keywords>
<TimeCreated SystemTime="2019-04-30 12:56:17.315624"></TimeCreated>
<EventRecordID>687</EventRecordID>
<Correlation ActivityID="" RelatedActivityID=""></Correlation>
<Execution ProcessID="1180" ThreadID="4544"></Execution>
<Channel>Microsoft-Windows-PrintService/Operational</Channel>
<Computer>psusrvkr.siaint.ru</Computer>
<Security UserID="S-1-5-21-1881554536-3269615630-2240278496-29117"></Security>
</System>
<UserData><DocumentPrinted xmlns:auto-ns3="http://schemas.microsoft.com/win/2004/08/events" xmlns="http://manifests.microsoft.com/win/2005/08/windows/printing/spooler/core/events"><Param1>191</Param1>
<Param2>Microsoft Office Outlook - &#1047;&#1072;&#1084;&#1077;&#1090;&#1082;&#1072;</Param2>
<Param3>martynenko.av</Param3>
<Param4>ST186SB</Param4>
<Param5>Office_mb5</Param5>
<Param6>IP_192.168.152.52</Param6>
<Param7>104533</Param7>
<Param8>1</Param8>
</DocumentPrinted>
</UserData>
</Event>
<Event xmlns="http://schemas.microsoft.com/win/2004/08/events/event"><System><Provider Name="Microsoft-Windows-PrintService" Guid="{747ef6fd-e535-4d16-b510-42c90f6873a1}"></Provider>
<EventID Qualifiers="">307</EventID>
<Version>0</Version>
<Level>4</Level>
<Task>26</Task>
<Opcode>11</Opcode>
<Keywords>0x4000000000000840</Keywords>
<TimeCreated SystemTime="2019-04-30 12:56:23.440742"></TimeCreated>
<EventRecordID>692</EventRecordID>
<Correlation ActivityID="" RelatedActivityID=""></Correlation>
<Execution ProcessID="1180" ThreadID="3712"></Execution>
<Channel>Microsoft-Windows-PrintService/Operational</Channel>
<Computer>psusrvkr.siaint.ru</Computer>
<Security UserID="S-1-5-21-1881554536-3269615630-2240278496-29117"></Security>
</System>
<UserData><DocumentPrinted xmlns:auto-ns3="http://schemas.microsoft.com/win/2004/08/events" xmlns="http://manifests.microsoft.com/win/2005/08/windows/printing/spooler/core/events"><Param1>192</Param1>
<Param2>Microsoft Office Outlook - &#1047;&#1072;&#1084;&#1077;&#1090;&#1082;&#1072;</Param2>
<Param3>martynenko.av</Param3>
<Param4>ST186SB</Param4>
<Param5>Office_mb5</Param5>
<Param6>IP_192.168.152.52</Param6>
<Param7>68743</Param7>
<Param8>1</Param8>
</DocumentPrinted>
</UserData>
</Event>
<Event xmlns="http://schemas.microsoft.com/win/2004/08/events/event"><System><Provider Name="Microsoft-Windows-PrintService" Guid="{747ef6fd-e535-4d16-b510-42c90f6873a1}"></Provider>
<EventID Qualifiers="">307</EventID>
<Version>0</Version>
<Level>4</Level>
<Task>26</Task>
<Opcode>11</Opcode>
<Keywords>0x4000000000000840</Keywords>
<TimeCreated SystemTime="2019-04-30 12:56:33.909695"></TimeCreated>
<EventRecordID>697</EventRecordID>
<Correlation ActivityID="" RelatedActivityID=""></Correlation>
<Execution ProcessID="1180" ThreadID="560"></Execution>
<Channel>Microsoft-Windows-PrintService/Operational</Channel>
<Computer>psusrvkr.siaint.ru</Computer>
<Security UserID="S-1-5-21-1881554536-3269615630-2240278496-29117"></Security>
</System>
<UserData><DocumentPrinted xmlns:auto-ns3="http://schemas.microsoft.com/win/2004/08/events" xmlns="http://manifests.microsoft.com/win/2005/08/windows/printing/spooler/core/events"><Param1>193</Param1>
<Param2>Microsoft Office Outlook - &#1047;&#1072;&#1084;&#1077;&#1090;&#1082;&#1072;</Param2>
<Param3>martynenko.av</Param3>
<Param4>ST186SB</Param4>
<Param5>Office_mb5</Param5>
<Param6>IP_192.168.152.52</Param6>
<Param7>261306</Param7>
<Param8>2</Param8>
</DocumentPrinted>
</UserData>
</Event>
<Event xmlns="http://schemas.microsoft.com/win/2004/08/events/event"><System><Provider Name="Microsoft-Windows-PrintService" Guid="{747ef6fd-e535-4d16-b510-42c90f6873a1}"></Provider>
<EventID Qualifiers="">307</EventID>
<Version>0</Version>
<Level>4</Level>
<Task>26</Task>
<Opcode>11</Opcode>
<Keywords>0x4000000000000840</Keywords>
<TimeCreated SystemTime="2019-04-30 13:07:39.297468"></TimeCreated>
<EventRecordID>734</EventRecordID>
<Correlation ActivityID="" RelatedActivityID=""></Correlation>
<Execution ProcessID="1180" ThreadID="4804"></Execution>
<Channel>Microsoft-Windows-PrintService/Operational</Channel>
<Computer>psusrvkr.siaint.ru</Computer>
<Security UserID="S-1-5-21-1881554536-3269615630-2240278496-15112"></Security>
</System>
<UserData><DocumentPrinted xmlns:auto-ns3="http://schemas.microsoft.com/win/2004/08/events" xmlns="http://manifests.microsoft.com/win/2005/08/windows/printing/spooler/core/events"><Param1>194</Param1>
<Param2>&#1054;&#1090;&#1095;&#1077;&#1090; &#1085;&#1077; &#1074;&#1077;&#1088;&#1085;.&#1085;&#1072;&#1082;&#1083;&#1072;&#1076;..xlsx</Param2>
<Param3>varnavskaya.va</Param3>
<Param4>\\192.168.152.181</Param4>
<Param5>krd001242</Param5>
<Param6>IP_192.168.152.43</Param6>
<Param7>79299</Param7>
<Param8>1</Param8>
</DocumentPrinted>
</UserData>
</Event>
<Event xmlns="http://schemas.microsoft.com/win/2004/08/events/event"><System><Provider Name="Microsoft-Windows-PrintService" Guid="{747ef6fd-e535-4d16-b510-42c90f6873a1}"></Provider>
<EventID Qualifiers="">307</EventID>
<Version>0</Version>
<Level>4</Level>
<Task>26</Task>
<Opcode>11</Opcode>
<Keywords>0x4000000000000840</Keywords>
<TimeCreated SystemTime="2019-04-30 13:12:42.334538"></TimeCreated>
<EventRecordID>739</EventRecordID>
<Correlation ActivityID="" RelatedActivityID=""></Correlation>
<Execution ProcessID="1180" ThreadID="3900"></Execution>
<Channel>Microsoft-Windows-PrintService/Operational</Channel>
<Computer>psusrvkr.siaint.ru</Computer>
<Security UserID="S-1-5-21-1881554536-3269615630-2240278496-14130"></Security>
</System>
<UserData><DocumentPrinted xmlns:auto-ns3="http://schemas.microsoft.com/win/2004/08/events" xmlns="http://manifests.microsoft.com/win/2005/08/windows/printing/spooler/core/events"><Param1>195</Param1>
<Param2>FastReport: &#1055;&#1077;&#1088;&#1077;&#1084;&#1077;&#1097;&#1077;&#1085;&#1080;&#1077; (&#1089;&#1073;&#1086;&#1088;&#1086;&#1095;&#1085;&#1099;&#1081; &#1083;&#1080;&#1089;&#1090;)</Param2>
<Param3>sklad_krd</Param3>
<Param4>\\KRMPZX360</Param4>
<Param5>krd001243</Param5>
<Param6>IP_192.168.152.45</Param6>
<Param7>103674</Param7>
<Param8>1</Param8>
</DocumentPrinted>
</UserData>
</Event>
<Event xmlns="http://schemas.microsoft.com/win/2004/08/events/event"><System><Provider Name="Microsoft-Windows-PrintService" Guid="{747ef6fd-e535-4d16-b510-42c90f6873a1}"></Provider>
<EventID Qualifiers="">307</EventID>
<Version>0</Version>
<Level>4</Level>
<Task>26</Task>
<Opcode>11</Opcode>
<Keywords>0x4000000000000840</Keywords>
<TimeCreated SystemTime="2019-04-30 13:23:50.753620"></TimeCreated>
<EventRecordID>744</EventRecordID>
<Correlation ActivityID="" RelatedActivityID=""></Correlation>
<Execution ProcessID="1180" ThreadID="2612"></Execution>
<Channel>Microsoft-Windows-PrintService/Operational</Channel>
<Computer>psusrvkr.siaint.ru</Computer>
<Security UserID="S-1-5-21-1881554536-3269615630-2240278496-17127"></Security>
</System>
<UserData><DocumentPrinted xmlns:auto-ns3="http://schemas.microsoft.com/win/2004/08/events" xmlns="http://manifests.microsoft.com/win/2005/08/windows/printing/spooler/core/events"><Param1>196</Param1>
<Param2>&#1050;&#1055;&#1069; &#1054;&#1057;  &#1089; 01 02 2019 (2).xlsx</Param2>
<Param3>boriskina.no</Param3>
<Param4>KRMPZX648</Param4>
<Param5>Office_mb3</Param5>
<Param6>IP_192.168.152.52</Param6>
<Param7>56272</Param7>
<Param8>1</Param8>
</DocumentPrinted>
</UserData>
</Event>
<Event xmlns="http://schemas.microsoft.com/win/2004/08/events/event"><System><Provider Name="Microsoft-Windows-PrintService" Guid="{747ef6fd-e535-4d16-b510-42c90f6873a1}"></Provider>
<EventID Qualifiers="">307</EventID>
<Version>0</Version>
<Level>4</Level>
<Task>26</Task>
<Opcode>11</Opcode>
<Keywords>0x4000000000000840</Keywords>
<TimeCreated SystemTime="2019-04-30 13:26:03.990553"></TimeCreated>
<EventRecordID>749</EventRecordID>
<Correlation ActivityID="" RelatedActivityID=""></Correlation>
<Execution ProcessID="1180" ThreadID="3324"></Execution>
<Channel>Microsoft-Windows-PrintService/Operational</Channel>
<Computer>psusrvkr.siaint.ru</Computer>
<Security UserID="S-1-5-21-1881554536-3269615630-2240278496-22731"></Security>
</System>
<UserData><DocumentPrinted xmlns:auto-ns3="http://schemas.microsoft.com/win/2004/08/events" xmlns="http://manifests.microsoft.com/win/2005/08/windows/printing/spooler/core/events"><Param1>197</Param1>
<Param2>&#1053;&#1072; &#1088;&#1077;&#1079;&#1086;&#1083;&#1102;&#1094;&#1080;&#1102; &#1053;&#1054;&#1057;&#1072;</Param2>
<Param3>vasilyeva.na</Param3>
<Param4>KRMPZX262</Param4>
<Param5>kr_tovar_1</Param5>
<Param6>IP_192.168.152.50</Param6>
<Param7>87210</Param7>
<Param8>1</Param8>
</DocumentPrinted>
</UserData>
</Event>
<Event xmlns="http://schemas.microsoft.com/win/2004/08/events/event"><System><Provider Name="Microsoft-Windows-PrintService" Guid="{747ef6fd-e535-4d16-b510-42c90f6873a1}"></Provider>
<EventID Qualifiers="">307</EventID>
<Version>0</Version>
<Level>4</Level>
<Task>26</Task>
<Opcode>11</Opcode>
<Keywords>0x4000000000000840</Keywords>
<TimeCreated SystemTime="2019-04-30 13:26:39.131853"></TimeCreated>
<EventRecordID>754</EventRecordID>
<Correlation ActivityID="" RelatedActivityID=""></Correlation>
<Execution ProcessID="1180" ThreadID="1496"></Execution>
<Channel>Microsoft-Windows-PrintService/Operational</Channel>
<Computer>psusrvkr.siaint.ru</Computer>
<Security UserID="S-1-5-21-1881554536-3269615630-2240278496-22731"></Security>
</System>
<UserData><DocumentPrinted xmlns:auto-ns3="http://schemas.microsoft.com/win/2004/08/events" xmlns="http://manifests.microsoft.com/win/2005/08/windows/printing/spooler/core/events"><Param1>198</Param1>
<Param2>&#1053;&#1072; &#1088;&#1077;&#1079;&#1086;&#1083;&#1102;&#1094;&#1080;&#1102; &#1053;&#1054;&#1057;&#1072;</Param2>
<Param3>vasilyeva.na</Param3>
<Param4>KRMPZX262</Param4>
<Param5>kr_tovar_1</Param5>
<Param6>IP_192.168.152.50</Param6>
<Param7>94567</Param7>
<Param8>1</Param8>
</DocumentPrinted>
</UserData>
</Event>
<Event xmlns="http://schemas.microsoft.com/win/2004/08/events/event"><System><Provider Name="Microsoft-Windows-PrintService" Guid="{747ef6fd-e535-4d16-b510-42c90f6873a1}"></Provider>
<EventID Qualifiers="">307</EventID>
<Version>0</Version>
<Level>4</Level>
<Task>26</Task>
<Opcode>11</Opcode>
<Keywords>0x4000000000000840</Keywords>
<TimeCreated SystemTime="2019-04-30 13:36:03.111431"></TimeCreated>
<EventRecordID>759</EventRecordID>
<Correlation ActivityID="" RelatedActivityID=""></Correlation>
<Execution ProcessID="1180" ThreadID="2092"></Execution>
<Channel>Microsoft-Windows-PrintService/Operational</Channel>
<Computer>psusrvkr.siaint.ru</Computer>
<Security UserID="S-1-5-21-1881554536-3269615630-2240278496-9394"></Security>
</System>
<UserData><DocumentPrinted xmlns:auto-ns3="http://schemas.microsoft.com/win/2004/08/events" xmlns="http://manifests.microsoft.com/win/2005/08/windows/printing/spooler/core/events"><Param1>199</Param1>
<Param2>&#1042;&#1086; &#1074;&#1089;&#1102; &#1089;&#1090;&#1088;&#1072;&#1085;&#1080;&#1094;&#1091;</Param2>
<Param3>moshnova_iv</Param3>
<Param4>KRMPZX473</Param4>
<Param5>Office_mb1</Param5>
<Param6>IP_192.168.152.52</Param6>
<Param7>5626533</Param7>
<Param8>1</Param8>
</DocumentPrinted>
</UserData>
</Event>
<Event xmlns="http://schemas.microsoft.com/win/2004/08/events/event"><System><Provider Name="Microsoft-Windows-PrintService" Guid="{747ef6fd-e535-4d16-b510-42c90f6873a1}"></Provider>
<EventID Qualifiers="">307</EventID>
<Version>0</Version>
<Level>4</Level>
<Task>26</Task>
<Opcode>11</Opcode>
<Keywords>0x4000000000000840</Keywords>
<TimeCreated SystemTime="2019-04-30 13:45:22.481544"></TimeCreated>
<EventRecordID>764</EventRecordID>
<Correlation ActivityID="" RelatedActivityID=""></Correlation>
<Execution ProcessID="1180" ThreadID="4972"></Execution>
<Channel>Microsoft-Windows-PrintService/Operational</Channel>
<Computer>psusrvkr.siaint.ru</Computer>
<Security UserID="S-1-5-21-1881554536-3269615630-2240278496-29117"></Security>
</System>
<UserData><DocumentPrinted xmlns:auto-ns3="http://schemas.microsoft.com/win/2004/08/events" xmlns="http://manifests.microsoft.com/win/2005/08/windows/printing/spooler/core/events"><Param1>200</Param1>
<Param2>FastReport: &#1053;&#1072;&#1082;&#1083;&#1072;&#1076;&#1085;&#1072;&#1103; &#1057;&#1042;&#1054;&#1044;&#1053;&#1040;&#1071; (&#1087;&#1086;&#1089;&#1077;&#1088;&#1080;&#1081;&#1085;&#1086;) (&#1087;&#1072;&#1082;) &#1053;&#1086;&#1074;&#1072;&#1103;</Param2>
<Param3>martynenko.av</Param3>
<Param4>ST186SB</Param4>
<Param5>Office_mb5</Param5>
<Param6>IP_192.168.152.52</Param6>
<Param7>184861</Param7>
<Param8>2</Param8>
</DocumentPrinted>
</UserData>
</Event>
<Event xmlns="http://schemas.microsoft.com/win/2004/08/events/event"><System><Provider Name="Microsoft-Windows-PrintService" Guid="{747ef6fd-e535-4d16-b510-42c90f6873a1}"></Provider>
<EventID Qualifiers="">307</EventID>
<Version>0</Version>
<Level>4</Level>
<Task>26</Task>
<Opcode>11</Opcode>
<Keywords>0x4000000000000840</Keywords>
<TimeCreated SystemTime="2019-04-30 13:47:04.499128"></TimeCreated>
<EventRecordID>769</EventRecordID>
<Correlation ActivityID="" RelatedActivityID=""></Correlation>
<Execution ProcessID="1180" ThreadID="4256"></Execution>
<Channel>Microsoft-Windows-PrintService/Operational</Channel>
<Computer>psusrvkr.siaint.ru</Computer>
<Security UserID="S-1-5-21-1881554536-3269615630-2240278496-15664"></Security>
</System>
<UserData><DocumentPrinted xmlns:auto-ns3="http://schemas.microsoft.com/win/2004/08/events" xmlns="http://manifests.microsoft.com/win/2005/08/windows/printing/spooler/core/events"><Param1>201</Param1>
<Param2>FastReport: &#1055;&#1077;&#1088;&#1077;&#1084;&#1077;&#1097;&#1077;&#1085;&#1080;&#1077; (&#1089;&#1073;&#1086;&#1088;&#1086;&#1095;&#1085;&#1099;&#1081; &#1083;&#1080;&#1089;&#1090;)</Param2>
<Param3>eremenko.ds</Param3>
<Param4>\\192.168.152.152</Param4>
<Param5>krd001243</Param5>
<Param6>IP_192.168.152.45</Param6>
<Param7>105166</Param7>
<Param8>1</Param8>
</DocumentPrinted>
</UserData>
</Event>
<Event xmlns="http://schemas.microsoft.com/win/2004/08/events/event"><System><Provider Name="Microsoft-Windows-PrintService" Guid="{747ef6fd-e535-4d16-b510-42c90f6873a1}"></Provider>
<EventID Qualifiers="">307</EventID>
<Version>0</Version>
<Level>4</Level>
<Task>26</Task>
<Opcode>11</Opcode>
<Keywords>0x4000000000000840</Keywords>
<TimeCreated SystemTime="2019-04-30 13:49:10.860931"></TimeCreated>
<EventRecordID>774</EventRecordID>
<Correlation ActivityID="" RelatedActivityID=""></Correlation>
<Execution ProcessID="1180" ThreadID="3804"></Execution>
<Channel>Microsoft-Windows-PrintService/Operational</Channel>
<Computer>psusrvkr.siaint.ru</Computer>
<Security UserID="S-1-5-21-1881554536-3269615630-2240278496-9809"></Security>
</System>
<UserData><DocumentPrinted xmlns:auto-ns3="http://schemas.microsoft.com/win/2004/08/events" xmlns="http://manifests.microsoft.com/win/2005/08/windows/printing/spooler/core/events"><Param1>202</Param1>
<Param2>&#1050;&#1088;&#1072;&#1089;&#1085;&#1086;&#1076;&#1072;&#1088; &#1043;&#1057;&#1050; 90 06 05 2019 (2).xlsx</Param2>
<Param3>brindin_sv</Param3>
<Param4>KRMPZX654</Param4>
<Param5>krd001242</Param5>
<Param6>IP_192.168.152.43</Param6>
<Param7>117981</Param7>
<Param8>1</Param8>
</DocumentPrinted>
</UserData>
</Event>
<Event xmlns="http://schemas.microsoft.com/win/2004/08/events/event"><System><Provider Name="Microsoft-Windows-PrintService" Guid="{747ef6fd-e535-4d16-b510-42c90f6873a1}"></Provider>
<EventID Qualifiers="">307</EventID>
<Version>0</Version>
<Level>4</Level>
<Task>26</Task>
<Opcode>11</Opcode>
<Keywords>0x4000000000000840</Keywords>
<TimeCreated SystemTime="2019-04-30 13:49:19.954855"></TimeCreated>
<EventRecordID>779</EventRecordID>
<Correlation ActivityID="" RelatedActivityID=""></Correlation>
<Execution ProcessID="1180" ThreadID="4328"></Execution>
<Channel>Microsoft-Windows-PrintService/Operational</Channel>
<Computer>psusrvkr.siaint.ru</Computer>
<Security UserID="S-1-5-21-1881554536-3269615630-2240278496-9809"></Security>
</System>
<UserData><DocumentPrinted xmlns:auto-ns3="http://schemas.microsoft.com/win/2004/08/events" xmlns="http://manifests.microsoft.com/win/2005/08/windows/printing/spooler/core/events"><Param1>203</Param1>
<Param2>&#1050;&#1088;&#1072;&#1089;&#1085;&#1086;&#1076;&#1072;&#1088; &#1043;&#1057;&#1050; 90 06 05 2019 (2).xlsx</Param2>
<Param3>brindin_sv</Param3>
<Param4>KRMPZX654</Param4>
<Param5>krd001242</Param5>
<Param6>IP_192.168.152.43</Param6>
<Param7>91481</Param7>
<Param8>1</Param8>
</DocumentPrinted>
</UserData>
</Event>
<Event xmlns="http://schemas.microsoft.com/win/2004/08/events/event"><System><Provider Name="Microsoft-Windows-PrintService" Guid="{747ef6fd-e535-4d16-b510-42c90f6873a1}"></Provider>
<EventID Qualifiers="">307</EventID>
<Version>0</Version>
<Level>4</Level>
<Task>26</Task>
<Opcode>11</Opcode>
<Keywords>0x4000000000000840</Keywords>
<TimeCreated SystemTime="2019-04-30 13:49:28.955029"></TimeCreated>
<EventRecordID>784</EventRecordID>
<Correlation ActivityID="" RelatedActivityID=""></Correlation>
<Execution ProcessID="1180" ThreadID="4804"></Execution>
<Channel>Microsoft-Windows-PrintService/Operational</Channel>
<Computer>psusrvkr.siaint.ru</Computer>
<Security UserID="S-1-5-21-1881554536-3269615630-2240278496-9809"></Security>
</System>
<UserData><DocumentPrinted xmlns:auto-ns3="http://schemas.microsoft.com/win/2004/08/events" xmlns="http://manifests.microsoft.com/win/2005/08/windows/printing/spooler/core/events"><Param1>204</Param1>
<Param2>&#1050;&#1088;&#1072;&#1089;&#1085;&#1086;&#1076;&#1072;&#1088; &#1043;&#1057;&#1050; 90 06 05 2019 (2).xlsx</Param2>
<Param3>brindin_sv</Param3>
<Param4>KRMPZX654</Param4>
<Param5>krd001242</Param5>
<Param6>IP_192.168.152.43</Param6>
<Param7>103328</Param7>
<Param8>1</Param8>
</DocumentPrinted>
</UserData>
</Event>
<Event xmlns="http://schemas.microsoft.com/win/2004/08/events/event"><System><Provider Name="Microsoft-Windows-PrintService" Guid="{747ef6fd-e535-4d16-b510-42c90f6873a1}"></Provider>
<EventID Qualifiers="">307</EventID>
<Version>0</Version>
<Level>4</Level>
<Task>26</Task>
<Opcode>11</Opcode>
<Keywords>0x4000000000000840</Keywords>
<TimeCreated SystemTime="2019-04-30 14:05:02.191696"></TimeCreated>
<EventRecordID>789</EventRecordID>
<Correlation ActivityID="" RelatedActivityID=""></Correlation>
<Execution ProcessID="1180" ThreadID="4672"></Execution>
<Channel>Microsoft-Windows-PrintService/Operational</Channel>
<Computer>psusrvkr.siaint.ru</Computer>
<Security UserID="S-1-5-21-1881554536-3269615630-2240278496-7289"></Security>
</System>
<UserData><DocumentPrinted xmlns:auto-ns3="http://schemas.microsoft.com/win/2004/08/events" xmlns="http://manifests.microsoft.com/win/2005/08/windows/printing/spooler/core/events"><Param1>205</Param1>
<Param2>&#1050;&#1055;&#1069; &#1054;&#1057;  &#1089; 01 02 2019 v 1.xlsx</Param2>
<Param3>konstantinova_ls</Param3>
<Param4>KRMPZX505</Param4>
<Param5>Office_mb1</Param5>
<Param6>IP_192.168.152.52</Param6>
<Param7>52340</Param7>
<Param8>1</Param8>
</DocumentPrinted>
</UserData>
</Event>
<Event xmlns="http://schemas.microsoft.com/win/2004/08/events/event"><System><Provider Name="Microsoft-Windows-PrintService" Guid="{747ef6fd-e535-4d16-b510-42c90f6873a1}"></Provider>
<EventID Qualifiers="">307</EventID>
<Version>0</Version>
<Level>4</Level>
<Task>26</Task>
<Opcode>11</Opcode>
<Keywords>0x4000000000000840</Keywords>
<TimeCreated SystemTime="2019-04-30 14:05:32.786034"></TimeCreated>
<EventRecordID>794</EventRecordID>
<Correlation ActivityID="" RelatedActivityID=""></Correlation>
<Execution ProcessID="1180" ThreadID="3780"></Execution>
<Channel>Microsoft-Windows-PrintService/Operational</Channel>
<Computer>psusrvkr.siaint.ru</Computer>
<Security UserID="S-1-5-21-1881554536-3269615630-2240278496-17127"></Security>
</System>
<UserData><DocumentPrinted xmlns:auto-ns3="http://schemas.microsoft.com/win/2004/08/events" xmlns="http://manifests.microsoft.com/win/2005/08/windows/printing/spooler/core/events"><Param1>206</Param1>
<Param2>&#1050;&#1055;&#1069; &#1054;&#1057;  &#1089; 01 02 2019 (3).xlsx</Param2>
<Param3>boriskina.no</Param3>
<Param4>KRMPZX648</Param4>
<Param5>Office_mb3</Param5>
<Param6>IP_192.168.152.52</Param6>
<Param7>57284</Param7>
<Param8>1</Param8>
</DocumentPrinted>
</UserData>
</Event>
<Event xmlns="http://schemas.microsoft.com/win/2004/08/events/event"><System><Provider Name="Microsoft-Windows-PrintService" Guid="{747ef6fd-e535-4d16-b510-42c90f6873a1}"></Provider>
<EventID Qualifiers="">307</EventID>
<Version>0</Version>
<Level>4</Level>
<Task>26</Task>
<Opcode>11</Opcode>
<Keywords>0x4000000000000840</Keywords>
<TimeCreated SystemTime="2019-04-30 14:19:07.176668"></TimeCreated>
<EventRecordID>799</EventRecordID>
<Correlation ActivityID="" RelatedActivityID=""></Correlation>
<Execution ProcessID="1180" ThreadID="2584"></Execution>
<Channel>Microsoft-Windows-PrintService/Operational</Channel>
<Computer>psusrvkr.siaint.ru</Computer>
<Security UserID="S-1-5-21-1881554536-3269615630-2240278496-10914"></Security>
</System>
<UserData><DocumentPrinted xmlns:auto-ns3="http://schemas.microsoft.com/win/2004/08/events" xmlns="http://manifests.microsoft.com/win/2005/08/windows/printing/spooler/core/events"><Param1>207</Param1>
<Param2>Microsoft Word - &#1040;&#1082;&#1090; &#1087;&#1088;&#1080;&#1077;&#1084;&#1072; &#1087;&#1077;&#1088;&#1077;&#1076;&#1072;&#1095;&#1080; 201 &#1072;&#1091;&#1082;</Param2>
<Param3>malafeeva_mm</Param3>
<Param4>KRMPZX634</Param4>
<Param5>Office_mb2</Param5>
<Param6>IP_192.168.152.52</Param6>
<Param7>123458</Param7>
<Param8>1</Param8>
</DocumentPrinted>
</UserData>
</Event>
<Event xmlns="http://schemas.microsoft.com/win/2004/08/events/event"><System><Provider Name="Microsoft-Windows-PrintService" Guid="{747ef6fd-e535-4d16-b510-42c90f6873a1}"></Provider>
<EventID Qualifiers="">307</EventID>
<Version>0</Version>
<Level>4</Level>
<Task>26</Task>
<Opcode>11</Opcode>
<Keywords>0x4000000000000840</Keywords>
<TimeCreated SystemTime="2019-04-30 14:20:05.115280"></TimeCreated>
<EventRecordID>804</EventRecordID>
<Correlation ActivityID="" RelatedActivityID=""></Correlation>
<Execution ProcessID="1180" ThreadID="2460"></Execution>
<Channel>Microsoft-Windows-PrintService/Operational</Channel>
<Computer>psusrvkr.siaint.ru</Computer>
<Security UserID="S-1-5-21-1881554536-3269615630-2240278496-10914"></Security>
</System>
<UserData><DocumentPrinted xmlns:auto-ns3="http://schemas.microsoft.com/win/2004/08/events" xmlns="http://manifests.microsoft.com/win/2005/08/windows/printing/spooler/core/events"><Param1>208</Param1>
<Param2>&#1050;&#1080;&#1090;&#1088;&#1091;&#1076;&#1072; 8302609002.pdf</Param2>
<Param3>malafeeva_mm</Param3>
<Param4>KRMPZX634</Param4>
<Param5>Office_mb2</Param5>
<Param6>IP_192.168.152.52</Param6>
<Param7>5925476</Param7>
<Param8>4</Param8>
</DocumentPrinted>
</UserData>
</Event>
<Event xmlns="http://schemas.microsoft.com/win/2004/08/events/event"><System><Provider Name="Microsoft-Windows-PrintService" Guid="{747ef6fd-e535-4d16-b510-42c90f6873a1}"></Provider>
<EventID Qualifiers="">307</EventID>
<Version>0</Version>
<Level>4</Level>
<Task>26</Task>
<Opcode>11</Opcode>
<Keywords>0x4000000000000840</Keywords>
<TimeCreated SystemTime="2019-04-30 14:22:30.899330"></TimeCreated>
<EventRecordID>810</EventRecordID>
<Correlation ActivityID="" RelatedActivityID=""></Correlation>
<Execution ProcessID="1180" ThreadID="3772"></Execution>
<Channel>Microsoft-Windows-PrintService/Operational</Channel>
<Computer>psusrvkr.siaint.ru</Computer>
<Security UserID="S-1-5-21-1881554536-3269615630-2240278496-10914"></Security>
</System>
<UserData><DocumentPrinted xmlns:auto-ns3="http://schemas.microsoft.com/win/2004/08/events" xmlns="http://manifests.microsoft.com/win/2005/08/windows/printing/spooler/core/events"><Param1>209</Param1>
<Param2>&#1051;&#1055;-003972-010818[2018]_1.pdf</Param2>
<Param3>malafeeva_mm</Param3>
<Param4>KRMPZX634</Param4>
<Param5>Office_mb2</Param5>
<Param6>IP_192.168.152.52</Param6>
<Param7>44213617</Param7>
<Param8>25</Param8>
</DocumentPrinted>
</UserData>
</Event>
<Event xmlns="http://schemas.microsoft.com/win/2004/08/events/event"><System><Provider Name="Microsoft-Windows-PrintService" Guid="{747ef6fd-e535-4d16-b510-42c90f6873a1}"></Provider>
<EventID Qualifiers="">307</EventID>
<Version>0</Version>
<Level>4</Level>
<Task>26</Task>
<Opcode>11</Opcode>
<Keywords>0x4000000000000840</Keywords>
<TimeCreated SystemTime="2019-04-30 14:22:33.961889"></TimeCreated>
<EventRecordID>814</EventRecordID>
<Correlation ActivityID="" RelatedActivityID=""></Correlation>
<Execution ProcessID="1180" ThreadID="3772"></Execution>
<Channel>Microsoft-Windows-PrintService/Operational</Channel>
<Computer>psusrvkr.siaint.ru</Computer>
<Security UserID="S-1-5-21-1881554536-3269615630-2240278496-10914"></Security>
</System>
<UserData><DocumentPrinted xmlns:auto-ns3="http://schemas.microsoft.com/win/2004/08/events" xmlns="http://manifests.microsoft.com/win/2005/08/windows/printing/spooler/core/events"><Param1>210</Param1>
<Param2>&#1055;&#1088;&#1080;&#1083;&#1086;&#1078;&#1077;&#1085;&#1080;&#1077;.xls</Param2>
<Param3>malafeeva_mm</Param3>
<Param4>KRMPZX634</Param4>
<Param5>Office_mb2</Param5>
<Param6>IP_192.168.152.52</Param6>
<Param7>68596</Param7>
<Param8>1</Param8>
</DocumentPrinted>
</UserData>
</Event>
<Event xmlns="http://schemas.microsoft.com/win/2004/08/events/event"><System><Provider Name="Microsoft-Windows-PrintService" Guid="{747ef6fd-e535-4d16-b510-42c90f6873a1}"></Provider>
<EventID Qualifiers="">307</EventID>
<Version>0</Version>
<Level>4</Level>
<Task>26</Task>
<Opcode>11</Opcode>
<Keywords>0x4000000000000840</Keywords>
<TimeCreated SystemTime="2019-04-30 14:22:52.868502"></TimeCreated>
<EventRecordID>819</EventRecordID>
<Correlation ActivityID="" RelatedActivityID=""></Correlation>
<Execution ProcessID="1180" ThreadID="652"></Execution>
<Channel>Microsoft-Windows-PrintService/Operational</Channel>
<Computer>psusrvkr.siaint.ru</Computer>
<Security UserID="S-1-5-21-1881554536-3269615630-2240278496-10914"></Security>
</System>
<UserData><DocumentPrinted xmlns:auto-ns3="http://schemas.microsoft.com/win/2004/08/events" xmlns="http://manifests.microsoft.com/win/2005/08/windows/printing/spooler/core/events"><Param1>211</Param1>
<Param2>&#1055;&#1088;&#1086;&#1090;&#1086;&#1082;&#1086;&#1083;.xls</Param2>
<Param3>malafeeva_mm</Param3>
<Param4>KRMPZX634</Param4>
<Param5>Office_mb2</Param5>
<Param6>IP_192.168.152.52</Param6>
<Param7>350840</Param7>
<Param8>1</Param8>
</DocumentPrinted>
</UserData>
</Event>
<Event xmlns="http://schemas.microsoft.com/win/2004/08/events/event"><System><Provider Name="Microsoft-Windows-PrintService" Guid="{747ef6fd-e535-4d16-b510-42c90f6873a1}"></Provider>
<EventID Qualifiers="">307</EventID>
<Version>0</Version>
<Level>4</Level>
<Task>26</Task>
<Opcode>11</Opcode>
<Keywords>0x4000000000000840</Keywords>
<TimeCreated SystemTime="2019-04-30 14:23:14.103285"></TimeCreated>
<EventRecordID>824</EventRecordID>
<Correlation ActivityID="" RelatedActivityID=""></Correlation>
<Execution ProcessID="1180" ThreadID="5036"></Execution>
<Channel>Microsoft-Windows-PrintService/Operational</Channel>
<Computer>psusrvkr.siaint.ru</Computer>
<Security UserID="S-1-5-21-1881554536-3269615630-2240278496-10914"></Security>
</System>
<UserData><DocumentPrinted xmlns:auto-ns3="http://schemas.microsoft.com/win/2004/08/events" xmlns="http://manifests.microsoft.com/win/2005/08/windows/printing/spooler/core/events"><Param1>212</Param1>
<Param2>&#1056;&#1059; &#1050;&#1080;&#1090;&#1088;&#1091;&#1076;&#1072;.pdf</Param2>
<Param3>malafeeva_mm</Param3>
<Param4>KRMPZX634</Param4>
<Param5>Office_mb2</Param5>
<Param6>IP_192.168.152.52</Param6>
<Param7>4086664</Param7>
<Param8>2</Param8>
</DocumentPrinted>
</UserData>
</Event>
<Event xmlns="http://schemas.microsoft.com/win/2004/08/events/event"><System><Provider Name="Microsoft-Windows-PrintService" Guid="{747ef6fd-e535-4d16-b510-42c90f6873a1}"></Provider>
<EventID Qualifiers="">307</EventID>
<Version>0</Version>
<Level>4</Level>
<Task>26</Task>
<Opcode>11</Opcode>
<Keywords>0x4000000000000840</Keywords>
<TimeCreated SystemTime="2019-04-30 14:23:26.712902"></TimeCreated>
<EventRecordID>829</EventRecordID>
<Correlation ActivityID="" RelatedActivityID=""></Correlation>
<Execution ProcessID="1180" ThreadID="4956"></Execution>
<Channel>Microsoft-Windows-PrintService/Operational</Channel>
<Computer>psusrvkr.siaint.ru</Computer>
<Security UserID="S-1-5-21-1881554536-3269615630-2240278496-10914"></Security>
</System>
<UserData><DocumentPrinted xmlns:auto-ns3="http://schemas.microsoft.com/win/2004/08/events" xmlns="http://manifests.microsoft.com/win/2005/08/windows/printing/spooler/core/events"><Param1>213</Param1>
<Param2>&#1057;&#1095;&#1077;&#1090; &#1092;&#1072;&#1082;&#1090;&#1091;&#1088;&#1072;.xls</Param2>
<Param3>malafeeva_mm</Param3>
<Param4>KRMPZX634</Param4>
<Param5>Office_mb2</Param5>
<Param6>IP_192.168.152.52</Param6>
<Param7>806396</Param7>
<Param8>1</Param8>
</DocumentPrinted>
</UserData>
</Event>
<Event xmlns="http://schemas.microsoft.com/win/2004/08/events/event"><System><Provider Name="Microsoft-Windows-PrintService" Guid="{747ef6fd-e535-4d16-b510-42c90f6873a1}"></Provider>
<EventID Qualifiers="">307</EventID>
<Version>0</Version>
<Level>4</Level>
<Task>26</Task>
<Opcode>11</Opcode>
<Keywords>0x4000000000000840</Keywords>
<TimeCreated SystemTime="2019-04-30 14:23:39.103764"></TimeCreated>
<EventRecordID>834</EventRecordID>
<Correlation ActivityID="" RelatedActivityID=""></Correlation>
<Execution ProcessID="1180" ThreadID="4340"></Execution>
<Channel>Microsoft-Windows-PrintService/Operational</Channel>
<Computer>psusrvkr.siaint.ru</Computer>
<Security UserID="S-1-5-21-1881554536-3269615630-2240278496-10914"></Security>
</System>
<UserData><DocumentPrinted xmlns:auto-ns3="http://schemas.microsoft.com/win/2004/08/events" xmlns="http://manifests.microsoft.com/win/2005/08/windows/printing/spooler/core/events"><Param1>214</Param1>
<Param2>&#1057;&#1095;&#1077;&#1090;.xls</Param2>
<Param3>malafeeva_mm</Param3>
<Param4>KRMPZX634</Param4>
<Param5>Office_mb2</Param5>
<Param6>IP_192.168.152.52</Param6>
<Param7>371000</Param7>
<Param8>1</Param8>
</DocumentPrinted>
</UserData>
</Event>
<Event xmlns="http://schemas.microsoft.com/win/2004/08/events/event"><System><Provider Name="Microsoft-Windows-PrintService" Guid="{747ef6fd-e535-4d16-b510-42c90f6873a1}"></Provider>
<EventID Qualifiers="">307</EventID>
<Version>0</Version>
<Level>4</Level>
<Task>26</Task>
<Opcode>11</Opcode>
<Keywords>0x4000000000000840</Keywords>
<TimeCreated SystemTime="2019-04-30 14:23:54.119678"></TimeCreated>
<EventRecordID>839</EventRecordID>
<Correlation ActivityID="" RelatedActivityID=""></Correlation>
<Execution ProcessID="1180" ThreadID="3372"></Execution>
<Channel>Microsoft-Windows-PrintService/Operational</Channel>
<Computer>psusrvkr.siaint.ru</Computer>
<Security UserID="S-1-5-21-1881554536-3269615630-2240278496-10914"></Security>
</System>
<UserData><DocumentPrinted xmlns:auto-ns3="http://schemas.microsoft.com/win/2004/08/events" xmlns="http://manifests.microsoft.com/win/2005/08/windows/printing/spooler/core/events"><Param1>215</Param1>
<Param2>&#1058;&#1086;&#1088;&#1075; 12 201 &#1072;&#1091;&#1082;..xls</Param2>
<Param3>malafeeva_mm</Param3>
<Param4>KRMPZX634</Param4>
<Param5>Office_mb2</Param5>
<Param6>IP_192.168.152.52</Param6>
<Param7>764508</Param7>
<Param8>1</Param8>
</DocumentPrinted>
</UserData>
</Event>
<Event xmlns="http://schemas.microsoft.com/win/2004/08/events/event"><System><Provider Name="Microsoft-Windows-PrintService" Guid="{747ef6fd-e535-4d16-b510-42c90f6873a1}"></Provider>
<EventID Qualifiers="">307</EventID>
<Version>0</Version>
<Level>4</Level>
<Task>26</Task>
<Opcode>11</Opcode>
<Keywords>0x4000000000000840</Keywords>
<TimeCreated SystemTime="2019-04-30 14:30:28.596003"></TimeCreated>
<EventRecordID>844</EventRecordID>
<Correlation ActivityID="" RelatedActivityID=""></Correlation>
<Execution ProcessID="1180" ThreadID="4460"></Execution>
<Channel>Microsoft-Windows-PrintService/Operational</Channel>
<Computer>psusrvkr.siaint.ru</Computer>
<Security UserID="S-1-5-21-1881554536-3269615630-2240278496-10914"></Security>
</System>
<UserData><DocumentPrinted xmlns:auto-ns3="http://schemas.microsoft.com/win/2004/08/events" xmlns="http://manifests.microsoft.com/win/2005/08/windows/printing/spooler/core/events"><Param1>216</Param1>
<Param2>Microsoft Word - &#1047;&#1072;&#1103;&#1074;&#1082;&#1072; 15 06 09 2018 _&#1062;_&#1051;&#1080;&#1075;&#1072; &#1092;&#1072;&#1088;&#1084; 22_</Param2>
<Param3>malafeeva_mm</Param3>
<Param4>KRMPZX634</Param4>
<Param5>Office_mb2</Param5>
<Param6>IP_192.168.152.52</Param6>
<Param7>69573</Param7>
<Param8>1</Param8>
</DocumentPrinted>
</UserData>
</Event>
<Event xmlns="http://schemas.microsoft.com/win/2004/08/events/event"><System><Provider Name="Microsoft-Windows-PrintService" Guid="{747ef6fd-e535-4d16-b510-42c90f6873a1}"></Provider>
<EventID Qualifiers="">307</EventID>
<Version>0</Version>
<Level>4</Level>
<Task>26</Task>
<Opcode>11</Opcode>
<Keywords>0x4000000000000840</Keywords>
<TimeCreated SystemTime="2019-04-30 14:30:51.127684"></TimeCreated>
<EventRecordID>849</EventRecordID>
<Correlation ActivityID="" RelatedActivityID=""></Correlation>
<Execution ProcessID="1180" ThreadID="2032"></Execution>
<Channel>Microsoft-Windows-PrintService/Operational</Channel>
<Computer>psusrvkr.siaint.ru</Computer>
<Security UserID="S-1-5-21-1881554536-3269615630-2240278496-10914"></Security>
</System>
<UserData><DocumentPrinted xmlns:auto-ns3="http://schemas.microsoft.com/win/2004/08/events" xmlns="http://manifests.microsoft.com/win/2005/08/windows/printing/spooler/core/events"><Param1>217</Param1>
<Param2>Microsoft Word - &#1047;&#1072;&#1103;&#1074;&#1082;&#1072; 16 10 09 2018 _&#1062;_&#1051;&#1080;&#1075;&#1072; &#1092;&#1072;&#1088;&#1084; 23_</Param2>
<Param3>malafeeva_mm</Param3>
<Param4>KRMPZX634</Param4>
<Param5>Office_mb2</Param5>
<Param6>IP_192.168.152.52</Param6>
<Param7>67515</Param7>
<Param8>1</Param8>
</DocumentPrinted>
</UserData>
</Event>
<Event xmlns="http://schemas.microsoft.com/win/2004/08/events/event"><System><Provider Name="Microsoft-Windows-PrintService" Guid="{747ef6fd-e535-4d16-b510-42c90f6873a1}"></Provider>
<EventID Qualifiers="">307</EventID>
<Version>0</Version>
<Level>4</Level>
<Task>26</Task>
<Opcode>11</Opcode>
<Keywords>0x4000000000000840</Keywords>
<TimeCreated SystemTime="2019-04-30 14:31:01.706013"></TimeCreated>
<EventRecordID>854</EventRecordID>
<Correlation ActivityID="" RelatedActivityID=""></Correlation>
<Execution ProcessID="1180" ThreadID="4444"></Execution>
<Channel>Microsoft-Windows-PrintService/Operational</Channel>
<Computer>psusrvkr.siaint.ru</Computer>
<Security UserID="S-1-5-21-1881554536-3269615630-2240278496-10914"></Security>
</System>
<UserData><DocumentPrinted xmlns:auto-ns3="http://schemas.microsoft.com/win/2004/08/events" xmlns="http://manifests.microsoft.com/win/2005/08/windows/printing/spooler/core/events"><Param1>218</Param1>
<Param2>Microsoft Word - &#1047;&#1072;&#1103;&#1074;&#1082;&#1072; 17 12 09 2018_ &#1062; &#1083;&#1080;&#1075;&#1072; &#1092;&#1072;&#1088;&#1084; 24_</Param2>
<Param3>malafeeva_mm</Param3>
<Param4>KRMPZX634</Param4>
<Param5>Office_mb2</Param5>
<Param6>IP_192.168.152.52</Param6>
<Param7>68436</Param7>
<Param8>1</Param8>
</DocumentPrinted>
</UserData>
</Event>
<Event xmlns="http://schemas.microsoft.com/win/2004/08/events/event"><System><Provider Name="Microsoft-Windows-PrintService" Guid="{747ef6fd-e535-4d16-b510-42c90f6873a1}"></Provider>
<EventID Qualifiers="">307</EventID>
<Version>0</Version>
<Level>4</Level>
<Task>26</Task>
<Opcode>11</Opcode>
<Keywords>0x4000000000000840</Keywords>
<TimeCreated SystemTime="2019-04-30 14:31:14.049999"></TimeCreated>
<EventRecordID>859</EventRecordID>
<Correlation ActivityID="" RelatedActivityID=""></Correlation>
<Execution ProcessID="1180" ThreadID="2684"></Execution>
<Channel>Microsoft-Windows-PrintService/Operational</Channel>
<Computer>psusrvkr.siaint.ru</Computer>
<Security UserID="S-1-5-21-1881554536-3269615630-2240278496-10914"></Security>
</System>
<UserData><DocumentPrinted xmlns:auto-ns3="http://schemas.microsoft.com/win/2004/08/events" xmlns="http://manifests.microsoft.com/win/2005/08/windows/printing/spooler/core/events"><Param1>219</Param1>
<Param2>Microsoft Word - &#1047;&#1072;&#1103;&#1074;&#1082;&#1072; 18 19 09 2018 _&#1051;&#1080;&#1075;&#1072; &#1092;&#1072;&#1088;&#1084; 25_</Param2>
<Param3>malafeeva_mm</Param3>
<Param4>KRMPZX634</Param4>
<Param5>Office_mb2</Param5>
<Param6>IP_192.168.152.52</Param6>
<Param7>68001</Param7>
<Param8>1</Param8>
</DocumentPrinted>
</UserData>
</Event>
<Event xmlns="http://schemas.microsoft.com/win/2004/08/events/event"><System><Provider Name="Microsoft-Windows-PrintService" Guid="{747ef6fd-e535-4d16-b510-42c90f6873a1}"></Provider>
<EventID Qualifiers="">307</EventID>
<Version>0</Version>
<Level>4</Level>
<Task>26</Task>
<Opcode>11</Opcode>
<Keywords>0x4000000000000840</Keywords>
<TimeCreated SystemTime="2019-04-30 14:31:26.159607"></TimeCreated>
<EventRecordID>864</EventRecordID>
<Correlation ActivityID="" RelatedActivityID=""></Correlation>
<Execution ProcessID="1180" ThreadID="2396"></Execution>
<Channel>Microsoft-Windows-PrintService/Operational</Channel>
<Computer>psusrvkr.siaint.ru</Computer>
<Security UserID="S-1-5-21-1881554536-3269615630-2240278496-10914"></Security>
</System>
<UserData><DocumentPrinted xmlns:auto-ns3="http://schemas.microsoft.com/win/2004/08/events" xmlns="http://manifests.microsoft.com/win/2005/08/windows/printing/spooler/core/events"><Param1>220</Param1>
<Param2>Microsoft Word - &#1047;&#1072;&#1103;&#1074;&#1082;&#1072; 19 24 09 2018 _&#1051;&#1080;&#1075;&#1072; &#1092;&#1072;&#1088;&#1084; 26_</Param2>
<Param3>malafeeva_mm</Param3>
<Param4>KRMPZX634</Param4>
<Param5>Office_mb2</Param5>
<Param6>IP_192.168.152.52</Param6>
<Param7>66918</Param7>
<Param8>1</Param8>
</DocumentPrinted>
</UserData>
</Event>
<Event xmlns="http://schemas.microsoft.com/win/2004/08/events/event"><System><Provider Name="Microsoft-Windows-PrintService" Guid="{747ef6fd-e535-4d16-b510-42c90f6873a1}"></Provider>
<EventID Qualifiers="">307</EventID>
<Version>0</Version>
<Level>4</Level>
<Task>26</Task>
<Opcode>11</Opcode>
<Keywords>0x4000000000000840</Keywords>
<TimeCreated SystemTime="2019-04-30 14:31:40.597385"></TimeCreated>
<EventRecordID>869</EventRecordID>
<Correlation ActivityID="" RelatedActivityID=""></Correlation>
<Execution ProcessID="1180" ThreadID="4872"></Execution>
<Channel>Microsoft-Windows-PrintService/Operational</Channel>
<Computer>psusrvkr.siaint.ru</Computer>
<Security UserID="S-1-5-21-1881554536-3269615630-2240278496-10914"></Security>
</System>
<UserData><DocumentPrinted xmlns:auto-ns3="http://schemas.microsoft.com/win/2004/08/events" xmlns="http://manifests.microsoft.com/win/2005/08/windows/printing/spooler/core/events"><Param1>221</Param1>
<Param2>Microsoft Word - &#1047;&#1072;&#1103;&#1074;&#1082;&#1072; 20 28 09 2018 _&#1062;_&#1083;&#1080;&#1075;&#1072; &#1092;&#1072;&#1088;&#1084; 27_</Param2>
<Param3>malafeeva_mm</Param3>
<Param4>KRMPZX634</Param4>
<Param5>Office_mb2</Param5>
<Param6>IP_192.168.152.52</Param6>
<Param7>67905</Param7>
<Param8>1</Param8>
</DocumentPrinted>
</UserData>
</Event>
<Event xmlns="http://schemas.microsoft.com/win/2004/08/events/event"><System><Provider Name="Microsoft-Windows-PrintService" Guid="{747ef6fd-e535-4d16-b510-42c90f6873a1}"></Provider>
<EventID Qualifiers="">307</EventID>
<Version>0</Version>
<Level>4</Level>
<Task>26</Task>
<Opcode>11</Opcode>
<Keywords>0x4000000000000840</Keywords>
<TimeCreated SystemTime="2019-04-30 14:31:54.566402"></TimeCreated>
<EventRecordID>874</EventRecordID>
<Correlation ActivityID="" RelatedActivityID=""></Correlation>
<Execution ProcessID="1180" ThreadID="3704"></Execution>
<Channel>Microsoft-Windows-PrintService/Operational</Channel>
<Computer>psusrvkr.siaint.ru</Computer>
<Security UserID="S-1-5-21-1881554536-3269615630-2240278496-10914"></Security>
</System>
<UserData><DocumentPrinted xmlns:auto-ns3="http://schemas.microsoft.com/win/2004/08/events" xmlns="http://manifests.microsoft.com/win/2005/08/windows/printing/spooler/core/events"><Param1>222</Param1>
<Param2>Microsoft Word - &#1047;&#1072;&#1103;&#1074;&#1082;&#1072; &#8470;22  08 10 18_&#1051;&#1080;&#1075;&#1072; &#1092;&#1072;&#1088;&#1084; 29_</Param2>
<Param3>malafeeva_mm</Param3>
<Param4>KRMPZX634</Param4>
<Param5>Office_mb2</Param5>
<Param6>IP_192.168.152.52</Param6>
<Param7>124948</Param7>
<Param8>2</Param8>
</DocumentPrinted>
</UserData>
</Event>
<Event xmlns="http://schemas.microsoft.com/win/2004/08/events/event"><System><Provider Name="Microsoft-Windows-PrintService" Guid="{747ef6fd-e535-4d16-b510-42c90f6873a1}"></Provider>
<EventID Qualifiers="">307</EventID>
<Version>0</Version>
<Level>4</Level>
<Task>26</Task>
<Opcode>11</Opcode>
<Keywords>0x4000000000000840</Keywords>
<TimeCreated SystemTime="2019-04-30 14:33:36.708988"></TimeCreated>
<EventRecordID>879</EventRecordID>
<Correlation ActivityID="" RelatedActivityID=""></Correlation>
<Execution ProcessID="1180" ThreadID="1192"></Execution>
<Channel>Microsoft-Windows-PrintService/Operational</Channel>
<Computer>psusrvkr.siaint.ru</Computer>
<Security UserID="S-1-5-21-1881554536-3269615630-2240278496-10914"></Security>
</System>
<UserData><DocumentPrinted xmlns:auto-ns3="http://schemas.microsoft.com/win/2004/08/events" xmlns="http://manifests.microsoft.com/win/2005/08/windows/printing/spooler/core/events"><Param1>223</Param1>
<Param2>Microsoft Office Outlook - &#1047;&#1072;&#1084;&#1077;&#1090;&#1082;&#1072;</Param2>
<Param3>malafeeva_mm</Param3>
<Param4>KRMPZX634</Param4>
<Param5>Office_mb2</Param5>
<Param6>IP_192.168.152.52</Param6>
<Param7>65553</Param7>
<Param8>1</Param8>
</DocumentPrinted>
</UserData>
</Event>
<Event xmlns="http://schemas.microsoft.com/win/2004/08/events/event"><System><Provider Name="Microsoft-Windows-PrintService" Guid="{747ef6fd-e535-4d16-b510-42c90f6873a1}"></Provider>
<EventID Qualifiers="">307</EventID>
<Version>0</Version>
<Level>4</Level>
<Task>26</Task>
<Opcode>11</Opcode>
<Keywords>0x4000000000000840</Keywords>
<TimeCreated SystemTime="2019-04-30 14:35:08.570127"></TimeCreated>
<EventRecordID>884</EventRecordID>
<Correlation ActivityID="" RelatedActivityID=""></Correlation>
<Execution ProcessID="1180" ThreadID="4960"></Execution>
<Channel>Microsoft-Windows-PrintService/Operational</Channel>
<Computer>psusrvkr.siaint.ru</Computer>
<Security UserID="S-1-5-21-1881554536-3269615630-2240278496-10914"></Security>
</System>
<UserData><DocumentPrinted xmlns:auto-ns3="http://schemas.microsoft.com/win/2004/08/events" xmlns="http://manifests.microsoft.com/win/2005/08/windows/printing/spooler/core/events"><Param1>224</Param1>
<Param2>&#1062;_&#1056;&#1077;&#1076;&#1076;&#1080;&#1089;9_1.pdf</Param2>
<Param3>malafeeva_mm</Param3>
<Param4>KRMPZX634</Param4>
<Param5>Office_mb2</Param5>
<Param6>IP_192.168.152.52</Param6>
<Param7>69517537</Param7>
<Param8>19</Param8>
</DocumentPrinted>
</UserData>
</Event>
<Event xmlns="http://schemas.microsoft.com/win/2004/08/events/event"><System><Provider Name="Microsoft-Windows-PrintService" Guid="{747ef6fd-e535-4d16-b510-42c90f6873a1}"></Provider>
<EventID Qualifiers="">307</EventID>
<Version>0</Version>
<Level>4</Level>
<Task>26</Task>
<Opcode>11</Opcode>
<Keywords>0x4000000000000840</Keywords>
<TimeCreated SystemTime="2019-04-30 14:51:13.510529"></TimeCreated>
<EventRecordID>889</EventRecordID>
<Correlation ActivityID="" RelatedActivityID=""></Correlation>
<Execution ProcessID="1180" ThreadID="3704"></Execution>
<Channel>Microsoft-Windows-PrintService/Operational</Channel>
<Computer>psusrvkr.siaint.ru</Computer>
<Security UserID="S-1-5-21-1881554536-3269615630-2240278496-7289"></Security>
</System>
<UserData><DocumentPrinted xmlns:auto-ns3="http://schemas.microsoft.com/win/2004/08/events" xmlns="http://manifests.microsoft.com/win/2005/08/windows/printing/spooler/core/events"><Param1>225</Param1>
<Param2>&#1040;&#1082;&#1090; &#1074;&#1099;&#1074;&#1077;&#1088;&#1082;&#1080;&#1050;&#1072;&#1073;&#1083;&#1072;&#1093;&#1086;&#1074;&#1072;.xls</Param2>
<Param3>konstantinova_ls</Param3>
<Param4>KRMPZX505</Param4>
<Param5>Office_mb1</Param5>
<Param6>IP_192.168.152.52</Param6>
<Param7>136792</Param7>
<Param8>1</Param8>
</DocumentPrinted>
</UserData>
</Event>
<Event xmlns="http://schemas.microsoft.com/win/2004/08/events/event"><System><Provider Name="Microsoft-Windows-PrintService" Guid="{747ef6fd-e535-4d16-b510-42c90f6873a1}"></Provider>
<EventID Qualifiers="">307</EventID>
<Version>0</Version>
<Level>4</Level>
<Task>26</Task>
<Opcode>11</Opcode>
<Keywords>0x4000000000000840</Keywords>
<TimeCreated SystemTime="2019-04-30 14:52:12.105404"></TimeCreated>
<EventRecordID>894</EventRecordID>
<Correlation ActivityID="" RelatedActivityID=""></Correlation>
<Execution ProcessID="1180" ThreadID="3896"></Execution>
<Channel>Microsoft-Windows-PrintService/Operational</Channel>
<Computer>psusrvkr.siaint.ru</Computer>
<Security UserID="S-1-5-21-1881554536-3269615630-2240278496-10914"></Security>
</System>
<UserData><DocumentPrinted xmlns:auto-ns3="http://schemas.microsoft.com/win/2004/08/events" xmlns="http://manifests.microsoft.com/win/2005/08/windows/printing/spooler/core/events"><Param1>226</Param1>
<Param2>Microsoft Word - &#1040;&#1082;&#1090; &#1087;&#1088;&#1080;&#1077;&#1084;&#1072; &#1087;&#1077;&#1088;&#1077;&#1076;&#1072;&#1095;&#1080; 202 &#1072;&#1091;&#1082;</Param2>
<Param3>malafeeva_mm</Param3>
<Param4>KRMPZX634</Param4>
<Param5>Office_mb2</Param5>
<Param6>IP_192.168.152.52</Param6>
<Param7>124034</Param7>
<Param8>1</Param8>
</DocumentPrinted>
</UserData>
</Event>
